ARM GAS  /var/folders/hm/d3zjjmsn0l94vys0c33c49nh0000gn/T//ccP4VILY.s 			page 1


   1              		.cpu cortex-m4
   2              		.eabi_attribute 27, 1
   3              		.eabi_attribute 28, 1
   4              		.eabi_attribute 20, 1
   5              		.eabi_attribute 21, 1
   6              		.eabi_attribute 23, 3
   7              		.eabi_attribute 24, 1
   8              		.eabi_attribute 25, 1
   9              		.eabi_attribute 26, 1
  10              		.eabi_attribute 30, 1
  11              		.eabi_attribute 34, 1
  12              		.eabi_attribute 18, 4
  13              		.file	"stm32f3xx_hal_msp.c"
  14              		.text
  15              	.Ltext0:
  16              		.cfi_sections	.debug_frame
  17              		.section	.text.HAL_MspInit,"ax",%progbits
  18              		.align	1
  19              		.global	HAL_MspInit
  20              		.syntax unified
  21              		.thumb
  22              		.thumb_func
  23              		.fpu fpv4-sp-d16
  25              	HAL_MspInit:
  26              	.LFB124:
  27              		.file 1 "Src/stm32f3xx_hal_msp.c"
   1:Src/stm32f3xx_hal_msp.c **** /**
   2:Src/stm32f3xx_hal_msp.c ****   ******************************************************************************
   3:Src/stm32f3xx_hal_msp.c ****   * File Name          : stm32f3xx_hal_msp.c
   4:Src/stm32f3xx_hal_msp.c ****   * Description        : This file provides code for the MSP Initialization 
   5:Src/stm32f3xx_hal_msp.c ****   *                      and de-Initialization codes.
   6:Src/stm32f3xx_hal_msp.c ****   ******************************************************************************
   7:Src/stm32f3xx_hal_msp.c ****   ** This notice applies to any and all portions of this file
   8:Src/stm32f3xx_hal_msp.c ****   * that are not between comment pairs USER CODE BEGIN and
   9:Src/stm32f3xx_hal_msp.c ****   * USER CODE END. Other portions of this file, whether 
  10:Src/stm32f3xx_hal_msp.c ****   * inserted by the user or by software development tools
  11:Src/stm32f3xx_hal_msp.c ****   * are owned by their respective copyright owners.
  12:Src/stm32f3xx_hal_msp.c ****   *
  13:Src/stm32f3xx_hal_msp.c ****   * COPYRIGHT(c) 2018 STMicroelectronics
  14:Src/stm32f3xx_hal_msp.c ****   *
  15:Src/stm32f3xx_hal_msp.c ****   * Redistribution and use in source and binary forms, with or without modification,
  16:Src/stm32f3xx_hal_msp.c ****   * are permitted provided that the following conditions are met:
  17:Src/stm32f3xx_hal_msp.c ****   *   1. Redistributions of source code must retain the above copyright notice,
  18:Src/stm32f3xx_hal_msp.c ****   *      this list of conditions and the following disclaimer.
  19:Src/stm32f3xx_hal_msp.c ****   *   2. Redistributions in binary form must reproduce the above copyright notice,
  20:Src/stm32f3xx_hal_msp.c ****   *      this list of conditions and the following disclaimer in the documentation
  21:Src/stm32f3xx_hal_msp.c ****   *      and/or other materials provided with the distribution.
  22:Src/stm32f3xx_hal_msp.c ****   *   3. Neither the name of STMicroelectronics nor the names of its contributors
  23:Src/stm32f3xx_hal_msp.c ****   *      may be used to endorse or promote products derived from this software
  24:Src/stm32f3xx_hal_msp.c ****   *      without specific prior written permission.
  25:Src/stm32f3xx_hal_msp.c ****   *
  26:Src/stm32f3xx_hal_msp.c ****   * THIS SOFTWARE IS PROVIDED BY THE COPYRIGHT HOLDERS AND CONTRIBUTORS "AS IS"
  27:Src/stm32f3xx_hal_msp.c ****   * AND ANY EXPRESS OR IMPLIED WARRANTIES, INCLUDING, BUT NOT LIMITED TO, THE
  28:Src/stm32f3xx_hal_msp.c ****   * IMPLIED WARRANTIES OF MERCHANTABILITY AND FITNESS FOR A PARTICULAR PURPOSE ARE
  29:Src/stm32f3xx_hal_msp.c ****   * DISCLAIMED. IN NO EVENT SHALL THE COPYRIGHT HOLDER OR CONTRIBUTORS BE LIABLE
  30:Src/stm32f3xx_hal_msp.c ****   * FOR ANY DIRECT, INDIRECT, INCIDENTAL, SPECIAL, EXEMPLARY, OR CONSEQUENTIAL
  31:Src/stm32f3xx_hal_msp.c ****   * DAMAGES (INCLUDING, BUT NOT LIMITED TO, PROCUREMENT OF SUBSTITUTE GOODS OR
ARM GAS  /var/folders/hm/d3zjjmsn0l94vys0c33c49nh0000gn/T//ccP4VILY.s 			page 2


  32:Src/stm32f3xx_hal_msp.c ****   * SERVICES; LOSS OF USE, DATA, OR PROFITS; OR BUSINESS INTERRUPTION) HOWEVER
  33:Src/stm32f3xx_hal_msp.c ****   * CAUSED AND ON ANY THEORY OF LIABILITY, WHETHER IN CONTRACT, STRICT LIABILITY,
  34:Src/stm32f3xx_hal_msp.c ****   * OR TORT (INCLUDING NEGLIGENCE OR OTHERWISE) ARISING IN ANY WAY OUT OF THE USE
  35:Src/stm32f3xx_hal_msp.c ****   * OF THIS SOFTWARE, EVEN IF ADVISED OF THE POSSIBILITY OF SUCH DAMAGE.
  36:Src/stm32f3xx_hal_msp.c ****   *
  37:Src/stm32f3xx_hal_msp.c ****   ******************************************************************************
  38:Src/stm32f3xx_hal_msp.c ****   */
  39:Src/stm32f3xx_hal_msp.c **** /* Includes ------------------------------------------------------------------*/
  40:Src/stm32f3xx_hal_msp.c **** #include "stm32f3xx_hal.h"
  41:Src/stm32f3xx_hal_msp.c **** 
  42:Src/stm32f3xx_hal_msp.c **** extern void _Error_Handler(char *, int);
  43:Src/stm32f3xx_hal_msp.c **** /* USER CODE BEGIN 0 */
  44:Src/stm32f3xx_hal_msp.c **** 
  45:Src/stm32f3xx_hal_msp.c **** /* USER CODE END 0 */
  46:Src/stm32f3xx_hal_msp.c **** /**
  47:Src/stm32f3xx_hal_msp.c ****   * Initializes the Global MSP.
  48:Src/stm32f3xx_hal_msp.c ****   */
  49:Src/stm32f3xx_hal_msp.c **** void HAL_MspInit(void)
  50:Src/stm32f3xx_hal_msp.c **** {
  28              		.loc 1 50 0
  29              		.cfi_startproc
  30              		@ args = 0, pretend = 0, frame = 8
  31              		@ frame_needed = 0, uses_anonymous_args = 0
  32 0000 00B5     		push	{lr}
  33              		.cfi_def_cfa_offset 4
  34              		.cfi_offset 14, -4
  35 0002 83B0     		sub	sp, sp, #12
  36              		.cfi_def_cfa_offset 16
  37              	.LBB2:
  51:Src/stm32f3xx_hal_msp.c ****   /* USER CODE BEGIN MspInit 0 */
  52:Src/stm32f3xx_hal_msp.c **** 
  53:Src/stm32f3xx_hal_msp.c ****   /* USER CODE END MspInit 0 */
  54:Src/stm32f3xx_hal_msp.c **** 
  55:Src/stm32f3xx_hal_msp.c ****   __HAL_RCC_SYSCFG_CLK_ENABLE();
  38              		.loc 1 55 0
  39 0004 1C4B     		ldr	r3, .L3
  40 0006 9A69     		ldr	r2, [r3, #24]
  41 0008 42F00102 		orr	r2, r2, #1
  42 000c 9A61     		str	r2, [r3, #24]
  43 000e 9B69     		ldr	r3, [r3, #24]
  44 0010 03F00103 		and	r3, r3, #1
  45 0014 0193     		str	r3, [sp, #4]
  46 0016 019B     		ldr	r3, [sp, #4]
  47              	.LBE2:
  56:Src/stm32f3xx_hal_msp.c **** 
  57:Src/stm32f3xx_hal_msp.c ****   HAL_NVIC_SetPriorityGrouping(NVIC_PRIORITYGROUP_4);
  48              		.loc 1 57 0
  49 0018 0320     		movs	r0, #3
  50 001a FFF7FEFF 		bl	HAL_NVIC_SetPriorityGrouping
  51              	.LVL0:
  58:Src/stm32f3xx_hal_msp.c **** 
  59:Src/stm32f3xx_hal_msp.c ****   /* System interrupt init*/
  60:Src/stm32f3xx_hal_msp.c ****   /* MemoryManagement_IRQn interrupt configuration */
  61:Src/stm32f3xx_hal_msp.c ****   HAL_NVIC_SetPriority(MemoryManagement_IRQn, 0, 0);
  52              		.loc 1 61 0
  53 001e 0022     		movs	r2, #0
  54 0020 1146     		mov	r1, r2
ARM GAS  /var/folders/hm/d3zjjmsn0l94vys0c33c49nh0000gn/T//ccP4VILY.s 			page 3


  55 0022 6FF00B00 		mvn	r0, #11
  56 0026 FFF7FEFF 		bl	HAL_NVIC_SetPriority
  57              	.LVL1:
  62:Src/stm32f3xx_hal_msp.c ****   /* BusFault_IRQn interrupt configuration */
  63:Src/stm32f3xx_hal_msp.c ****   HAL_NVIC_SetPriority(BusFault_IRQn, 0, 0);
  58              		.loc 1 63 0
  59 002a 0022     		movs	r2, #0
  60 002c 1146     		mov	r1, r2
  61 002e 6FF00A00 		mvn	r0, #10
  62 0032 FFF7FEFF 		bl	HAL_NVIC_SetPriority
  63              	.LVL2:
  64:Src/stm32f3xx_hal_msp.c ****   /* UsageFault_IRQn interrupt configuration */
  65:Src/stm32f3xx_hal_msp.c ****   HAL_NVIC_SetPriority(UsageFault_IRQn, 0, 0);
  64              		.loc 1 65 0
  65 0036 0022     		movs	r2, #0
  66 0038 1146     		mov	r1, r2
  67 003a 6FF00900 		mvn	r0, #9
  68 003e FFF7FEFF 		bl	HAL_NVIC_SetPriority
  69              	.LVL3:
  66:Src/stm32f3xx_hal_msp.c ****   /* SVCall_IRQn interrupt configuration */
  67:Src/stm32f3xx_hal_msp.c ****   HAL_NVIC_SetPriority(SVCall_IRQn, 0, 0);
  70              		.loc 1 67 0
  71 0042 0022     		movs	r2, #0
  72 0044 1146     		mov	r1, r2
  73 0046 6FF00400 		mvn	r0, #4
  74 004a FFF7FEFF 		bl	HAL_NVIC_SetPriority
  75              	.LVL4:
  68:Src/stm32f3xx_hal_msp.c ****   /* DebugMonitor_IRQn interrupt configuration */
  69:Src/stm32f3xx_hal_msp.c ****   HAL_NVIC_SetPriority(DebugMonitor_IRQn, 0, 0);
  76              		.loc 1 69 0
  77 004e 0022     		movs	r2, #0
  78 0050 1146     		mov	r1, r2
  79 0052 6FF00300 		mvn	r0, #3
  80 0056 FFF7FEFF 		bl	HAL_NVIC_SetPriority
  81              	.LVL5:
  70:Src/stm32f3xx_hal_msp.c ****   /* PendSV_IRQn interrupt configuration */
  71:Src/stm32f3xx_hal_msp.c ****   HAL_NVIC_SetPriority(PendSV_IRQn, 0, 0);
  82              		.loc 1 71 0
  83 005a 0022     		movs	r2, #0
  84 005c 1146     		mov	r1, r2
  85 005e 6FF00100 		mvn	r0, #1
  86 0062 FFF7FEFF 		bl	HAL_NVIC_SetPriority
  87              	.LVL6:
  72:Src/stm32f3xx_hal_msp.c ****   /* SysTick_IRQn interrupt configuration */
  73:Src/stm32f3xx_hal_msp.c ****   HAL_NVIC_SetPriority(SysTick_IRQn, 0, 0);
  88              		.loc 1 73 0
  89 0066 0022     		movs	r2, #0
  90 0068 1146     		mov	r1, r2
  91 006a 4FF0FF30 		mov	r0, #-1
  92 006e FFF7FEFF 		bl	HAL_NVIC_SetPriority
  93              	.LVL7:
  74:Src/stm32f3xx_hal_msp.c **** 
  75:Src/stm32f3xx_hal_msp.c ****   /* USER CODE BEGIN MspInit 1 */
  76:Src/stm32f3xx_hal_msp.c **** 
  77:Src/stm32f3xx_hal_msp.c ****   /* USER CODE END MspInit 1 */
  78:Src/stm32f3xx_hal_msp.c **** }
  94              		.loc 1 78 0
ARM GAS  /var/folders/hm/d3zjjmsn0l94vys0c33c49nh0000gn/T//ccP4VILY.s 			page 4


  95 0072 03B0     		add	sp, sp, #12
  96              		.cfi_def_cfa_offset 4
  97              		@ sp needed
  98 0074 5DF804FB 		ldr	pc, [sp], #4
  99              	.L4:
 100              		.align	2
 101              	.L3:
 102 0078 00100240 		.word	1073876992
 103              		.cfi_endproc
 104              	.LFE124:
 106              		.section	.text.HAL_I2C_MspInit,"ax",%progbits
 107              		.align	1
 108              		.global	HAL_I2C_MspInit
 109              		.syntax unified
 110              		.thumb
 111              		.thumb_func
 112              		.fpu fpv4-sp-d16
 114              	HAL_I2C_MspInit:
 115              	.LFB125:
  79:Src/stm32f3xx_hal_msp.c **** 
  80:Src/stm32f3xx_hal_msp.c **** void HAL_I2C_MspInit(I2C_HandleTypeDef* hi2c)
  81:Src/stm32f3xx_hal_msp.c **** {
 116              		.loc 1 81 0
 117              		.cfi_startproc
 118              		@ args = 0, pretend = 0, frame = 24
 119              		@ frame_needed = 0, uses_anonymous_args = 0
 120              	.LVL8:
  82:Src/stm32f3xx_hal_msp.c **** 
  83:Src/stm32f3xx_hal_msp.c ****   GPIO_InitTypeDef GPIO_InitStruct;
  84:Src/stm32f3xx_hal_msp.c ****   if(hi2c->Instance==I2C1)
 121              		.loc 1 84 0
 122 0000 0268     		ldr	r2, [r0]
 123 0002 114B     		ldr	r3, .L12
 124 0004 9A42     		cmp	r2, r3
 125 0006 00D0     		beq	.L11
 126 0008 7047     		bx	lr
 127              	.L11:
  81:Src/stm32f3xx_hal_msp.c **** 
 128              		.loc 1 81 0
 129 000a 00B5     		push	{lr}
 130              		.cfi_def_cfa_offset 4
 131              		.cfi_offset 14, -4
 132 000c 87B0     		sub	sp, sp, #28
 133              		.cfi_def_cfa_offset 32
  85:Src/stm32f3xx_hal_msp.c ****   {
  86:Src/stm32f3xx_hal_msp.c ****   /* USER CODE BEGIN I2C1_MspInit 0 */
  87:Src/stm32f3xx_hal_msp.c **** 
  88:Src/stm32f3xx_hal_msp.c ****   /* USER CODE END I2C1_MspInit 0 */
  89:Src/stm32f3xx_hal_msp.c ****   
  90:Src/stm32f3xx_hal_msp.c ****     /**I2C1 GPIO Configuration    
  91:Src/stm32f3xx_hal_msp.c ****     PB6     ------> I2C1_SCL
  92:Src/stm32f3xx_hal_msp.c ****     PB7     ------> I2C1_SDA 
  93:Src/stm32f3xx_hal_msp.c ****     */
  94:Src/stm32f3xx_hal_msp.c ****     GPIO_InitStruct.Pin = GPIO_PIN_6|GPIO_PIN_7;
 134              		.loc 1 94 0
 135 000e C023     		movs	r3, #192
 136 0010 0193     		str	r3, [sp, #4]
ARM GAS  /var/folders/hm/d3zjjmsn0l94vys0c33c49nh0000gn/T//ccP4VILY.s 			page 5


  95:Src/stm32f3xx_hal_msp.c ****     GPIO_InitStruct.Mode = GPIO_MODE_AF_OD;
 137              		.loc 1 95 0
 138 0012 1223     		movs	r3, #18
 139 0014 0293     		str	r3, [sp, #8]
  96:Src/stm32f3xx_hal_msp.c ****     GPIO_InitStruct.Pull = GPIO_PULLUP;
 140              		.loc 1 96 0
 141 0016 0123     		movs	r3, #1
 142 0018 0393     		str	r3, [sp, #12]
  97:Src/stm32f3xx_hal_msp.c ****     GPIO_InitStruct.Speed = GPIO_SPEED_FREQ_HIGH;
 143              		.loc 1 97 0
 144 001a 0323     		movs	r3, #3
 145 001c 0493     		str	r3, [sp, #16]
  98:Src/stm32f3xx_hal_msp.c ****     GPIO_InitStruct.Alternate = GPIO_AF4_I2C1;
 146              		.loc 1 98 0
 147 001e 0423     		movs	r3, #4
 148 0020 0593     		str	r3, [sp, #20]
  99:Src/stm32f3xx_hal_msp.c ****     HAL_GPIO_Init(GPIOB, &GPIO_InitStruct);
 149              		.loc 1 99 0
 150 0022 0DEB0301 		add	r1, sp, r3
 151 0026 0948     		ldr	r0, .L12+4
 152              	.LVL9:
 153 0028 FFF7FEFF 		bl	HAL_GPIO_Init
 154              	.LVL10:
 155              	.LBB3:
 100:Src/stm32f3xx_hal_msp.c **** 
 101:Src/stm32f3xx_hal_msp.c ****     /* Peripheral clock enable */
 102:Src/stm32f3xx_hal_msp.c ****     __HAL_RCC_I2C1_CLK_ENABLE();
 156              		.loc 1 102 0
 157 002c 084B     		ldr	r3, .L12+8
 158 002e DA69     		ldr	r2, [r3, #28]
 159 0030 42F40012 		orr	r2, r2, #2097152
 160 0034 DA61     		str	r2, [r3, #28]
 161 0036 DB69     		ldr	r3, [r3, #28]
 162 0038 03F40013 		and	r3, r3, #2097152
 163 003c 0093     		str	r3, [sp]
 164 003e 009B     		ldr	r3, [sp]
 165              	.LBE3:
 103:Src/stm32f3xx_hal_msp.c ****   /* USER CODE BEGIN I2C1_MspInit 1 */
 104:Src/stm32f3xx_hal_msp.c **** 
 105:Src/stm32f3xx_hal_msp.c ****   /* USER CODE END I2C1_MspInit 1 */
 106:Src/stm32f3xx_hal_msp.c ****   }
 107:Src/stm32f3xx_hal_msp.c **** 
 108:Src/stm32f3xx_hal_msp.c **** }
 166              		.loc 1 108 0
 167 0040 07B0     		add	sp, sp, #28
 168              		.cfi_def_cfa_offset 4
 169              		@ sp needed
 170 0042 5DF804FB 		ldr	pc, [sp], #4
 171              	.L13:
 172 0046 00BF     		.align	2
 173              	.L12:
 174 0048 00540040 		.word	1073763328
 175 004c 00040048 		.word	1207960576
 176 0050 00100240 		.word	1073876992
 177              		.cfi_endproc
 178              	.LFE125:
 180              		.section	.text.HAL_I2C_MspDeInit,"ax",%progbits
ARM GAS  /var/folders/hm/d3zjjmsn0l94vys0c33c49nh0000gn/T//ccP4VILY.s 			page 6


 181              		.align	1
 182              		.global	HAL_I2C_MspDeInit
 183              		.syntax unified
 184              		.thumb
 185              		.thumb_func
 186              		.fpu fpv4-sp-d16
 188              	HAL_I2C_MspDeInit:
 189              	.LFB126:
 109:Src/stm32f3xx_hal_msp.c **** 
 110:Src/stm32f3xx_hal_msp.c **** void HAL_I2C_MspDeInit(I2C_HandleTypeDef* hi2c)
 111:Src/stm32f3xx_hal_msp.c **** {
 190              		.loc 1 111 0
 191              		.cfi_startproc
 192              		@ args = 0, pretend = 0, frame = 0
 193              		@ frame_needed = 0, uses_anonymous_args = 0
 194              	.LVL11:
 195 0000 08B5     		push	{r3, lr}
 196              		.cfi_def_cfa_offset 8
 197              		.cfi_offset 3, -8
 198              		.cfi_offset 14, -4
 112:Src/stm32f3xx_hal_msp.c **** 
 113:Src/stm32f3xx_hal_msp.c ****   if(hi2c->Instance==I2C1)
 199              		.loc 1 113 0
 200 0002 0268     		ldr	r2, [r0]
 201 0004 064B     		ldr	r3, .L18
 202 0006 9A42     		cmp	r2, r3
 203 0008 00D0     		beq	.L17
 204              	.LVL12:
 205              	.L14:
 206 000a 08BD     		pop	{r3, pc}
 207              	.LVL13:
 208              	.L17:
 114:Src/stm32f3xx_hal_msp.c ****   {
 115:Src/stm32f3xx_hal_msp.c ****   /* USER CODE BEGIN I2C1_MspDeInit 0 */
 116:Src/stm32f3xx_hal_msp.c **** 
 117:Src/stm32f3xx_hal_msp.c ****   /* USER CODE END I2C1_MspDeInit 0 */
 118:Src/stm32f3xx_hal_msp.c ****     /* Peripheral clock disable */
 119:Src/stm32f3xx_hal_msp.c ****     __HAL_RCC_I2C1_CLK_DISABLE();
 209              		.loc 1 119 0
 210 000c 054A     		ldr	r2, .L18+4
 211 000e D369     		ldr	r3, [r2, #28]
 212 0010 23F40013 		bic	r3, r3, #2097152
 213 0014 D361     		str	r3, [r2, #28]
 120:Src/stm32f3xx_hal_msp.c ****   
 121:Src/stm32f3xx_hal_msp.c ****     /**I2C1 GPIO Configuration    
 122:Src/stm32f3xx_hal_msp.c ****     PB6     ------> I2C1_SCL
 123:Src/stm32f3xx_hal_msp.c ****     PB7     ------> I2C1_SDA 
 124:Src/stm32f3xx_hal_msp.c ****     */
 125:Src/stm32f3xx_hal_msp.c ****     HAL_GPIO_DeInit(GPIOB, GPIO_PIN_6|GPIO_PIN_7);
 214              		.loc 1 125 0
 215 0016 C021     		movs	r1, #192
 216 0018 0348     		ldr	r0, .L18+8
 217              	.LVL14:
 218 001a FFF7FEFF 		bl	HAL_GPIO_DeInit
 219              	.LVL15:
 126:Src/stm32f3xx_hal_msp.c **** 
 127:Src/stm32f3xx_hal_msp.c ****   /* USER CODE BEGIN I2C1_MspDeInit 1 */
ARM GAS  /var/folders/hm/d3zjjmsn0l94vys0c33c49nh0000gn/T//ccP4VILY.s 			page 7


 128:Src/stm32f3xx_hal_msp.c **** 
 129:Src/stm32f3xx_hal_msp.c ****   /* USER CODE END I2C1_MspDeInit 1 */
 130:Src/stm32f3xx_hal_msp.c ****   }
 131:Src/stm32f3xx_hal_msp.c **** 
 132:Src/stm32f3xx_hal_msp.c **** }
 220              		.loc 1 132 0
 221 001e F4E7     		b	.L14
 222              	.L19:
 223              		.align	2
 224              	.L18:
 225 0020 00540040 		.word	1073763328
 226 0024 00100240 		.word	1073876992
 227 0028 00040048 		.word	1207960576
 228              		.cfi_endproc
 229              	.LFE126:
 231              		.section	.text.HAL_TIM_Base_MspInit,"ax",%progbits
 232              		.align	1
 233              		.global	HAL_TIM_Base_MspInit
 234              		.syntax unified
 235              		.thumb
 236              		.thumb_func
 237              		.fpu fpv4-sp-d16
 239              	HAL_TIM_Base_MspInit:
 240              	.LFB127:
 133:Src/stm32f3xx_hal_msp.c **** 
 134:Src/stm32f3xx_hal_msp.c **** void HAL_TIM_Base_MspInit(TIM_HandleTypeDef* htim_base)
 135:Src/stm32f3xx_hal_msp.c **** {
 241              		.loc 1 135 0
 242              		.cfi_startproc
 243              		@ args = 0, pretend = 0, frame = 8
 244              		@ frame_needed = 0, uses_anonymous_args = 0
 245              	.LVL16:
 246 0000 00B5     		push	{lr}
 247              		.cfi_def_cfa_offset 4
 248              		.cfi_offset 14, -4
 249 0002 83B0     		sub	sp, sp, #12
 250              		.cfi_def_cfa_offset 16
 136:Src/stm32f3xx_hal_msp.c **** 
 137:Src/stm32f3xx_hal_msp.c ****   if(htim_base->Instance==TIM3)
 251              		.loc 1 137 0
 252 0004 0368     		ldr	r3, [r0]
 253 0006 134A     		ldr	r2, .L26
 254 0008 9342     		cmp	r3, r2
 255 000a 05D0     		beq	.L24
 138:Src/stm32f3xx_hal_msp.c ****   {
 139:Src/stm32f3xx_hal_msp.c ****   /* USER CODE BEGIN TIM3_MspInit 0 */
 140:Src/stm32f3xx_hal_msp.c **** 
 141:Src/stm32f3xx_hal_msp.c ****   /* USER CODE END TIM3_MspInit 0 */
 142:Src/stm32f3xx_hal_msp.c ****     /* Peripheral clock enable */
 143:Src/stm32f3xx_hal_msp.c ****     __HAL_RCC_TIM3_CLK_ENABLE();
 144:Src/stm32f3xx_hal_msp.c ****   /* USER CODE BEGIN TIM3_MspInit 1 */
 145:Src/stm32f3xx_hal_msp.c **** 
 146:Src/stm32f3xx_hal_msp.c ****   /* USER CODE END TIM3_MspInit 1 */
 147:Src/stm32f3xx_hal_msp.c ****   }
 148:Src/stm32f3xx_hal_msp.c ****   else if(htim_base->Instance==TIM6)
 256              		.loc 1 148 0
 257 000c 124A     		ldr	r2, .L26+4
ARM GAS  /var/folders/hm/d3zjjmsn0l94vys0c33c49nh0000gn/T//ccP4VILY.s 			page 8


 258 000e 9342     		cmp	r3, r2
 259 0010 0DD0     		beq	.L25
 260              	.LVL17:
 261              	.L20:
 149:Src/stm32f3xx_hal_msp.c ****   {
 150:Src/stm32f3xx_hal_msp.c ****   /* USER CODE BEGIN TIM6_MspInit 0 */
 151:Src/stm32f3xx_hal_msp.c **** 
 152:Src/stm32f3xx_hal_msp.c ****   /* USER CODE END TIM6_MspInit 0 */
 153:Src/stm32f3xx_hal_msp.c ****     /* Peripheral clock enable */
 154:Src/stm32f3xx_hal_msp.c ****     __HAL_RCC_TIM6_CLK_ENABLE();
 155:Src/stm32f3xx_hal_msp.c ****     /* TIM6 interrupt Init */
 156:Src/stm32f3xx_hal_msp.c ****     HAL_NVIC_SetPriority(TIM6_DAC1_IRQn, 1, 0);
 157:Src/stm32f3xx_hal_msp.c ****     HAL_NVIC_EnableIRQ(TIM6_DAC1_IRQn);
 158:Src/stm32f3xx_hal_msp.c ****   /* USER CODE BEGIN TIM6_MspInit 1 */
 159:Src/stm32f3xx_hal_msp.c **** 
 160:Src/stm32f3xx_hal_msp.c ****   /* USER CODE END TIM6_MspInit 1 */
 161:Src/stm32f3xx_hal_msp.c ****   }
 162:Src/stm32f3xx_hal_msp.c **** 
 163:Src/stm32f3xx_hal_msp.c **** }
 262              		.loc 1 163 0
 263 0012 03B0     		add	sp, sp, #12
 264              		.cfi_remember_state
 265              		.cfi_def_cfa_offset 4
 266              		@ sp needed
 267 0014 5DF804FB 		ldr	pc, [sp], #4
 268              	.LVL18:
 269              	.L24:
 270              		.cfi_restore_state
 271              	.LBB4:
 143:Src/stm32f3xx_hal_msp.c ****   /* USER CODE BEGIN TIM3_MspInit 1 */
 272              		.loc 1 143 0
 273 0018 104B     		ldr	r3, .L26+8
 274 001a DA69     		ldr	r2, [r3, #28]
 275 001c 42F00202 		orr	r2, r2, #2
 276 0020 DA61     		str	r2, [r3, #28]
 277 0022 DB69     		ldr	r3, [r3, #28]
 278 0024 03F00203 		and	r3, r3, #2
 279 0028 0093     		str	r3, [sp]
 280 002a 009B     		ldr	r3, [sp]
 281              	.LBE4:
 282 002c F1E7     		b	.L20
 283              	.L25:
 284              	.LBB5:
 154:Src/stm32f3xx_hal_msp.c ****     /* TIM6 interrupt Init */
 285              		.loc 1 154 0
 286 002e 0B4B     		ldr	r3, .L26+8
 287 0030 DA69     		ldr	r2, [r3, #28]
 288 0032 42F01002 		orr	r2, r2, #16
 289 0036 DA61     		str	r2, [r3, #28]
 290 0038 DB69     		ldr	r3, [r3, #28]
 291 003a 03F01003 		and	r3, r3, #16
 292 003e 0193     		str	r3, [sp, #4]
 293 0040 019B     		ldr	r3, [sp, #4]
 294              	.LBE5:
 156:Src/stm32f3xx_hal_msp.c ****     HAL_NVIC_EnableIRQ(TIM6_DAC1_IRQn);
 295              		.loc 1 156 0
 296 0042 0022     		movs	r2, #0
ARM GAS  /var/folders/hm/d3zjjmsn0l94vys0c33c49nh0000gn/T//ccP4VILY.s 			page 9


 297 0044 0121     		movs	r1, #1
 298 0046 3620     		movs	r0, #54
 299              	.LVL19:
 300 0048 FFF7FEFF 		bl	HAL_NVIC_SetPriority
 301              	.LVL20:
 157:Src/stm32f3xx_hal_msp.c ****   /* USER CODE BEGIN TIM6_MspInit 1 */
 302              		.loc 1 157 0
 303 004c 3620     		movs	r0, #54
 304 004e FFF7FEFF 		bl	HAL_NVIC_EnableIRQ
 305              	.LVL21:
 306              		.loc 1 163 0
 307 0052 DEE7     		b	.L20
 308              	.L27:
 309              		.align	2
 310              	.L26:
 311 0054 00040040 		.word	1073742848
 312 0058 00100040 		.word	1073745920
 313 005c 00100240 		.word	1073876992
 314              		.cfi_endproc
 315              	.LFE127:
 317              		.section	.text.HAL_TIM_MspPostInit,"ax",%progbits
 318              		.align	1
 319              		.global	HAL_TIM_MspPostInit
 320              		.syntax unified
 321              		.thumb
 322              		.thumb_func
 323              		.fpu fpv4-sp-d16
 325              	HAL_TIM_MspPostInit:
 326              	.LFB128:
 164:Src/stm32f3xx_hal_msp.c **** 
 165:Src/stm32f3xx_hal_msp.c **** void HAL_TIM_MspPostInit(TIM_HandleTypeDef* htim)
 166:Src/stm32f3xx_hal_msp.c **** {
 327              		.loc 1 166 0
 328              		.cfi_startproc
 329              		@ args = 0, pretend = 0, frame = 24
 330              		@ frame_needed = 0, uses_anonymous_args = 0
 331              	.LVL22:
 167:Src/stm32f3xx_hal_msp.c **** 
 168:Src/stm32f3xx_hal_msp.c ****   GPIO_InitTypeDef GPIO_InitStruct;
 169:Src/stm32f3xx_hal_msp.c ****   if(htim->Instance==TIM3)
 332              		.loc 1 169 0
 333 0000 0268     		ldr	r2, [r0]
 334 0002 0A4B     		ldr	r3, .L35
 335 0004 9A42     		cmp	r2, r3
 336 0006 00D0     		beq	.L34
 337 0008 7047     		bx	lr
 338              	.L34:
 166:Src/stm32f3xx_hal_msp.c **** 
 339              		.loc 1 166 0
 340 000a 00B5     		push	{lr}
 341              		.cfi_def_cfa_offset 4
 342              		.cfi_offset 14, -4
 343 000c 87B0     		sub	sp, sp, #28
 344              		.cfi_def_cfa_offset 32
 170:Src/stm32f3xx_hal_msp.c ****   {
 171:Src/stm32f3xx_hal_msp.c ****   /* USER CODE BEGIN TIM3_MspPostInit 0 */
 172:Src/stm32f3xx_hal_msp.c **** 
ARM GAS  /var/folders/hm/d3zjjmsn0l94vys0c33c49nh0000gn/T//ccP4VILY.s 			page 10


 173:Src/stm32f3xx_hal_msp.c ****   /* USER CODE END TIM3_MspPostInit 0 */
 174:Src/stm32f3xx_hal_msp.c ****   
 175:Src/stm32f3xx_hal_msp.c ****     /**TIM3 GPIO Configuration    
 176:Src/stm32f3xx_hal_msp.c ****     PB0     ------> TIM3_CH3
 177:Src/stm32f3xx_hal_msp.c ****     PB1     ------> TIM3_CH4
 178:Src/stm32f3xx_hal_msp.c ****     PB4     ------> TIM3_CH1
 179:Src/stm32f3xx_hal_msp.c ****     PB5     ------> TIM3_CH2 
 180:Src/stm32f3xx_hal_msp.c ****     */
 181:Src/stm32f3xx_hal_msp.c ****     GPIO_InitStruct.Pin = Motor_1_1_Pin|Motor_1_2_Pin|Motor_2_2_Pin|Motor_2_1_Pin;
 345              		.loc 1 181 0
 346 000e 3323     		movs	r3, #51
 347 0010 0193     		str	r3, [sp, #4]
 182:Src/stm32f3xx_hal_msp.c ****     GPIO_InitStruct.Mode = GPIO_MODE_AF_PP;
 348              		.loc 1 182 0
 349 0012 0223     		movs	r3, #2
 350 0014 0293     		str	r3, [sp, #8]
 183:Src/stm32f3xx_hal_msp.c ****     GPIO_InitStruct.Pull = GPIO_PULLDOWN;
 351              		.loc 1 183 0
 352 0016 0393     		str	r3, [sp, #12]
 184:Src/stm32f3xx_hal_msp.c ****     GPIO_InitStruct.Speed = GPIO_SPEED_FREQ_LOW;
 353              		.loc 1 184 0
 354 0018 0022     		movs	r2, #0
 355 001a 0492     		str	r2, [sp, #16]
 185:Src/stm32f3xx_hal_msp.c ****     GPIO_InitStruct.Alternate = GPIO_AF2_TIM3;
 356              		.loc 1 185 0
 357 001c 0593     		str	r3, [sp, #20]
 186:Src/stm32f3xx_hal_msp.c ****     HAL_GPIO_Init(GPIOB, &GPIO_InitStruct);
 358              		.loc 1 186 0
 359 001e 01A9     		add	r1, sp, #4
 360 0020 0348     		ldr	r0, .L35+4
 361              	.LVL23:
 362 0022 FFF7FEFF 		bl	HAL_GPIO_Init
 363              	.LVL24:
 187:Src/stm32f3xx_hal_msp.c **** 
 188:Src/stm32f3xx_hal_msp.c ****   /* USER CODE BEGIN TIM3_MspPostInit 1 */
 189:Src/stm32f3xx_hal_msp.c **** 
 190:Src/stm32f3xx_hal_msp.c ****   /* USER CODE END TIM3_MspPostInit 1 */
 191:Src/stm32f3xx_hal_msp.c ****   }
 192:Src/stm32f3xx_hal_msp.c **** 
 193:Src/stm32f3xx_hal_msp.c **** }
 364              		.loc 1 193 0
 365 0026 07B0     		add	sp, sp, #28
 366              		.cfi_def_cfa_offset 4
 367              		@ sp needed
 368 0028 5DF804FB 		ldr	pc, [sp], #4
 369              	.L36:
 370              		.align	2
 371              	.L35:
 372 002c 00040040 		.word	1073742848
 373 0030 00040048 		.word	1207960576
 374              		.cfi_endproc
 375              	.LFE128:
 377              		.section	.text.HAL_TIM_Base_MspDeInit,"ax",%progbits
 378              		.align	1
 379              		.global	HAL_TIM_Base_MspDeInit
 380              		.syntax unified
 381              		.thumb
ARM GAS  /var/folders/hm/d3zjjmsn0l94vys0c33c49nh0000gn/T//ccP4VILY.s 			page 11


 382              		.thumb_func
 383              		.fpu fpv4-sp-d16
 385              	HAL_TIM_Base_MspDeInit:
 386              	.LFB129:
 194:Src/stm32f3xx_hal_msp.c **** 
 195:Src/stm32f3xx_hal_msp.c **** void HAL_TIM_Base_MspDeInit(TIM_HandleTypeDef* htim_base)
 196:Src/stm32f3xx_hal_msp.c **** {
 387              		.loc 1 196 0
 388              		.cfi_startproc
 389              		@ args = 0, pretend = 0, frame = 0
 390              		@ frame_needed = 0, uses_anonymous_args = 0
 391              	.LVL25:
 392 0000 08B5     		push	{r3, lr}
 393              		.cfi_def_cfa_offset 8
 394              		.cfi_offset 3, -8
 395              		.cfi_offset 14, -4
 197:Src/stm32f3xx_hal_msp.c **** 
 198:Src/stm32f3xx_hal_msp.c ****   if(htim_base->Instance==TIM3)
 396              		.loc 1 198 0
 397 0002 0368     		ldr	r3, [r0]
 398 0004 0B4A     		ldr	r2, .L43
 399 0006 9342     		cmp	r3, r2
 400 0008 03D0     		beq	.L41
 199:Src/stm32f3xx_hal_msp.c ****   {
 200:Src/stm32f3xx_hal_msp.c ****   /* USER CODE BEGIN TIM3_MspDeInit 0 */
 201:Src/stm32f3xx_hal_msp.c **** 
 202:Src/stm32f3xx_hal_msp.c ****   /* USER CODE END TIM3_MspDeInit 0 */
 203:Src/stm32f3xx_hal_msp.c ****     /* Peripheral clock disable */
 204:Src/stm32f3xx_hal_msp.c ****     __HAL_RCC_TIM3_CLK_DISABLE();
 205:Src/stm32f3xx_hal_msp.c ****   /* USER CODE BEGIN TIM3_MspDeInit 1 */
 206:Src/stm32f3xx_hal_msp.c **** 
 207:Src/stm32f3xx_hal_msp.c ****   /* USER CODE END TIM3_MspDeInit 1 */
 208:Src/stm32f3xx_hal_msp.c ****   }
 209:Src/stm32f3xx_hal_msp.c ****   else if(htim_base->Instance==TIM6)
 401              		.loc 1 209 0
 402 000a 0B4A     		ldr	r2, .L43+4
 403 000c 9342     		cmp	r3, r2
 404 000e 07D0     		beq	.L42
 405              	.LVL26:
 406              	.L37:
 407 0010 08BD     		pop	{r3, pc}
 408              	.LVL27:
 409              	.L41:
 204:Src/stm32f3xx_hal_msp.c ****   /* USER CODE BEGIN TIM3_MspDeInit 1 */
 410              		.loc 1 204 0
 411 0012 02F50332 		add	r2, r2, #134144
 412 0016 D369     		ldr	r3, [r2, #28]
 413 0018 23F00203 		bic	r3, r3, #2
 414 001c D361     		str	r3, [r2, #28]
 415 001e 08BD     		pop	{r3, pc}
 416              	.L42:
 210:Src/stm32f3xx_hal_msp.c ****   {
 211:Src/stm32f3xx_hal_msp.c ****   /* USER CODE BEGIN TIM6_MspDeInit 0 */
 212:Src/stm32f3xx_hal_msp.c **** 
 213:Src/stm32f3xx_hal_msp.c ****   /* USER CODE END TIM6_MspDeInit 0 */
 214:Src/stm32f3xx_hal_msp.c ****     /* Peripheral clock disable */
 215:Src/stm32f3xx_hal_msp.c ****     __HAL_RCC_TIM6_CLK_DISABLE();
ARM GAS  /var/folders/hm/d3zjjmsn0l94vys0c33c49nh0000gn/T//ccP4VILY.s 			page 12


 417              		.loc 1 215 0
 418 0020 02F50032 		add	r2, r2, #131072
 419 0024 D369     		ldr	r3, [r2, #28]
 420 0026 23F01003 		bic	r3, r3, #16
 421 002a D361     		str	r3, [r2, #28]
 216:Src/stm32f3xx_hal_msp.c **** 
 217:Src/stm32f3xx_hal_msp.c ****     /* TIM6 interrupt DeInit */
 218:Src/stm32f3xx_hal_msp.c ****     HAL_NVIC_DisableIRQ(TIM6_DAC1_IRQn);
 422              		.loc 1 218 0
 423 002c 3620     		movs	r0, #54
 424              	.LVL28:
 425 002e FFF7FEFF 		bl	HAL_NVIC_DisableIRQ
 426              	.LVL29:
 219:Src/stm32f3xx_hal_msp.c ****   /* USER CODE BEGIN TIM6_MspDeInit 1 */
 220:Src/stm32f3xx_hal_msp.c **** 
 221:Src/stm32f3xx_hal_msp.c ****   /* USER CODE END TIM6_MspDeInit 1 */
 222:Src/stm32f3xx_hal_msp.c ****   }
 223:Src/stm32f3xx_hal_msp.c **** 
 224:Src/stm32f3xx_hal_msp.c **** }
 427              		.loc 1 224 0
 428 0032 EDE7     		b	.L37
 429              	.L44:
 430              		.align	2
 431              	.L43:
 432 0034 00040040 		.word	1073742848
 433 0038 00100040 		.word	1073745920
 434              		.cfi_endproc
 435              	.LFE129:
 437              		.text
 438              	.Letext0:
 439              		.file 2 "/Users/babatatsuya/Applications/gcc-arm-none-eabi-6-2017-q1-update/arm-none-eabi/include/
 440              		.file 3 "/Users/babatatsuya/Applications/gcc-arm-none-eabi-6-2017-q1-update/arm-none-eabi/include/
 441              		.file 4 "Drivers/CMSIS/Include/core_cm4.h"
 442              		.file 5 "Drivers/CMSIS/Device/ST/STM32F3xx/Include/system_stm32f3xx.h"
 443              		.file 6 "Drivers/CMSIS/Device/ST/STM32F3xx/Include/stm32f303x8.h"
 444              		.file 7 "/Users/babatatsuya/Applications/gcc-arm-none-eabi-6-2017-q1-update/arm-none-eabi/include/
 445              		.file 8 "/Users/babatatsuya/Applications/gcc-arm-none-eabi-6-2017-q1-update/arm-none-eabi/include/
 446              		.file 9 "/Users/babatatsuya/Applications/gcc-arm-none-eabi-6-2017-q1-update/lib/gcc/arm-none-eabi/
 447              		.file 10 "/Users/babatatsuya/Applications/gcc-arm-none-eabi-6-2017-q1-update/arm-none-eabi/include
 448              		.file 11 "Drivers/STM32F3xx_HAL_Driver/Inc/stm32f3xx_hal_def.h"
 449              		.file 12 "Drivers/STM32F3xx_HAL_Driver/Inc/stm32f3xx_hal_gpio.h"
 450              		.file 13 "Drivers/STM32F3xx_HAL_Driver/Inc/stm32f3xx_hal_dma.h"
 451              		.file 14 "Drivers/STM32F3xx_HAL_Driver/Inc/stm32f3xx_hal_i2c.h"
 452              		.file 15 "Drivers/STM32F3xx_HAL_Driver/Inc/stm32f3xx_hal_tim.h"
 453              		.file 16 "Drivers/STM32F3xx_HAL_Driver/Inc/stm32f3xx_hal_cortex.h"
ARM GAS  /var/folders/hm/d3zjjmsn0l94vys0c33c49nh0000gn/T//ccP4VILY.s 			page 13


DEFINED SYMBOLS
                            *ABS*:0000000000000000 stm32f3xx_hal_msp.c
/var/folders/hm/d3zjjmsn0l94vys0c33c49nh0000gn/T//ccP4VILY.s:18     .text.HAL_MspInit:0000000000000000 $t
/var/folders/hm/d3zjjmsn0l94vys0c33c49nh0000gn/T//ccP4VILY.s:25     .text.HAL_MspInit:0000000000000000 HAL_MspInit
/var/folders/hm/d3zjjmsn0l94vys0c33c49nh0000gn/T//ccP4VILY.s:102    .text.HAL_MspInit:0000000000000078 $d
/var/folders/hm/d3zjjmsn0l94vys0c33c49nh0000gn/T//ccP4VILY.s:107    .text.HAL_I2C_MspInit:0000000000000000 $t
/var/folders/hm/d3zjjmsn0l94vys0c33c49nh0000gn/T//ccP4VILY.s:114    .text.HAL_I2C_MspInit:0000000000000000 HAL_I2C_MspInit
/var/folders/hm/d3zjjmsn0l94vys0c33c49nh0000gn/T//ccP4VILY.s:174    .text.HAL_I2C_MspInit:0000000000000048 $d
/var/folders/hm/d3zjjmsn0l94vys0c33c49nh0000gn/T//ccP4VILY.s:181    .text.HAL_I2C_MspDeInit:0000000000000000 $t
/var/folders/hm/d3zjjmsn0l94vys0c33c49nh0000gn/T//ccP4VILY.s:188    .text.HAL_I2C_MspDeInit:0000000000000000 HAL_I2C_MspDeInit
/var/folders/hm/d3zjjmsn0l94vys0c33c49nh0000gn/T//ccP4VILY.s:225    .text.HAL_I2C_MspDeInit:0000000000000020 $d
/var/folders/hm/d3zjjmsn0l94vys0c33c49nh0000gn/T//ccP4VILY.s:232    .text.HAL_TIM_Base_MspInit:0000000000000000 $t
/var/folders/hm/d3zjjmsn0l94vys0c33c49nh0000gn/T//ccP4VILY.s:239    .text.HAL_TIM_Base_MspInit:0000000000000000 HAL_TIM_Base_MspInit
/var/folders/hm/d3zjjmsn0l94vys0c33c49nh0000gn/T//ccP4VILY.s:311    .text.HAL_TIM_Base_MspInit:0000000000000054 $d
/var/folders/hm/d3zjjmsn0l94vys0c33c49nh0000gn/T//ccP4VILY.s:318    .text.HAL_TIM_MspPostInit:0000000000000000 $t
/var/folders/hm/d3zjjmsn0l94vys0c33c49nh0000gn/T//ccP4VILY.s:325    .text.HAL_TIM_MspPostInit:0000000000000000 HAL_TIM_MspPostInit
/var/folders/hm/d3zjjmsn0l94vys0c33c49nh0000gn/T//ccP4VILY.s:372    .text.HAL_TIM_MspPostInit:000000000000002c $d
/var/folders/hm/d3zjjmsn0l94vys0c33c49nh0000gn/T//ccP4VILY.s:378    .text.HAL_TIM_Base_MspDeInit:0000000000000000 $t
/var/folders/hm/d3zjjmsn0l94vys0c33c49nh0000gn/T//ccP4VILY.s:385    .text.HAL_TIM_Base_MspDeInit:0000000000000000 HAL_TIM_Base_MspDeInit
/var/folders/hm/d3zjjmsn0l94vys0c33c49nh0000gn/T//ccP4VILY.s:432    .text.HAL_TIM_Base_MspDeInit:0000000000000034 $d
                     .debug_frame:0000000000000010 $d

UNDEFINED SYMBOLS
HAL_NVIC_SetPriorityGrouping
HAL_NVIC_SetPriority
HAL_GPIO_Init
HAL_GPIO_DeInit
HAL_NVIC_EnableIRQ
HAL_NVIC_DisableIRQ
