ARM GAS  /var/folders/hm/d3zjjmsn0l94vys0c33c49nh0000gn/T//ccqtZq6T.s 			page 1


   1              		.cpu cortex-m4
   2              		.eabi_attribute 27, 1
   3              		.eabi_attribute 28, 1
   4              		.eabi_attribute 20, 1
   5              		.eabi_attribute 21, 1
   6              		.eabi_attribute 23, 3
   7              		.eabi_attribute 24, 1
   8              		.eabi_attribute 25, 1
   9              		.eabi_attribute 26, 1
  10              		.eabi_attribute 30, 1
  11              		.eabi_attribute 34, 1
  12              		.eabi_attribute 18, 4
  13              		.file	"stm32f3xx_hal_gpio.c"
  14              		.text
  15              	.Ltext0:
  16              		.cfi_sections	.debug_frame
  17              		.section	.text.HAL_GPIO_Init,"ax",%progbits
  18              		.align	1
  19              		.global	HAL_GPIO_Init
  20              		.syntax unified
  21              		.thumb
  22              		.thumb_func
  23              		.fpu fpv4-sp-d16
  25              	HAL_GPIO_Init:
  26              	.LFB124:
  27              		.file 1 "Drivers/STM32F3xx_HAL_Driver/Src/stm32f3xx_hal_gpio.c"
   1:Drivers/STM32F3xx_HAL_Driver/Src/stm32f3xx_hal_gpio.c **** /**
   2:Drivers/STM32F3xx_HAL_Driver/Src/stm32f3xx_hal_gpio.c ****   ******************************************************************************
   3:Drivers/STM32F3xx_HAL_Driver/Src/stm32f3xx_hal_gpio.c ****   * @file    stm32f3xx_hal_gpio.c
   4:Drivers/STM32F3xx_HAL_Driver/Src/stm32f3xx_hal_gpio.c ****   * @author  MCD Application Team
   5:Drivers/STM32F3xx_HAL_Driver/Src/stm32f3xx_hal_gpio.c ****   * @brief   GPIO HAL module driver.
   6:Drivers/STM32F3xx_HAL_Driver/Src/stm32f3xx_hal_gpio.c ****   *          This file provides firmware functions to manage the following
   7:Drivers/STM32F3xx_HAL_Driver/Src/stm32f3xx_hal_gpio.c ****   *          functionalities of the General Purpose Input/Output (GPIO) peripheral:
   8:Drivers/STM32F3xx_HAL_Driver/Src/stm32f3xx_hal_gpio.c ****   *           + Initialization and de-initialization functions
   9:Drivers/STM32F3xx_HAL_Driver/Src/stm32f3xx_hal_gpio.c ****   *           + IO operation functions
  10:Drivers/STM32F3xx_HAL_Driver/Src/stm32f3xx_hal_gpio.c ****   *
  11:Drivers/STM32F3xx_HAL_Driver/Src/stm32f3xx_hal_gpio.c ****   @verbatim
  12:Drivers/STM32F3xx_HAL_Driver/Src/stm32f3xx_hal_gpio.c ****   ==============================================================================
  13:Drivers/STM32F3xx_HAL_Driver/Src/stm32f3xx_hal_gpio.c ****                     ##### GPIO Peripheral features #####
  14:Drivers/STM32F3xx_HAL_Driver/Src/stm32f3xx_hal_gpio.c ****   ==============================================================================
  15:Drivers/STM32F3xx_HAL_Driver/Src/stm32f3xx_hal_gpio.c ****   [..]
  16:Drivers/STM32F3xx_HAL_Driver/Src/stm32f3xx_hal_gpio.c ****     (+) Each port bit of the general-purpose I/O (GPIO) ports can be individually
  17:Drivers/STM32F3xx_HAL_Driver/Src/stm32f3xx_hal_gpio.c ****         configured by software in several modes:
  18:Drivers/STM32F3xx_HAL_Driver/Src/stm32f3xx_hal_gpio.c ****         (++) Input mode
  19:Drivers/STM32F3xx_HAL_Driver/Src/stm32f3xx_hal_gpio.c ****         (++) Analog mode
  20:Drivers/STM32F3xx_HAL_Driver/Src/stm32f3xx_hal_gpio.c ****         (++) Output mode
  21:Drivers/STM32F3xx_HAL_Driver/Src/stm32f3xx_hal_gpio.c ****         (++) Alternate function mode
  22:Drivers/STM32F3xx_HAL_Driver/Src/stm32f3xx_hal_gpio.c ****         (++) External interrupt/event lines
  23:Drivers/STM32F3xx_HAL_Driver/Src/stm32f3xx_hal_gpio.c **** 
  24:Drivers/STM32F3xx_HAL_Driver/Src/stm32f3xx_hal_gpio.c ****     (+) During and just after reset, the alternate functions and external interrupt
  25:Drivers/STM32F3xx_HAL_Driver/Src/stm32f3xx_hal_gpio.c ****         lines are not active and the I/O ports are configured in input floating mode.
  26:Drivers/STM32F3xx_HAL_Driver/Src/stm32f3xx_hal_gpio.c **** 
  27:Drivers/STM32F3xx_HAL_Driver/Src/stm32f3xx_hal_gpio.c ****     (+) All GPIO pins have weak internal pull-up and pull-down resistors, which can be
  28:Drivers/STM32F3xx_HAL_Driver/Src/stm32f3xx_hal_gpio.c ****         activated or not.
  29:Drivers/STM32F3xx_HAL_Driver/Src/stm32f3xx_hal_gpio.c **** 
  30:Drivers/STM32F3xx_HAL_Driver/Src/stm32f3xx_hal_gpio.c ****     (+) In Output or Alternate mode, each IO can be configured on open-drain or push-pull
  31:Drivers/STM32F3xx_HAL_Driver/Src/stm32f3xx_hal_gpio.c ****         type and the IO speed can be selected depending on the VDD value.
ARM GAS  /var/folders/hm/d3zjjmsn0l94vys0c33c49nh0000gn/T//ccqtZq6T.s 			page 2


  32:Drivers/STM32F3xx_HAL_Driver/Src/stm32f3xx_hal_gpio.c **** 
  33:Drivers/STM32F3xx_HAL_Driver/Src/stm32f3xx_hal_gpio.c ****     (+) The microcontroller IO pins are connected to onboard peripherals/modules through a
  34:Drivers/STM32F3xx_HAL_Driver/Src/stm32f3xx_hal_gpio.c ****         multiplexer that allows only one peripheral alternate function (AF) connected
  35:Drivers/STM32F3xx_HAL_Driver/Src/stm32f3xx_hal_gpio.c ****        to an IO pin at a time. In this way, there can be no conflict between peripherals
  36:Drivers/STM32F3xx_HAL_Driver/Src/stm32f3xx_hal_gpio.c ****        sharing the same IO pin.
  37:Drivers/STM32F3xx_HAL_Driver/Src/stm32f3xx_hal_gpio.c **** 
  38:Drivers/STM32F3xx_HAL_Driver/Src/stm32f3xx_hal_gpio.c ****     (+) All ports have external interrupt/event capability. To use external interrupt
  39:Drivers/STM32F3xx_HAL_Driver/Src/stm32f3xx_hal_gpio.c ****         lines, the port must be configured in input mode. All available GPIO pins are
  40:Drivers/STM32F3xx_HAL_Driver/Src/stm32f3xx_hal_gpio.c ****         connected to the 16 external interrupt/event lines from EXTI0 to EXTI15.
  41:Drivers/STM32F3xx_HAL_Driver/Src/stm32f3xx_hal_gpio.c **** 
  42:Drivers/STM32F3xx_HAL_Driver/Src/stm32f3xx_hal_gpio.c ****     (+) The external interrupt/event controller consists of up to 23 edge detectors
  43:Drivers/STM32F3xx_HAL_Driver/Src/stm32f3xx_hal_gpio.c ****         (16 lines are connected to GPIO) for generating event/interrupt requests (each
  44:Drivers/STM32F3xx_HAL_Driver/Src/stm32f3xx_hal_gpio.c ****         input line can be independently configured to select the type (interrupt or event)
  45:Drivers/STM32F3xx_HAL_Driver/Src/stm32f3xx_hal_gpio.c ****         and the corresponding trigger event (rising or falling or both). Each line can
  46:Drivers/STM32F3xx_HAL_Driver/Src/stm32f3xx_hal_gpio.c ****         also be masked independently.
  47:Drivers/STM32F3xx_HAL_Driver/Src/stm32f3xx_hal_gpio.c **** 
  48:Drivers/STM32F3xx_HAL_Driver/Src/stm32f3xx_hal_gpio.c ****                      ##### How to use this driver #####
  49:Drivers/STM32F3xx_HAL_Driver/Src/stm32f3xx_hal_gpio.c ****   ==============================================================================
  50:Drivers/STM32F3xx_HAL_Driver/Src/stm32f3xx_hal_gpio.c ****   [..]
  51:Drivers/STM32F3xx_HAL_Driver/Src/stm32f3xx_hal_gpio.c ****     (#) Enable the GPIO AHB clock using the following function: __HAL_RCC_GPIOx_CLK_ENABLE().
  52:Drivers/STM32F3xx_HAL_Driver/Src/stm32f3xx_hal_gpio.c **** 
  53:Drivers/STM32F3xx_HAL_Driver/Src/stm32f3xx_hal_gpio.c ****     (#) Configure the GPIO pin(s) using HAL_GPIO_Init().
  54:Drivers/STM32F3xx_HAL_Driver/Src/stm32f3xx_hal_gpio.c ****         (++) Configure the IO mode using "Mode" member from GPIO_InitTypeDef structure
  55:Drivers/STM32F3xx_HAL_Driver/Src/stm32f3xx_hal_gpio.c ****         (++) Activate Pull-up, Pull-down resistor using "Pull" member from GPIO_InitTypeDef
  56:Drivers/STM32F3xx_HAL_Driver/Src/stm32f3xx_hal_gpio.c ****              structure.
  57:Drivers/STM32F3xx_HAL_Driver/Src/stm32f3xx_hal_gpio.c ****         (++) In case of Output or alternate function mode selection: the speed is
  58:Drivers/STM32F3xx_HAL_Driver/Src/stm32f3xx_hal_gpio.c ****              configured through "Speed" member from GPIO_InitTypeDef structure.
  59:Drivers/STM32F3xx_HAL_Driver/Src/stm32f3xx_hal_gpio.c ****         (++) In alternate mode is selection, the alternate function connected to the IO
  60:Drivers/STM32F3xx_HAL_Driver/Src/stm32f3xx_hal_gpio.c ****              is configured through "Alternate" member from GPIO_InitTypeDef structure.
  61:Drivers/STM32F3xx_HAL_Driver/Src/stm32f3xx_hal_gpio.c ****         (++) Analog mode is required when a pin is to be used as ADC channel
  62:Drivers/STM32F3xx_HAL_Driver/Src/stm32f3xx_hal_gpio.c ****              or DAC output.
  63:Drivers/STM32F3xx_HAL_Driver/Src/stm32f3xx_hal_gpio.c ****         (++) In case of external interrupt/event selection the "Mode" member from
  64:Drivers/STM32F3xx_HAL_Driver/Src/stm32f3xx_hal_gpio.c ****              GPIO_InitTypeDef structure select the type (interrupt or event) and
  65:Drivers/STM32F3xx_HAL_Driver/Src/stm32f3xx_hal_gpio.c ****              the corresponding trigger event (rising or falling or both).
  66:Drivers/STM32F3xx_HAL_Driver/Src/stm32f3xx_hal_gpio.c **** 
  67:Drivers/STM32F3xx_HAL_Driver/Src/stm32f3xx_hal_gpio.c ****     (#) In case of external interrupt/event mode selection, configure NVIC IRQ priority
  68:Drivers/STM32F3xx_HAL_Driver/Src/stm32f3xx_hal_gpio.c ****         mapped to the EXTI line using HAL_NVIC_SetPriority() and enable it using
  69:Drivers/STM32F3xx_HAL_Driver/Src/stm32f3xx_hal_gpio.c ****         HAL_NVIC_EnableIRQ().
  70:Drivers/STM32F3xx_HAL_Driver/Src/stm32f3xx_hal_gpio.c **** 
  71:Drivers/STM32F3xx_HAL_Driver/Src/stm32f3xx_hal_gpio.c ****     (#) To get the level of a pin configured in input mode use HAL_GPIO_ReadPin().
  72:Drivers/STM32F3xx_HAL_Driver/Src/stm32f3xx_hal_gpio.c **** 
  73:Drivers/STM32F3xx_HAL_Driver/Src/stm32f3xx_hal_gpio.c ****     (#) To set/reset the level of a pin configured in output mode use
  74:Drivers/STM32F3xx_HAL_Driver/Src/stm32f3xx_hal_gpio.c ****         HAL_GPIO_WritePin()/HAL_GPIO_TogglePin().
  75:Drivers/STM32F3xx_HAL_Driver/Src/stm32f3xx_hal_gpio.c **** 
  76:Drivers/STM32F3xx_HAL_Driver/Src/stm32f3xx_hal_gpio.c ****    (#) To lock pin configuration until next reset use HAL_GPIO_LockPin().
  77:Drivers/STM32F3xx_HAL_Driver/Src/stm32f3xx_hal_gpio.c ****   
  78:Drivers/STM32F3xx_HAL_Driver/Src/stm32f3xx_hal_gpio.c ****     (#) During and just after reset, the alternate functions are not
  79:Drivers/STM32F3xx_HAL_Driver/Src/stm32f3xx_hal_gpio.c ****         active and the GPIO pins are configured in input floating mode (except JTAG
  80:Drivers/STM32F3xx_HAL_Driver/Src/stm32f3xx_hal_gpio.c ****         pins).
  81:Drivers/STM32F3xx_HAL_Driver/Src/stm32f3xx_hal_gpio.c **** 
  82:Drivers/STM32F3xx_HAL_Driver/Src/stm32f3xx_hal_gpio.c ****     (#) The LSE oscillator pins OSC32_IN and OSC32_OUT can be used as general purpose
  83:Drivers/STM32F3xx_HAL_Driver/Src/stm32f3xx_hal_gpio.c ****         (PC14 and PC15U, respectively) when the LSE oscillator is off. The LSE has
  84:Drivers/STM32F3xx_HAL_Driver/Src/stm32f3xx_hal_gpio.c ****         priority over the GPIO function.
  85:Drivers/STM32F3xx_HAL_Driver/Src/stm32f3xx_hal_gpio.c **** 
  86:Drivers/STM32F3xx_HAL_Driver/Src/stm32f3xx_hal_gpio.c ****     (#) The HSE oscillator pins OSC_IN/OSC_OUT can be used as
  87:Drivers/STM32F3xx_HAL_Driver/Src/stm32f3xx_hal_gpio.c ****         general purpose PF0 and PF1, respectively, when the HSE oscillator is off.
  88:Drivers/STM32F3xx_HAL_Driver/Src/stm32f3xx_hal_gpio.c ****         The HSE has priority over the GPIO function.
ARM GAS  /var/folders/hm/d3zjjmsn0l94vys0c33c49nh0000gn/T//ccqtZq6T.s 			page 3


  89:Drivers/STM32F3xx_HAL_Driver/Src/stm32f3xx_hal_gpio.c **** 
  90:Drivers/STM32F3xx_HAL_Driver/Src/stm32f3xx_hal_gpio.c ****   @endverbatim
  91:Drivers/STM32F3xx_HAL_Driver/Src/stm32f3xx_hal_gpio.c ****   ******************************************************************************
  92:Drivers/STM32F3xx_HAL_Driver/Src/stm32f3xx_hal_gpio.c ****   * @attention
  93:Drivers/STM32F3xx_HAL_Driver/Src/stm32f3xx_hal_gpio.c ****   *
  94:Drivers/STM32F3xx_HAL_Driver/Src/stm32f3xx_hal_gpio.c ****   * <h2><center>&copy; COPYRIGHT(c) 2016 STMicroelectronics</center></h2>
  95:Drivers/STM32F3xx_HAL_Driver/Src/stm32f3xx_hal_gpio.c ****   *
  96:Drivers/STM32F3xx_HAL_Driver/Src/stm32f3xx_hal_gpio.c ****   * Redistribution and use in source and binary forms, with or without modification,
  97:Drivers/STM32F3xx_HAL_Driver/Src/stm32f3xx_hal_gpio.c ****   * are permitted provided that the following conditions are met:
  98:Drivers/STM32F3xx_HAL_Driver/Src/stm32f3xx_hal_gpio.c ****   *   1. Redistributions of source code must retain the above copyright notice,
  99:Drivers/STM32F3xx_HAL_Driver/Src/stm32f3xx_hal_gpio.c ****   *      this list of conditions and the following disclaimer.
 100:Drivers/STM32F3xx_HAL_Driver/Src/stm32f3xx_hal_gpio.c ****   *   2. Redistributions in binary form must reproduce the above copyright notice,
 101:Drivers/STM32F3xx_HAL_Driver/Src/stm32f3xx_hal_gpio.c ****   *      this list of conditions and the following disclaimer in the documentation
 102:Drivers/STM32F3xx_HAL_Driver/Src/stm32f3xx_hal_gpio.c ****   *      and/or other materials provided with the distribution.
 103:Drivers/STM32F3xx_HAL_Driver/Src/stm32f3xx_hal_gpio.c ****   *   3. Neither the name of STMicroelectronics nor the names of its contributors
 104:Drivers/STM32F3xx_HAL_Driver/Src/stm32f3xx_hal_gpio.c ****   *      may be used to endorse or promote products derived from this software
 105:Drivers/STM32F3xx_HAL_Driver/Src/stm32f3xx_hal_gpio.c ****   *      without specific prior written permission.
 106:Drivers/STM32F3xx_HAL_Driver/Src/stm32f3xx_hal_gpio.c ****   *
 107:Drivers/STM32F3xx_HAL_Driver/Src/stm32f3xx_hal_gpio.c ****   * THIS SOFTWARE IS PROVIDED BY THE COPYRIGHT HOLDERS AND CONTRIBUTORS "AS IS"
 108:Drivers/STM32F3xx_HAL_Driver/Src/stm32f3xx_hal_gpio.c ****   * AND ANY EXPRESS OR IMPLIED WARRANTIES, INCLUDING, BUT NOT LIMITED TO, THE
 109:Drivers/STM32F3xx_HAL_Driver/Src/stm32f3xx_hal_gpio.c ****   * IMPLIED WARRANTIES OF MERCHANTABILITY AND FITNESS FOR A PARTICULAR PURPOSE ARE
 110:Drivers/STM32F3xx_HAL_Driver/Src/stm32f3xx_hal_gpio.c ****   * DISCLAIMED. IN NO EVENT SHALL THE COPYRIGHT HOLDER OR CONTRIBUTORS BE LIABLE
 111:Drivers/STM32F3xx_HAL_Driver/Src/stm32f3xx_hal_gpio.c ****   * FOR ANY DIRECT, INDIRECT, INCIDENTAL, SPECIAL, EXEMPLARY, OR CONSEQUENTIAL
 112:Drivers/STM32F3xx_HAL_Driver/Src/stm32f3xx_hal_gpio.c ****   * DAMAGES (INCLUDING, BUT NOT LIMITED TO, PROCUREMENT OF SUBSTITUTE GOODS OR
 113:Drivers/STM32F3xx_HAL_Driver/Src/stm32f3xx_hal_gpio.c ****   * SERVICES; LOSS OF USE, DATA, OR PROFITS; OR BUSINESS INTERRUPTION) HOWEVER
 114:Drivers/STM32F3xx_HAL_Driver/Src/stm32f3xx_hal_gpio.c ****   * CAUSED AND ON ANY THEORY OF LIABILITY, WHETHER IN CONTRACT, STRICT LIABILITY,
 115:Drivers/STM32F3xx_HAL_Driver/Src/stm32f3xx_hal_gpio.c ****   * OR TORT (INCLUDING NEGLIGENCE OR OTHERWISE) ARISING IN ANY WAY OUT OF THE USE
 116:Drivers/STM32F3xx_HAL_Driver/Src/stm32f3xx_hal_gpio.c ****   * OF THIS SOFTWARE, EVEN IF ADVISED OF THE POSSIBILITY OF SUCH DAMAGE.
 117:Drivers/STM32F3xx_HAL_Driver/Src/stm32f3xx_hal_gpio.c ****   *
 118:Drivers/STM32F3xx_HAL_Driver/Src/stm32f3xx_hal_gpio.c ****   ******************************************************************************
 119:Drivers/STM32F3xx_HAL_Driver/Src/stm32f3xx_hal_gpio.c ****   */
 120:Drivers/STM32F3xx_HAL_Driver/Src/stm32f3xx_hal_gpio.c **** 
 121:Drivers/STM32F3xx_HAL_Driver/Src/stm32f3xx_hal_gpio.c **** /* Includes ------------------------------------------------------------------*/
 122:Drivers/STM32F3xx_HAL_Driver/Src/stm32f3xx_hal_gpio.c **** #include "stm32f3xx_hal.h"
 123:Drivers/STM32F3xx_HAL_Driver/Src/stm32f3xx_hal_gpio.c **** 
 124:Drivers/STM32F3xx_HAL_Driver/Src/stm32f3xx_hal_gpio.c **** /** @addtogroup STM32F3xx_HAL_Driver
 125:Drivers/STM32F3xx_HAL_Driver/Src/stm32f3xx_hal_gpio.c ****   * @{
 126:Drivers/STM32F3xx_HAL_Driver/Src/stm32f3xx_hal_gpio.c ****   */
 127:Drivers/STM32F3xx_HAL_Driver/Src/stm32f3xx_hal_gpio.c **** 
 128:Drivers/STM32F3xx_HAL_Driver/Src/stm32f3xx_hal_gpio.c **** /** @defgroup GPIO GPIO
 129:Drivers/STM32F3xx_HAL_Driver/Src/stm32f3xx_hal_gpio.c ****   * @brief GPIO HAL module driver
 130:Drivers/STM32F3xx_HAL_Driver/Src/stm32f3xx_hal_gpio.c ****   * @{
 131:Drivers/STM32F3xx_HAL_Driver/Src/stm32f3xx_hal_gpio.c ****   */
 132:Drivers/STM32F3xx_HAL_Driver/Src/stm32f3xx_hal_gpio.c **** 
 133:Drivers/STM32F3xx_HAL_Driver/Src/stm32f3xx_hal_gpio.c **** #ifdef HAL_GPIO_MODULE_ENABLED
 134:Drivers/STM32F3xx_HAL_Driver/Src/stm32f3xx_hal_gpio.c **** 
 135:Drivers/STM32F3xx_HAL_Driver/Src/stm32f3xx_hal_gpio.c **** /* Private typedef -----------------------------------------------------------*/
 136:Drivers/STM32F3xx_HAL_Driver/Src/stm32f3xx_hal_gpio.c **** /* Private defines -----------------------------------------------------------*/
 137:Drivers/STM32F3xx_HAL_Driver/Src/stm32f3xx_hal_gpio.c **** /** @defgroup GPIO_Private_Defines GPIO Private Defines
 138:Drivers/STM32F3xx_HAL_Driver/Src/stm32f3xx_hal_gpio.c ****   * @{
 139:Drivers/STM32F3xx_HAL_Driver/Src/stm32f3xx_hal_gpio.c ****   */
 140:Drivers/STM32F3xx_HAL_Driver/Src/stm32f3xx_hal_gpio.c **** #define GPIO_MODE             (0x00000003U)
 141:Drivers/STM32F3xx_HAL_Driver/Src/stm32f3xx_hal_gpio.c **** #define EXTI_MODE             (0x10000000U)
 142:Drivers/STM32F3xx_HAL_Driver/Src/stm32f3xx_hal_gpio.c **** #define GPIO_MODE_IT          (0x00010000U)
 143:Drivers/STM32F3xx_HAL_Driver/Src/stm32f3xx_hal_gpio.c **** #define GPIO_MODE_EVT         (0x00020000U)
 144:Drivers/STM32F3xx_HAL_Driver/Src/stm32f3xx_hal_gpio.c **** #define RISING_EDGE           (0x00100000U)
 145:Drivers/STM32F3xx_HAL_Driver/Src/stm32f3xx_hal_gpio.c **** #define FALLING_EDGE          (0x00200000U)
ARM GAS  /var/folders/hm/d3zjjmsn0l94vys0c33c49nh0000gn/T//ccqtZq6T.s 			page 4


 146:Drivers/STM32F3xx_HAL_Driver/Src/stm32f3xx_hal_gpio.c **** #define GPIO_OUTPUT_TYPE      (0x00000010U)
 147:Drivers/STM32F3xx_HAL_Driver/Src/stm32f3xx_hal_gpio.c **** 
 148:Drivers/STM32F3xx_HAL_Driver/Src/stm32f3xx_hal_gpio.c **** #define GPIO_NUMBER           (16U)
 149:Drivers/STM32F3xx_HAL_Driver/Src/stm32f3xx_hal_gpio.c **** /**
 150:Drivers/STM32F3xx_HAL_Driver/Src/stm32f3xx_hal_gpio.c ****   * @}
 151:Drivers/STM32F3xx_HAL_Driver/Src/stm32f3xx_hal_gpio.c ****   */
 152:Drivers/STM32F3xx_HAL_Driver/Src/stm32f3xx_hal_gpio.c ****   
 153:Drivers/STM32F3xx_HAL_Driver/Src/stm32f3xx_hal_gpio.c **** /* Private macros ------------------------------------------------------------*/
 154:Drivers/STM32F3xx_HAL_Driver/Src/stm32f3xx_hal_gpio.c **** /* Private macros ------------------------------------------------------------*/
 155:Drivers/STM32F3xx_HAL_Driver/Src/stm32f3xx_hal_gpio.c **** /** @defgroup GPIO_Private_Macros GPIO Private Macros
 156:Drivers/STM32F3xx_HAL_Driver/Src/stm32f3xx_hal_gpio.c ****   * @{
 157:Drivers/STM32F3xx_HAL_Driver/Src/stm32f3xx_hal_gpio.c ****   */
 158:Drivers/STM32F3xx_HAL_Driver/Src/stm32f3xx_hal_gpio.c **** /**
 159:Drivers/STM32F3xx_HAL_Driver/Src/stm32f3xx_hal_gpio.c ****   * @}
 160:Drivers/STM32F3xx_HAL_Driver/Src/stm32f3xx_hal_gpio.c ****   */
 161:Drivers/STM32F3xx_HAL_Driver/Src/stm32f3xx_hal_gpio.c **** /* Private variables ---------------------------------------------------------*/
 162:Drivers/STM32F3xx_HAL_Driver/Src/stm32f3xx_hal_gpio.c **** /* Private function prototypes -----------------------------------------------*/
 163:Drivers/STM32F3xx_HAL_Driver/Src/stm32f3xx_hal_gpio.c **** /* Exported functions --------------------------------------------------------*/
 164:Drivers/STM32F3xx_HAL_Driver/Src/stm32f3xx_hal_gpio.c **** 
 165:Drivers/STM32F3xx_HAL_Driver/Src/stm32f3xx_hal_gpio.c **** /** @defgroup GPIO_Exported_Functions GPIO Exported Functions
 166:Drivers/STM32F3xx_HAL_Driver/Src/stm32f3xx_hal_gpio.c ****   * @{
 167:Drivers/STM32F3xx_HAL_Driver/Src/stm32f3xx_hal_gpio.c ****   */
 168:Drivers/STM32F3xx_HAL_Driver/Src/stm32f3xx_hal_gpio.c **** 
 169:Drivers/STM32F3xx_HAL_Driver/Src/stm32f3xx_hal_gpio.c **** /** @defgroup GPIO_Exported_Functions_Group1 Initialization/de-initialization functions 
 170:Drivers/STM32F3xx_HAL_Driver/Src/stm32f3xx_hal_gpio.c ****  *  @brief    Initialization and Configuration functions
 171:Drivers/STM32F3xx_HAL_Driver/Src/stm32f3xx_hal_gpio.c ****  *
 172:Drivers/STM32F3xx_HAL_Driver/Src/stm32f3xx_hal_gpio.c **** @verbatim
 173:Drivers/STM32F3xx_HAL_Driver/Src/stm32f3xx_hal_gpio.c ****  ===============================================================================
 174:Drivers/STM32F3xx_HAL_Driver/Src/stm32f3xx_hal_gpio.c ****               ##### Initialization and de-initialization functions #####
 175:Drivers/STM32F3xx_HAL_Driver/Src/stm32f3xx_hal_gpio.c ****  ===============================================================================
 176:Drivers/STM32F3xx_HAL_Driver/Src/stm32f3xx_hal_gpio.c **** 
 177:Drivers/STM32F3xx_HAL_Driver/Src/stm32f3xx_hal_gpio.c **** @endverbatim
 178:Drivers/STM32F3xx_HAL_Driver/Src/stm32f3xx_hal_gpio.c ****   * @{
 179:Drivers/STM32F3xx_HAL_Driver/Src/stm32f3xx_hal_gpio.c ****   */
 180:Drivers/STM32F3xx_HAL_Driver/Src/stm32f3xx_hal_gpio.c **** 
 181:Drivers/STM32F3xx_HAL_Driver/Src/stm32f3xx_hal_gpio.c **** /**
 182:Drivers/STM32F3xx_HAL_Driver/Src/stm32f3xx_hal_gpio.c ****   * @brief  Initialize the GPIOx peripheral according to the specified parameters in the GPIO_Init.
 183:Drivers/STM32F3xx_HAL_Driver/Src/stm32f3xx_hal_gpio.c ****   * @param  GPIOx where x can be (A..F) to select the GPIO peripheral for STM32F3 family devices
 184:Drivers/STM32F3xx_HAL_Driver/Src/stm32f3xx_hal_gpio.c ****   * @param  GPIO_Init pointer to a GPIO_InitTypeDef structure that contains
 185:Drivers/STM32F3xx_HAL_Driver/Src/stm32f3xx_hal_gpio.c ****   *         the configuration information for the specified GPIO peripheral.
 186:Drivers/STM32F3xx_HAL_Driver/Src/stm32f3xx_hal_gpio.c ****   * @retval None
 187:Drivers/STM32F3xx_HAL_Driver/Src/stm32f3xx_hal_gpio.c ****   */
 188:Drivers/STM32F3xx_HAL_Driver/Src/stm32f3xx_hal_gpio.c **** void HAL_GPIO_Init(GPIO_TypeDef  *GPIOx, GPIO_InitTypeDef *GPIO_Init)
 189:Drivers/STM32F3xx_HAL_Driver/Src/stm32f3xx_hal_gpio.c **** {
  28              		.loc 1 189 0
  29              		.cfi_startproc
  30              		@ args = 0, pretend = 0, frame = 8
  31              		@ frame_needed = 0, uses_anonymous_args = 0
  32              	.LVL0:
  33 0000 F0B5     		push	{r4, r5, r6, r7, lr}
  34              		.cfi_def_cfa_offset 20
  35              		.cfi_offset 4, -20
  36              		.cfi_offset 5, -16
  37              		.cfi_offset 6, -12
  38              		.cfi_offset 7, -8
  39              		.cfi_offset 14, -4
  40 0002 83B0     		sub	sp, sp, #12
ARM GAS  /var/folders/hm/d3zjjmsn0l94vys0c33c49nh0000gn/T//ccqtZq6T.s 			page 5


  41              		.cfi_def_cfa_offset 32
  42              	.LVL1:
 190:Drivers/STM32F3xx_HAL_Driver/Src/stm32f3xx_hal_gpio.c ****   uint32_t position = 0x00U;
  43              		.loc 1 190 0
  44 0004 0023     		movs	r3, #0
 191:Drivers/STM32F3xx_HAL_Driver/Src/stm32f3xx_hal_gpio.c ****   uint32_t iocurrent = 0x00U;
 192:Drivers/STM32F3xx_HAL_Driver/Src/stm32f3xx_hal_gpio.c ****   uint32_t temp = 0x00U;
 193:Drivers/STM32F3xx_HAL_Driver/Src/stm32f3xx_hal_gpio.c **** 
 194:Drivers/STM32F3xx_HAL_Driver/Src/stm32f3xx_hal_gpio.c ****   /* Check the parameters */
 195:Drivers/STM32F3xx_HAL_Driver/Src/stm32f3xx_hal_gpio.c ****   assert_param(IS_GPIO_ALL_INSTANCE(GPIOx));
 196:Drivers/STM32F3xx_HAL_Driver/Src/stm32f3xx_hal_gpio.c ****   assert_param(IS_GPIO_PIN(GPIO_Init->Pin));
 197:Drivers/STM32F3xx_HAL_Driver/Src/stm32f3xx_hal_gpio.c ****   assert_param(IS_GPIO_MODE(GPIO_Init->Mode));
 198:Drivers/STM32F3xx_HAL_Driver/Src/stm32f3xx_hal_gpio.c ****   assert_param(IS_GPIO_PULL(GPIO_Init->Pull));
 199:Drivers/STM32F3xx_HAL_Driver/Src/stm32f3xx_hal_gpio.c **** 
 200:Drivers/STM32F3xx_HAL_Driver/Src/stm32f3xx_hal_gpio.c ****   /* Configure the port pins */
 201:Drivers/STM32F3xx_HAL_Driver/Src/stm32f3xx_hal_gpio.c ****   while (((GPIO_Init->Pin) >> position) != RESET)
  45              		.loc 1 201 0
  46 0006 88E0     		b	.L2
  47              	.LVL2:
  48              	.L4:
 202:Drivers/STM32F3xx_HAL_Driver/Src/stm32f3xx_hal_gpio.c ****   {
 203:Drivers/STM32F3xx_HAL_Driver/Src/stm32f3xx_hal_gpio.c ****     /* Get current io position */
 204:Drivers/STM32F3xx_HAL_Driver/Src/stm32f3xx_hal_gpio.c ****     iocurrent = (GPIO_Init->Pin) & (1U << position);
 205:Drivers/STM32F3xx_HAL_Driver/Src/stm32f3xx_hal_gpio.c **** 
 206:Drivers/STM32F3xx_HAL_Driver/Src/stm32f3xx_hal_gpio.c ****     if(iocurrent)
 207:Drivers/STM32F3xx_HAL_Driver/Src/stm32f3xx_hal_gpio.c ****     {
 208:Drivers/STM32F3xx_HAL_Driver/Src/stm32f3xx_hal_gpio.c ****       /*--------------------- GPIO Mode Configuration ------------------------*/
 209:Drivers/STM32F3xx_HAL_Driver/Src/stm32f3xx_hal_gpio.c ****       /* In case of Alternate function mode selection */
 210:Drivers/STM32F3xx_HAL_Driver/Src/stm32f3xx_hal_gpio.c ****       if((GPIO_Init->Mode == GPIO_MODE_AF_PP) || (GPIO_Init->Mode == GPIO_MODE_AF_OD))
 211:Drivers/STM32F3xx_HAL_Driver/Src/stm32f3xx_hal_gpio.c ****       {
 212:Drivers/STM32F3xx_HAL_Driver/Src/stm32f3xx_hal_gpio.c ****         /* Check the Alternate function parameters */
 213:Drivers/STM32F3xx_HAL_Driver/Src/stm32f3xx_hal_gpio.c ****         assert_param(IS_GPIO_AF_INSTANCE(GPIOx));
 214:Drivers/STM32F3xx_HAL_Driver/Src/stm32f3xx_hal_gpio.c ****         assert_param(IS_GPIO_AF(GPIO_Init->Alternate));
 215:Drivers/STM32F3xx_HAL_Driver/Src/stm32f3xx_hal_gpio.c ****         
 216:Drivers/STM32F3xx_HAL_Driver/Src/stm32f3xx_hal_gpio.c ****         /* Configure Alternate function mapped with the current IO */
 217:Drivers/STM32F3xx_HAL_Driver/Src/stm32f3xx_hal_gpio.c ****         temp = GPIOx->AFR[position >> 3];
  49              		.loc 1 217 0
  50 0008 DE08     		lsrs	r6, r3, #3
  51 000a 0836     		adds	r6, r6, #8
  52 000c 50F82640 		ldr	r4, [r0, r6, lsl #2]
  53              	.LVL3:
 218:Drivers/STM32F3xx_HAL_Driver/Src/stm32f3xx_hal_gpio.c ****         temp &= ~(0xFU << ((uint32_t)(position & 0x07U) * 4U)) ;
  54              		.loc 1 218 0
  55 0010 03F0070E 		and	lr, r3, #7
  56 0014 4FEA8E0E 		lsl	lr, lr, #2
  57 0018 0F27     		movs	r7, #15
  58 001a 07FA0EF7 		lsl	r7, r7, lr
  59 001e 24EA0704 		bic	r4, r4, r7
  60              	.LVL4:
 219:Drivers/STM32F3xx_HAL_Driver/Src/stm32f3xx_hal_gpio.c ****         temp |= ((uint32_t)(GPIO_Init->Alternate) << (((uint32_t)position & 0x07U) * 4U));
  61              		.loc 1 219 0
  62 0022 0F69     		ldr	r7, [r1, #16]
  63 0024 07FA0EF7 		lsl	r7, r7, lr
  64 0028 3C43     		orrs	r4, r4, r7
  65              	.LVL5:
 220:Drivers/STM32F3xx_HAL_Driver/Src/stm32f3xx_hal_gpio.c ****         GPIOx->AFR[position >> 3] = temp;
  66              		.loc 1 220 0
ARM GAS  /var/folders/hm/d3zjjmsn0l94vys0c33c49nh0000gn/T//ccqtZq6T.s 			page 6


  67 002a 40F82640 		str	r4, [r0, r6, lsl #2]
  68 002e 83E0     		b	.L5
  69              	.LVL6:
  70              	.L6:
 221:Drivers/STM32F3xx_HAL_Driver/Src/stm32f3xx_hal_gpio.c ****       }
 222:Drivers/STM32F3xx_HAL_Driver/Src/stm32f3xx_hal_gpio.c **** 
 223:Drivers/STM32F3xx_HAL_Driver/Src/stm32f3xx_hal_gpio.c ****       /* Configure IO Direction mode (Input, Output, Alternate or Analog) */
 224:Drivers/STM32F3xx_HAL_Driver/Src/stm32f3xx_hal_gpio.c ****       temp = GPIOx->MODER;
 225:Drivers/STM32F3xx_HAL_Driver/Src/stm32f3xx_hal_gpio.c ****       temp &= ~(GPIO_MODER_MODER0 << (position * 2U));
 226:Drivers/STM32F3xx_HAL_Driver/Src/stm32f3xx_hal_gpio.c ****       temp |= ((GPIO_Init->Mode & GPIO_MODE) << (position * 2U));
 227:Drivers/STM32F3xx_HAL_Driver/Src/stm32f3xx_hal_gpio.c ****       GPIOx->MODER = temp;
 228:Drivers/STM32F3xx_HAL_Driver/Src/stm32f3xx_hal_gpio.c **** 
 229:Drivers/STM32F3xx_HAL_Driver/Src/stm32f3xx_hal_gpio.c ****       /* In case of Output or Alternate function mode selection */
 230:Drivers/STM32F3xx_HAL_Driver/Src/stm32f3xx_hal_gpio.c ****       if((GPIO_Init->Mode == GPIO_MODE_OUTPUT_PP) || (GPIO_Init->Mode == GPIO_MODE_AF_PP) ||
 231:Drivers/STM32F3xx_HAL_Driver/Src/stm32f3xx_hal_gpio.c ****          (GPIO_Init->Mode == GPIO_MODE_OUTPUT_OD) || (GPIO_Init->Mode == GPIO_MODE_AF_OD))
 232:Drivers/STM32F3xx_HAL_Driver/Src/stm32f3xx_hal_gpio.c ****       {
 233:Drivers/STM32F3xx_HAL_Driver/Src/stm32f3xx_hal_gpio.c ****         /* Check the Speed parameter */
 234:Drivers/STM32F3xx_HAL_Driver/Src/stm32f3xx_hal_gpio.c ****         assert_param(IS_GPIO_SPEED(GPIO_Init->Speed));
 235:Drivers/STM32F3xx_HAL_Driver/Src/stm32f3xx_hal_gpio.c ****         /* Configure the IO Speed */
 236:Drivers/STM32F3xx_HAL_Driver/Src/stm32f3xx_hal_gpio.c ****         temp = GPIOx->OSPEEDR;
  71              		.loc 1 236 0
  72 0030 8668     		ldr	r6, [r0, #8]
  73              	.LVL7:
 237:Drivers/STM32F3xx_HAL_Driver/Src/stm32f3xx_hal_gpio.c ****         temp &= ~(GPIO_OSPEEDER_OSPEEDR0 << (position * 2U));
  74              		.loc 1 237 0
  75 0032 2640     		ands	r6, r6, r4
  76              	.LVL8:
 238:Drivers/STM32F3xx_HAL_Driver/Src/stm32f3xx_hal_gpio.c ****         temp |= (GPIO_Init->Speed << (position * 2U));
  77              		.loc 1 238 0
  78 0034 CF68     		ldr	r7, [r1, #12]
  79 0036 07FA0EF7 		lsl	r7, r7, lr
  80 003a 3E43     		orrs	r6, r6, r7
  81              	.LVL9:
 239:Drivers/STM32F3xx_HAL_Driver/Src/stm32f3xx_hal_gpio.c ****         GPIOx->OSPEEDR = temp;
  82              		.loc 1 239 0
  83 003c 8660     		str	r6, [r0, #8]
 240:Drivers/STM32F3xx_HAL_Driver/Src/stm32f3xx_hal_gpio.c **** 
 241:Drivers/STM32F3xx_HAL_Driver/Src/stm32f3xx_hal_gpio.c ****         /* Configure the IO Output Type */
 242:Drivers/STM32F3xx_HAL_Driver/Src/stm32f3xx_hal_gpio.c ****         temp = GPIOx->OTYPER;
  84              		.loc 1 242 0
  85 003e 4668     		ldr	r6, [r0, #4]
  86              	.LVL10:
 243:Drivers/STM32F3xx_HAL_Driver/Src/stm32f3xx_hal_gpio.c ****         temp &= ~(GPIO_OTYPER_OT_0 << position) ;
  87              		.loc 1 243 0
  88 0040 26EA0505 		bic	r5, r6, r5
  89              	.LVL11:
 244:Drivers/STM32F3xx_HAL_Driver/Src/stm32f3xx_hal_gpio.c ****         temp |= (((GPIO_Init->Mode & GPIO_OUTPUT_TYPE) >> 4U) << position);
  90              		.loc 1 244 0
  91 0044 4E68     		ldr	r6, [r1, #4]
  92 0046 C6F30016 		ubfx	r6, r6, #4, #1
  93 004a 9E40     		lsls	r6, r6, r3
  94 004c 3543     		orrs	r5, r5, r6
  95              	.LVL12:
 245:Drivers/STM32F3xx_HAL_Driver/Src/stm32f3xx_hal_gpio.c ****         GPIOx->OTYPER = temp;
  96              		.loc 1 245 0
  97 004e 4560     		str	r5, [r0, #4]
  98              	.LVL13:
ARM GAS  /var/folders/hm/d3zjjmsn0l94vys0c33c49nh0000gn/T//ccqtZq6T.s 			page 7


  99              	.L7:
 246:Drivers/STM32F3xx_HAL_Driver/Src/stm32f3xx_hal_gpio.c ****       }
 247:Drivers/STM32F3xx_HAL_Driver/Src/stm32f3xx_hal_gpio.c **** 
 248:Drivers/STM32F3xx_HAL_Driver/Src/stm32f3xx_hal_gpio.c ****       /* Activate the Pull-up or Pull down resistor for the current IO */
 249:Drivers/STM32F3xx_HAL_Driver/Src/stm32f3xx_hal_gpio.c ****       temp = GPIOx->PUPDR;
 100              		.loc 1 249 0
 101 0050 C568     		ldr	r5, [r0, #12]
 102              	.LVL14:
 250:Drivers/STM32F3xx_HAL_Driver/Src/stm32f3xx_hal_gpio.c ****       temp &= ~(GPIO_PUPDR_PUPDR0 << (position * 2U));
 103              		.loc 1 250 0
 104 0052 2C40     		ands	r4, r4, r5
 105              	.LVL15:
 251:Drivers/STM32F3xx_HAL_Driver/Src/stm32f3xx_hal_gpio.c ****       temp |= ((GPIO_Init->Pull) << (position * 2U));
 106              		.loc 1 251 0
 107 0054 8D68     		ldr	r5, [r1, #8]
 108 0056 05FA0EF5 		lsl	r5, r5, lr
 109 005a 2C43     		orrs	r4, r4, r5
 110              	.LVL16:
 252:Drivers/STM32F3xx_HAL_Driver/Src/stm32f3xx_hal_gpio.c ****       GPIOx->PUPDR = temp;
 111              		.loc 1 252 0
 112 005c C460     		str	r4, [r0, #12]
 253:Drivers/STM32F3xx_HAL_Driver/Src/stm32f3xx_hal_gpio.c **** 
 254:Drivers/STM32F3xx_HAL_Driver/Src/stm32f3xx_hal_gpio.c ****       /*--------------------- EXTI Mode Configuration ------------------------*/
 255:Drivers/STM32F3xx_HAL_Driver/Src/stm32f3xx_hal_gpio.c ****       /* Configure the External Interrupt or event for the current IO */
 256:Drivers/STM32F3xx_HAL_Driver/Src/stm32f3xx_hal_gpio.c ****       if((GPIO_Init->Mode & EXTI_MODE) == EXTI_MODE)
 113              		.loc 1 256 0
 114 005e 4C68     		ldr	r4, [r1, #4]
 115              	.LVL17:
 116 0060 14F0805F 		tst	r4, #268435456
 117 0064 58D0     		beq	.L3
 118              	.LBB2:
 257:Drivers/STM32F3xx_HAL_Driver/Src/stm32f3xx_hal_gpio.c ****       {
 258:Drivers/STM32F3xx_HAL_Driver/Src/stm32f3xx_hal_gpio.c ****         /* Enable SYSCFG Clock */
 259:Drivers/STM32F3xx_HAL_Driver/Src/stm32f3xx_hal_gpio.c ****         __HAL_RCC_SYSCFG_CLK_ENABLE();
 119              		.loc 1 259 0
 120 0066 474C     		ldr	r4, .L21
 121 0068 A569     		ldr	r5, [r4, #24]
 122 006a 45F00105 		orr	r5, r5, #1
 123 006e A561     		str	r5, [r4, #24]
 124              	.LVL18:
 125 0070 A469     		ldr	r4, [r4, #24]
 126 0072 04F00104 		and	r4, r4, #1
 127 0076 0194     		str	r4, [sp, #4]
 128 0078 019C     		ldr	r4, [sp, #4]
 129              	.LBE2:
 260:Drivers/STM32F3xx_HAL_Driver/Src/stm32f3xx_hal_gpio.c **** 
 261:Drivers/STM32F3xx_HAL_Driver/Src/stm32f3xx_hal_gpio.c ****         temp = SYSCFG->EXTICR[position >> 2];
 130              		.loc 1 261 0
 131 007a 9D08     		lsrs	r5, r3, #2
 132 007c AE1C     		adds	r6, r5, #2
 133 007e 424C     		ldr	r4, .L21+4
 134 0080 54F82640 		ldr	r4, [r4, r6, lsl #2]
 135              	.LVL19:
 262:Drivers/STM32F3xx_HAL_Driver/Src/stm32f3xx_hal_gpio.c ****         temp &= ~((0x0FU) << (4U * (position & 0x03U)));
 136              		.loc 1 262 0
 137 0084 03F00306 		and	r6, r3, #3
 138 0088 B600     		lsls	r6, r6, #2
ARM GAS  /var/folders/hm/d3zjjmsn0l94vys0c33c49nh0000gn/T//ccqtZq6T.s 			page 8


 139 008a 0F27     		movs	r7, #15
 140 008c B740     		lsls	r7, r7, r6
 141 008e 24EA0704 		bic	r4, r4, r7
 142              	.LVL20:
 263:Drivers/STM32F3xx_HAL_Driver/Src/stm32f3xx_hal_gpio.c ****         temp |= (GPIO_GET_INDEX(GPIOx) << (4U * (position & 0x03U)));
 143              		.loc 1 263 0
 144 0092 B0F1904F 		cmp	r0, #1207959552
 145 0096 6CD0     		beq	.L14
 146              		.loc 1 263 0 is_stmt 0 discriminator 1
 147 0098 3C4F     		ldr	r7, .L21+8
 148 009a B842     		cmp	r0, r7
 149 009c 6BD0     		beq	.L15
 150              		.loc 1 263 0 discriminator 3
 151 009e 07F58067 		add	r7, r7, #1024
 152 00a2 B842     		cmp	r0, r7
 153 00a4 69D0     		beq	.L16
 154              		.loc 1 263 0 discriminator 5
 155 00a6 07F58067 		add	r7, r7, #1024
 156 00aa B842     		cmp	r0, r7
 157 00ac 5FD0     		beq	.L19
 158              		.loc 1 263 0
 159 00ae 0527     		movs	r7, #5
 160              	.L8:
 161              		.loc 1 263 0 discriminator 16
 162 00b0 07FA06F6 		lsl	r6, r7, r6
 163 00b4 3443     		orrs	r4, r4, r6
 164              	.LVL21:
 264:Drivers/STM32F3xx_HAL_Driver/Src/stm32f3xx_hal_gpio.c ****         SYSCFG->EXTICR[position >> 2] = temp;
 165              		.loc 1 264 0 is_stmt 1 discriminator 16
 166 00b6 0235     		adds	r5, r5, #2
 167 00b8 334E     		ldr	r6, .L21+4
 168 00ba 46F82540 		str	r4, [r6, r5, lsl #2]
 265:Drivers/STM32F3xx_HAL_Driver/Src/stm32f3xx_hal_gpio.c **** 
 266:Drivers/STM32F3xx_HAL_Driver/Src/stm32f3xx_hal_gpio.c ****         /* Clear EXTI line configuration */
 267:Drivers/STM32F3xx_HAL_Driver/Src/stm32f3xx_hal_gpio.c ****         temp = EXTI->IMR;
 169              		.loc 1 267 0 discriminator 16
 170 00be 344C     		ldr	r4, .L21+12
 171              	.LVL22:
 172 00c0 2568     		ldr	r5, [r4]
 173              	.LVL23:
 268:Drivers/STM32F3xx_HAL_Driver/Src/stm32f3xx_hal_gpio.c ****         temp &= ~((uint32_t)iocurrent);
 174              		.loc 1 268 0 discriminator 16
 175 00c2 D443     		mvns	r4, r2
 176 00c4 05EA0406 		and	r6, r5, r4
 177              	.LVL24:
 269:Drivers/STM32F3xx_HAL_Driver/Src/stm32f3xx_hal_gpio.c ****         if((GPIO_Init->Mode & GPIO_MODE_IT) == GPIO_MODE_IT)
 178              		.loc 1 269 0 discriminator 16
 179 00c8 4F68     		ldr	r7, [r1, #4]
 180 00ca 17F4803F 		tst	r7, #65536
 181 00ce 01D0     		beq	.L9
 270:Drivers/STM32F3xx_HAL_Driver/Src/stm32f3xx_hal_gpio.c ****         {
 271:Drivers/STM32F3xx_HAL_Driver/Src/stm32f3xx_hal_gpio.c ****           temp |= iocurrent;
 182              		.loc 1 271 0
 183 00d0 42EA0506 		orr	r6, r2, r5
 184              	.LVL25:
 185              	.L9:
 272:Drivers/STM32F3xx_HAL_Driver/Src/stm32f3xx_hal_gpio.c ****         }
ARM GAS  /var/folders/hm/d3zjjmsn0l94vys0c33c49nh0000gn/T//ccqtZq6T.s 			page 9


 273:Drivers/STM32F3xx_HAL_Driver/Src/stm32f3xx_hal_gpio.c ****         EXTI->IMR = temp;
 186              		.loc 1 273 0
 187 00d4 2E4D     		ldr	r5, .L21+12
 188 00d6 2E60     		str	r6, [r5]
 274:Drivers/STM32F3xx_HAL_Driver/Src/stm32f3xx_hal_gpio.c **** 
 275:Drivers/STM32F3xx_HAL_Driver/Src/stm32f3xx_hal_gpio.c ****         temp = EXTI->EMR;
 189              		.loc 1 275 0
 190 00d8 6D68     		ldr	r5, [r5, #4]
 191              	.LVL26:
 276:Drivers/STM32F3xx_HAL_Driver/Src/stm32f3xx_hal_gpio.c ****         temp &= ~((uint32_t)iocurrent);
 192              		.loc 1 276 0
 193 00da 04EA0506 		and	r6, r4, r5
 194              	.LVL27:
 277:Drivers/STM32F3xx_HAL_Driver/Src/stm32f3xx_hal_gpio.c ****         if((GPIO_Init->Mode & GPIO_MODE_EVT) == GPIO_MODE_EVT)
 195              		.loc 1 277 0
 196 00de 4F68     		ldr	r7, [r1, #4]
 197 00e0 17F4003F 		tst	r7, #131072
 198 00e4 01D0     		beq	.L10
 278:Drivers/STM32F3xx_HAL_Driver/Src/stm32f3xx_hal_gpio.c ****         {
 279:Drivers/STM32F3xx_HAL_Driver/Src/stm32f3xx_hal_gpio.c ****           temp |= iocurrent;
 199              		.loc 1 279 0
 200 00e6 42EA0506 		orr	r6, r2, r5
 201              	.LVL28:
 202              	.L10:
 280:Drivers/STM32F3xx_HAL_Driver/Src/stm32f3xx_hal_gpio.c ****         }
 281:Drivers/STM32F3xx_HAL_Driver/Src/stm32f3xx_hal_gpio.c ****         EXTI->EMR = temp;
 203              		.loc 1 281 0
 204 00ea 294D     		ldr	r5, .L21+12
 205 00ec 6E60     		str	r6, [r5, #4]
 282:Drivers/STM32F3xx_HAL_Driver/Src/stm32f3xx_hal_gpio.c **** 
 283:Drivers/STM32F3xx_HAL_Driver/Src/stm32f3xx_hal_gpio.c ****         /* Clear Rising Falling edge configuration */
 284:Drivers/STM32F3xx_HAL_Driver/Src/stm32f3xx_hal_gpio.c ****         temp = EXTI->RTSR;
 206              		.loc 1 284 0
 207 00ee AD68     		ldr	r5, [r5, #8]
 208              	.LVL29:
 285:Drivers/STM32F3xx_HAL_Driver/Src/stm32f3xx_hal_gpio.c ****         temp &= ~((uint32_t)iocurrent);
 209              		.loc 1 285 0
 210 00f0 04EA0506 		and	r6, r4, r5
 211              	.LVL30:
 286:Drivers/STM32F3xx_HAL_Driver/Src/stm32f3xx_hal_gpio.c ****         if((GPIO_Init->Mode & RISING_EDGE) == RISING_EDGE)
 212              		.loc 1 286 0
 213 00f4 4F68     		ldr	r7, [r1, #4]
 214 00f6 17F4801F 		tst	r7, #1048576
 215 00fa 01D0     		beq	.L11
 287:Drivers/STM32F3xx_HAL_Driver/Src/stm32f3xx_hal_gpio.c ****         {
 288:Drivers/STM32F3xx_HAL_Driver/Src/stm32f3xx_hal_gpio.c ****           temp |= iocurrent;
 216              		.loc 1 288 0
 217 00fc 42EA0506 		orr	r6, r2, r5
 218              	.LVL31:
 219              	.L11:
 289:Drivers/STM32F3xx_HAL_Driver/Src/stm32f3xx_hal_gpio.c ****         }
 290:Drivers/STM32F3xx_HAL_Driver/Src/stm32f3xx_hal_gpio.c ****         EXTI->RTSR = temp;
 220              		.loc 1 290 0
 221 0100 234D     		ldr	r5, .L21+12
 222 0102 AE60     		str	r6, [r5, #8]
 291:Drivers/STM32F3xx_HAL_Driver/Src/stm32f3xx_hal_gpio.c **** 
 292:Drivers/STM32F3xx_HAL_Driver/Src/stm32f3xx_hal_gpio.c ****         temp = EXTI->FTSR;
ARM GAS  /var/folders/hm/d3zjjmsn0l94vys0c33c49nh0000gn/T//ccqtZq6T.s 			page 10


 223              		.loc 1 292 0
 224 0104 ED68     		ldr	r5, [r5, #12]
 225              	.LVL32:
 293:Drivers/STM32F3xx_HAL_Driver/Src/stm32f3xx_hal_gpio.c ****         temp &= ~((uint32_t)iocurrent);
 226              		.loc 1 293 0
 227 0106 2C40     		ands	r4, r4, r5
 228              	.LVL33:
 294:Drivers/STM32F3xx_HAL_Driver/Src/stm32f3xx_hal_gpio.c ****         if((GPIO_Init->Mode & FALLING_EDGE) == FALLING_EDGE)
 229              		.loc 1 294 0
 230 0108 4E68     		ldr	r6, [r1, #4]
 231 010a 16F4001F 		tst	r6, #2097152
 232 010e 01D0     		beq	.L12
 295:Drivers/STM32F3xx_HAL_Driver/Src/stm32f3xx_hal_gpio.c ****         {
 296:Drivers/STM32F3xx_HAL_Driver/Src/stm32f3xx_hal_gpio.c ****           temp |= iocurrent;
 233              		.loc 1 296 0
 234 0110 42EA0504 		orr	r4, r2, r5
 235              	.LVL34:
 236              	.L12:
 297:Drivers/STM32F3xx_HAL_Driver/Src/stm32f3xx_hal_gpio.c ****         }
 298:Drivers/STM32F3xx_HAL_Driver/Src/stm32f3xx_hal_gpio.c ****         EXTI->FTSR = temp;
 237              		.loc 1 298 0
 238 0114 1E4A     		ldr	r2, .L21+12
 239              	.LVL35:
 240 0116 D460     		str	r4, [r2, #12]
 241              	.LVL36:
 242              	.L3:
 299:Drivers/STM32F3xx_HAL_Driver/Src/stm32f3xx_hal_gpio.c ****       }
 300:Drivers/STM32F3xx_HAL_Driver/Src/stm32f3xx_hal_gpio.c ****     }
 301:Drivers/STM32F3xx_HAL_Driver/Src/stm32f3xx_hal_gpio.c ****     
 302:Drivers/STM32F3xx_HAL_Driver/Src/stm32f3xx_hal_gpio.c ****     position++;
 243              		.loc 1 302 0
 244 0118 0133     		adds	r3, r3, #1
 245              	.LVL37:
 246              	.L2:
 201:Drivers/STM32F3xx_HAL_Driver/Src/stm32f3xx_hal_gpio.c ****   {
 247              		.loc 1 201 0
 248 011a 0A68     		ldr	r2, [r1]
 249 011c 32FA03F4 		lsrs	r4, r2, r3
 250 0120 2DD0     		beq	.L20
 204:Drivers/STM32F3xx_HAL_Driver/Src/stm32f3xx_hal_gpio.c **** 
 251              		.loc 1 204 0
 252 0122 0125     		movs	r5, #1
 253 0124 9D40     		lsls	r5, r5, r3
 254              	.LVL38:
 206:Drivers/STM32F3xx_HAL_Driver/Src/stm32f3xx_hal_gpio.c ****     {
 255              		.loc 1 206 0
 256 0126 2A40     		ands	r2, r2, r5
 257              	.LVL39:
 258 0128 F6D0     		beq	.L3
 210:Drivers/STM32F3xx_HAL_Driver/Src/stm32f3xx_hal_gpio.c ****       {
 259              		.loc 1 210 0
 260 012a 4C68     		ldr	r4, [r1, #4]
 261 012c 022C     		cmp	r4, #2
 262 012e 3FF46BAF 		beq	.L4
 210:Drivers/STM32F3xx_HAL_Driver/Src/stm32f3xx_hal_gpio.c ****       {
 263              		.loc 1 210 0 is_stmt 0 discriminator 1
 264 0132 122C     		cmp	r4, #18
ARM GAS  /var/folders/hm/d3zjjmsn0l94vys0c33c49nh0000gn/T//ccqtZq6T.s 			page 11


 265 0134 3FF468AF 		beq	.L4
 266              	.L5:
 224:Drivers/STM32F3xx_HAL_Driver/Src/stm32f3xx_hal_gpio.c ****       temp &= ~(GPIO_MODER_MODER0 << (position * 2U));
 267              		.loc 1 224 0 is_stmt 1
 268 0138 0668     		ldr	r6, [r0]
 269              	.LVL40:
 225:Drivers/STM32F3xx_HAL_Driver/Src/stm32f3xx_hal_gpio.c ****       temp |= ((GPIO_Init->Mode & GPIO_MODE) << (position * 2U));
 270              		.loc 1 225 0
 271 013a 4FEA430E 		lsl	lr, r3, #1
 272 013e 0324     		movs	r4, #3
 273 0140 04FA0EF4 		lsl	r4, r4, lr
 274 0144 E443     		mvns	r4, r4
 275 0146 2640     		ands	r6, r6, r4
 276              	.LVL41:
 226:Drivers/STM32F3xx_HAL_Driver/Src/stm32f3xx_hal_gpio.c ****       GPIOx->MODER = temp;
 277              		.loc 1 226 0
 278 0148 4F68     		ldr	r7, [r1, #4]
 279 014a 07F00307 		and	r7, r7, #3
 280 014e 07FA0EF7 		lsl	r7, r7, lr
 281 0152 3E43     		orrs	r6, r6, r7
 282              	.LVL42:
 227:Drivers/STM32F3xx_HAL_Driver/Src/stm32f3xx_hal_gpio.c **** 
 283              		.loc 1 227 0
 284 0154 0660     		str	r6, [r0]
 230:Drivers/STM32F3xx_HAL_Driver/Src/stm32f3xx_hal_gpio.c ****          (GPIO_Init->Mode == GPIO_MODE_OUTPUT_OD) || (GPIO_Init->Mode == GPIO_MODE_AF_OD))
 285              		.loc 1 230 0
 286 0156 4E68     		ldr	r6, [r1, #4]
 287              	.LVL43:
 288 0158 771E     		subs	r7, r6, #1
 289 015a 012F     		cmp	r7, #1
 290 015c 7FF668AF 		bls	.L6
 230:Drivers/STM32F3xx_HAL_Driver/Src/stm32f3xx_hal_gpio.c ****          (GPIO_Init->Mode == GPIO_MODE_OUTPUT_OD) || (GPIO_Init->Mode == GPIO_MODE_AF_OD))
 291              		.loc 1 230 0 is_stmt 0 discriminator 1
 292 0160 112E     		cmp	r6, #17
 293 0162 3FF465AF 		beq	.L6
 231:Drivers/STM32F3xx_HAL_Driver/Src/stm32f3xx_hal_gpio.c ****       {
 294              		.loc 1 231 0 is_stmt 1
 295 0166 122E     		cmp	r6, #18
 296 0168 7FF472AF 		bne	.L7
 297 016c 60E7     		b	.L6
 298              	.LVL44:
 299              	.L19:
 263:Drivers/STM32F3xx_HAL_Driver/Src/stm32f3xx_hal_gpio.c ****         SYSCFG->EXTICR[position >> 2] = temp;
 300              		.loc 1 263 0
 301 016e 0327     		movs	r7, #3
 302 0170 9EE7     		b	.L8
 303              	.L14:
 304 0172 0027     		movs	r7, #0
 305 0174 9CE7     		b	.L8
 306              	.L15:
 307 0176 0127     		movs	r7, #1
 308 0178 9AE7     		b	.L8
 309              	.L16:
 310 017a 0227     		movs	r7, #2
 311 017c 98E7     		b	.L8
 312              	.LVL45:
 313              	.L20:
ARM GAS  /var/folders/hm/d3zjjmsn0l94vys0c33c49nh0000gn/T//ccqtZq6T.s 			page 12


 303:Drivers/STM32F3xx_HAL_Driver/Src/stm32f3xx_hal_gpio.c ****   }
 304:Drivers/STM32F3xx_HAL_Driver/Src/stm32f3xx_hal_gpio.c **** }
 314              		.loc 1 304 0
 315 017e 03B0     		add	sp, sp, #12
 316              		.cfi_def_cfa_offset 20
 317              		@ sp needed
 318 0180 F0BD     		pop	{r4, r5, r6, r7, pc}
 319              	.L22:
 320 0182 00BF     		.align	2
 321              	.L21:
 322 0184 00100240 		.word	1073876992
 323 0188 00000140 		.word	1073807360
 324 018c 00040048 		.word	1207960576
 325 0190 00040140 		.word	1073808384
 326              		.cfi_endproc
 327              	.LFE124:
 329              		.section	.text.HAL_GPIO_DeInit,"ax",%progbits
 330              		.align	1
 331              		.global	HAL_GPIO_DeInit
 332              		.syntax unified
 333              		.thumb
 334              		.thumb_func
 335              		.fpu fpv4-sp-d16
 337              	HAL_GPIO_DeInit:
 338              	.LFB125:
 305:Drivers/STM32F3xx_HAL_Driver/Src/stm32f3xx_hal_gpio.c **** 
 306:Drivers/STM32F3xx_HAL_Driver/Src/stm32f3xx_hal_gpio.c **** /**
 307:Drivers/STM32F3xx_HAL_Driver/Src/stm32f3xx_hal_gpio.c ****   * @brief  De-initialize the GPIOx peripheral registers to their default reset values.
 308:Drivers/STM32F3xx_HAL_Driver/Src/stm32f3xx_hal_gpio.c ****   * @param  GPIOx where x can be (A..F) to select the GPIO peripheral for STM32F30X device or STM32
 309:Drivers/STM32F3xx_HAL_Driver/Src/stm32f3xx_hal_gpio.c ****   * @param  GPIO_Pin specifies the port bit to be written.
 310:Drivers/STM32F3xx_HAL_Driver/Src/stm32f3xx_hal_gpio.c ****   *         This parameter can be one of GPIO_PIN_x where x can be (0..15).
 311:Drivers/STM32F3xx_HAL_Driver/Src/stm32f3xx_hal_gpio.c ****   * @retval None
 312:Drivers/STM32F3xx_HAL_Driver/Src/stm32f3xx_hal_gpio.c ****   */
 313:Drivers/STM32F3xx_HAL_Driver/Src/stm32f3xx_hal_gpio.c **** void HAL_GPIO_DeInit(GPIO_TypeDef  *GPIOx, uint32_t GPIO_Pin)
 314:Drivers/STM32F3xx_HAL_Driver/Src/stm32f3xx_hal_gpio.c **** {
 339              		.loc 1 314 0
 340              		.cfi_startproc
 341              		@ args = 0, pretend = 0, frame = 0
 342              		@ frame_needed = 0, uses_anonymous_args = 0
 343              	.LVL46:
 315:Drivers/STM32F3xx_HAL_Driver/Src/stm32f3xx_hal_gpio.c ****   uint32_t position = 0x00U;
 344              		.loc 1 315 0
 345 0000 0023     		movs	r3, #0
 346              	.LVL47:
 316:Drivers/STM32F3xx_HAL_Driver/Src/stm32f3xx_hal_gpio.c ****   uint32_t iocurrent = 0x00U;
 317:Drivers/STM32F3xx_HAL_Driver/Src/stm32f3xx_hal_gpio.c ****   uint32_t tmp = 0x00U;
 318:Drivers/STM32F3xx_HAL_Driver/Src/stm32f3xx_hal_gpio.c **** 
 319:Drivers/STM32F3xx_HAL_Driver/Src/stm32f3xx_hal_gpio.c ****   /* Check the parameters */
 320:Drivers/STM32F3xx_HAL_Driver/Src/stm32f3xx_hal_gpio.c ****   assert_param(IS_GPIO_ALL_INSTANCE(GPIOx));
 321:Drivers/STM32F3xx_HAL_Driver/Src/stm32f3xx_hal_gpio.c ****   assert_param(IS_GPIO_PIN(GPIO_Pin));
 322:Drivers/STM32F3xx_HAL_Driver/Src/stm32f3xx_hal_gpio.c **** 
 323:Drivers/STM32F3xx_HAL_Driver/Src/stm32f3xx_hal_gpio.c ****   /* Configure the port pins */
 324:Drivers/STM32F3xx_HAL_Driver/Src/stm32f3xx_hal_gpio.c ****   while ((GPIO_Pin >> position) != RESET)
 347              		.loc 1 324 0
 348 0002 31FA03F2 		lsrs	r2, r1, r3
 349 0006 6CD0     		beq	.L35
 314:Drivers/STM32F3xx_HAL_Driver/Src/stm32f3xx_hal_gpio.c ****   uint32_t position = 0x00U;
ARM GAS  /var/folders/hm/d3zjjmsn0l94vys0c33c49nh0000gn/T//ccqtZq6T.s 			page 13


 350              		.loc 1 314 0
 351 0008 F0B5     		push	{r4, r5, r6, r7, lr}
 352              		.cfi_def_cfa_offset 20
 353              		.cfi_offset 4, -20
 354              		.cfi_offset 5, -16
 355              		.cfi_offset 6, -12
 356              		.cfi_offset 7, -8
 357              		.cfi_offset 14, -4
 358 000a 0AE0     		b	.L27
 359              	.LVL48:
 360              	.L38:
 325:Drivers/STM32F3xx_HAL_Driver/Src/stm32f3xx_hal_gpio.c ****   {
 326:Drivers/STM32F3xx_HAL_Driver/Src/stm32f3xx_hal_gpio.c ****     /* Get current io position */
 327:Drivers/STM32F3xx_HAL_Driver/Src/stm32f3xx_hal_gpio.c ****     iocurrent = GPIO_Pin & (1U << position);
 328:Drivers/STM32F3xx_HAL_Driver/Src/stm32f3xx_hal_gpio.c **** 
 329:Drivers/STM32F3xx_HAL_Driver/Src/stm32f3xx_hal_gpio.c ****     if (iocurrent)
 330:Drivers/STM32F3xx_HAL_Driver/Src/stm32f3xx_hal_gpio.c ****     {
 331:Drivers/STM32F3xx_HAL_Driver/Src/stm32f3xx_hal_gpio.c ****       /*------------------------- GPIO Mode Configuration --------------------*/
 332:Drivers/STM32F3xx_HAL_Driver/Src/stm32f3xx_hal_gpio.c ****       /* Configure IO Direction in Input Floting Mode */
 333:Drivers/STM32F3xx_HAL_Driver/Src/stm32f3xx_hal_gpio.c ****       GPIOx->MODER &= ~(GPIO_MODER_MODER0 << (position * 2U));
 334:Drivers/STM32F3xx_HAL_Driver/Src/stm32f3xx_hal_gpio.c **** 
 335:Drivers/STM32F3xx_HAL_Driver/Src/stm32f3xx_hal_gpio.c ****       /* Configure the default Alternate Function in current IO */
 336:Drivers/STM32F3xx_HAL_Driver/Src/stm32f3xx_hal_gpio.c ****       GPIOx->AFR[position >> 3] &= ~(0xFU << ((uint32_t)(position & 0x07U) * 4U)) ;
 337:Drivers/STM32F3xx_HAL_Driver/Src/stm32f3xx_hal_gpio.c **** 
 338:Drivers/STM32F3xx_HAL_Driver/Src/stm32f3xx_hal_gpio.c ****       /* Configure the default value for IO Speed */
 339:Drivers/STM32F3xx_HAL_Driver/Src/stm32f3xx_hal_gpio.c ****       GPIOx->OSPEEDR &= ~(GPIO_OSPEEDER_OSPEEDR0 << (position * 2U));
 340:Drivers/STM32F3xx_HAL_Driver/Src/stm32f3xx_hal_gpio.c **** 
 341:Drivers/STM32F3xx_HAL_Driver/Src/stm32f3xx_hal_gpio.c ****       /* Configure the default value IO Output Type */
 342:Drivers/STM32F3xx_HAL_Driver/Src/stm32f3xx_hal_gpio.c ****       GPIOx->OTYPER  &= ~(GPIO_OTYPER_OT_0 << position) ;
 343:Drivers/STM32F3xx_HAL_Driver/Src/stm32f3xx_hal_gpio.c **** 
 344:Drivers/STM32F3xx_HAL_Driver/Src/stm32f3xx_hal_gpio.c ****       /* Deactivate the Pull-up and Pull-down resistor for the current IO */
 345:Drivers/STM32F3xx_HAL_Driver/Src/stm32f3xx_hal_gpio.c ****       GPIOx->PUPDR &= ~(GPIO_PUPDR_PUPDR0 << (position * 2U));
 346:Drivers/STM32F3xx_HAL_Driver/Src/stm32f3xx_hal_gpio.c **** 
 347:Drivers/STM32F3xx_HAL_Driver/Src/stm32f3xx_hal_gpio.c ****   
 348:Drivers/STM32F3xx_HAL_Driver/Src/stm32f3xx_hal_gpio.c ****       /*------------------------- EXTI Mode Configuration --------------------*/
 349:Drivers/STM32F3xx_HAL_Driver/Src/stm32f3xx_hal_gpio.c ****       /* Clear the External Interrupt or Event for the current IO */
 350:Drivers/STM32F3xx_HAL_Driver/Src/stm32f3xx_hal_gpio.c ****       
 351:Drivers/STM32F3xx_HAL_Driver/Src/stm32f3xx_hal_gpio.c ****       tmp = SYSCFG->EXTICR[position >> 2];
 352:Drivers/STM32F3xx_HAL_Driver/Src/stm32f3xx_hal_gpio.c ****       tmp &= ((0x0FU) << (4U * (position & 0x03U)));
 353:Drivers/STM32F3xx_HAL_Driver/Src/stm32f3xx_hal_gpio.c ****       if(tmp == (GPIO_GET_INDEX(GPIOx) << (4U * (position & 0x03U))))
 361              		.loc 1 353 0
 362 000c 0325     		movs	r5, #3
 363 000e 00E0     		b	.L26
 364              	.L28:
 365 0010 0025     		movs	r5, #0
 366              	.L26:
 367              		.loc 1 353 0 is_stmt 0 discriminator 16
 368 0012 05FA02F2 		lsl	r2, r5, r2
 369 0016 9442     		cmp	r4, r2
 370 0018 45D0     		beq	.L36
 371              	.LVL49:
 372              	.L25:
 354:Drivers/STM32F3xx_HAL_Driver/Src/stm32f3xx_hal_gpio.c ****       {
 355:Drivers/STM32F3xx_HAL_Driver/Src/stm32f3xx_hal_gpio.c ****         tmp = (0x0FU) << (4U * (position & 0x03U));
 356:Drivers/STM32F3xx_HAL_Driver/Src/stm32f3xx_hal_gpio.c ****         SYSCFG->EXTICR[position >> 2] &= ~tmp;
 357:Drivers/STM32F3xx_HAL_Driver/Src/stm32f3xx_hal_gpio.c **** 
 358:Drivers/STM32F3xx_HAL_Driver/Src/stm32f3xx_hal_gpio.c ****         /* Clear EXTI line configuration */
ARM GAS  /var/folders/hm/d3zjjmsn0l94vys0c33c49nh0000gn/T//ccqtZq6T.s 			page 14


 359:Drivers/STM32F3xx_HAL_Driver/Src/stm32f3xx_hal_gpio.c ****         EXTI->IMR &= ~((uint32_t)iocurrent);
 360:Drivers/STM32F3xx_HAL_Driver/Src/stm32f3xx_hal_gpio.c ****         EXTI->EMR &= ~((uint32_t)iocurrent);
 361:Drivers/STM32F3xx_HAL_Driver/Src/stm32f3xx_hal_gpio.c **** 
 362:Drivers/STM32F3xx_HAL_Driver/Src/stm32f3xx_hal_gpio.c ****         /* Clear Rising Falling edge configuration */
 363:Drivers/STM32F3xx_HAL_Driver/Src/stm32f3xx_hal_gpio.c ****         EXTI->RTSR &= ~((uint32_t)iocurrent);
 364:Drivers/STM32F3xx_HAL_Driver/Src/stm32f3xx_hal_gpio.c ****         EXTI->FTSR &= ~((uint32_t)iocurrent);
 365:Drivers/STM32F3xx_HAL_Driver/Src/stm32f3xx_hal_gpio.c ****       }
 366:Drivers/STM32F3xx_HAL_Driver/Src/stm32f3xx_hal_gpio.c ****     }
 367:Drivers/STM32F3xx_HAL_Driver/Src/stm32f3xx_hal_gpio.c ****     
 368:Drivers/STM32F3xx_HAL_Driver/Src/stm32f3xx_hal_gpio.c ****     position++;
 373              		.loc 1 368 0 is_stmt 1
 374 001a 0133     		adds	r3, r3, #1
 375              	.LVL50:
 324:Drivers/STM32F3xx_HAL_Driver/Src/stm32f3xx_hal_gpio.c ****   {
 376              		.loc 1 324 0
 377 001c 31FA03F2 		lsrs	r2, r1, r3
 378 0020 5ED0     		beq	.L37
 379              	.LVL51:
 380              	.L27:
 327:Drivers/STM32F3xx_HAL_Driver/Src/stm32f3xx_hal_gpio.c **** 
 381              		.loc 1 327 0
 382 0022 0122     		movs	r2, #1
 383 0024 9A40     		lsls	r2, r2, r3
 384              	.LVL52:
 329:Drivers/STM32F3xx_HAL_Driver/Src/stm32f3xx_hal_gpio.c ****     {
 385              		.loc 1 329 0
 386 0026 11EA020E 		ands	lr, r1, r2
 387              	.LVL53:
 388 002a F6D0     		beq	.L25
 333:Drivers/STM32F3xx_HAL_Driver/Src/stm32f3xx_hal_gpio.c **** 
 389              		.loc 1 333 0
 390 002c 0568     		ldr	r5, [r0]
 391 002e 5E00     		lsls	r6, r3, #1
 392 0030 0324     		movs	r4, #3
 393 0032 B440     		lsls	r4, r4, r6
 394 0034 E443     		mvns	r4, r4
 395 0036 2540     		ands	r5, r5, r4
 396 0038 0560     		str	r5, [r0]
 336:Drivers/STM32F3xx_HAL_Driver/Src/stm32f3xx_hal_gpio.c **** 
 397              		.loc 1 336 0
 398 003a DF08     		lsrs	r7, r3, #3
 399 003c 0837     		adds	r7, r7, #8
 400 003e 50F827C0 		ldr	ip, [r0, r7, lsl #2]
 401 0042 03F00705 		and	r5, r3, #7
 402 0046 AD00     		lsls	r5, r5, #2
 403 0048 0F26     		movs	r6, #15
 404 004a 06FA05F5 		lsl	r5, r6, r5
 405 004e 2CEA0505 		bic	r5, ip, r5
 406 0052 40F82750 		str	r5, [r0, r7, lsl #2]
 339:Drivers/STM32F3xx_HAL_Driver/Src/stm32f3xx_hal_gpio.c **** 
 407              		.loc 1 339 0
 408 0056 8568     		ldr	r5, [r0, #8]
 409 0058 2540     		ands	r5, r5, r4
 410 005a 8560     		str	r5, [r0, #8]
 342:Drivers/STM32F3xx_HAL_Driver/Src/stm32f3xx_hal_gpio.c **** 
 411              		.loc 1 342 0
 412 005c 4568     		ldr	r5, [r0, #4]
ARM GAS  /var/folders/hm/d3zjjmsn0l94vys0c33c49nh0000gn/T//ccqtZq6T.s 			page 15


 413 005e 25EA0202 		bic	r2, r5, r2
 414 0062 4260     		str	r2, [r0, #4]
 345:Drivers/STM32F3xx_HAL_Driver/Src/stm32f3xx_hal_gpio.c **** 
 415              		.loc 1 345 0
 416 0064 C268     		ldr	r2, [r0, #12]
 417 0066 1440     		ands	r4, r4, r2
 418 0068 C460     		str	r4, [r0, #12]
 351:Drivers/STM32F3xx_HAL_Driver/Src/stm32f3xx_hal_gpio.c ****       tmp &= ((0x0FU) << (4U * (position & 0x03U)));
 419              		.loc 1 351 0
 420 006a 9F08     		lsrs	r7, r3, #2
 421 006c BC1C     		adds	r4, r7, #2
 422 006e 1D4A     		ldr	r2, .L39
 423 0070 52F82440 		ldr	r4, [r2, r4, lsl #2]
 424              	.LVL54:
 352:Drivers/STM32F3xx_HAL_Driver/Src/stm32f3xx_hal_gpio.c ****       if(tmp == (GPIO_GET_INDEX(GPIOx) << (4U * (position & 0x03U))))
 425              		.loc 1 352 0
 426 0074 03F00302 		and	r2, r3, #3
 427 0078 9200     		lsls	r2, r2, #2
 428 007a 9640     		lsls	r6, r6, r2
 429 007c 3440     		ands	r4, r4, r6
 430              	.LVL55:
 353:Drivers/STM32F3xx_HAL_Driver/Src/stm32f3xx_hal_gpio.c ****       {
 431              		.loc 1 353 0
 432 007e B0F1904F 		cmp	r0, #1207959552
 433 0082 C5D0     		beq	.L28
 353:Drivers/STM32F3xx_HAL_Driver/Src/stm32f3xx_hal_gpio.c ****       {
 434              		.loc 1 353 0 is_stmt 0 discriminator 1
 435 0084 184D     		ldr	r5, .L39+4
 436 0086 A842     		cmp	r0, r5
 437 0088 09D0     		beq	.L29
 353:Drivers/STM32F3xx_HAL_Driver/Src/stm32f3xx_hal_gpio.c ****       {
 438              		.loc 1 353 0 discriminator 3
 439 008a 05F58065 		add	r5, r5, #1024
 440 008e A842     		cmp	r0, r5
 441 0090 07D0     		beq	.L30
 353:Drivers/STM32F3xx_HAL_Driver/Src/stm32f3xx_hal_gpio.c ****       {
 442              		.loc 1 353 0 discriminator 5
 443 0092 05F58065 		add	r5, r5, #1024
 444 0096 A842     		cmp	r0, r5
 445 0098 B8D0     		beq	.L38
 353:Drivers/STM32F3xx_HAL_Driver/Src/stm32f3xx_hal_gpio.c ****       {
 446              		.loc 1 353 0
 447 009a 0525     		movs	r5, #5
 448 009c B9E7     		b	.L26
 449              	.L29:
 450 009e 0125     		movs	r5, #1
 451 00a0 B7E7     		b	.L26
 452              	.L30:
 453 00a2 0225     		movs	r5, #2
 454 00a4 B5E7     		b	.L26
 455              	.L36:
 456              	.LVL56:
 356:Drivers/STM32F3xx_HAL_Driver/Src/stm32f3xx_hal_gpio.c **** 
 457              		.loc 1 356 0 is_stmt 1
 458 00a6 0F4C     		ldr	r4, .L39
 459 00a8 0237     		adds	r7, r7, #2
 460 00aa 54F82720 		ldr	r2, [r4, r7, lsl #2]
ARM GAS  /var/folders/hm/d3zjjmsn0l94vys0c33c49nh0000gn/T//ccqtZq6T.s 			page 16


 461 00ae 22EA0606 		bic	r6, r2, r6
 462              	.LVL57:
 463 00b2 44F82760 		str	r6, [r4, r7, lsl #2]
 359:Drivers/STM32F3xx_HAL_Driver/Src/stm32f3xx_hal_gpio.c ****         EXTI->EMR &= ~((uint32_t)iocurrent);
 464              		.loc 1 359 0
 465 00b6 04F58064 		add	r4, r4, #1024
 466 00ba 2268     		ldr	r2, [r4]
 467 00bc 6FEA0E0E 		mvn	lr, lr
 468              	.LVL58:
 469 00c0 02EA0E02 		and	r2, r2, lr
 470 00c4 2260     		str	r2, [r4]
 360:Drivers/STM32F3xx_HAL_Driver/Src/stm32f3xx_hal_gpio.c **** 
 471              		.loc 1 360 0
 472 00c6 6268     		ldr	r2, [r4, #4]
 473 00c8 0EEA0202 		and	r2, lr, r2
 474 00cc 6260     		str	r2, [r4, #4]
 363:Drivers/STM32F3xx_HAL_Driver/Src/stm32f3xx_hal_gpio.c ****         EXTI->FTSR &= ~((uint32_t)iocurrent);
 475              		.loc 1 363 0
 476 00ce A268     		ldr	r2, [r4, #8]
 477 00d0 0EEA0202 		and	r2, lr, r2
 478 00d4 A260     		str	r2, [r4, #8]
 364:Drivers/STM32F3xx_HAL_Driver/Src/stm32f3xx_hal_gpio.c ****       }
 479              		.loc 1 364 0
 480 00d6 E268     		ldr	r2, [r4, #12]
 481 00d8 0EEA0202 		and	r2, lr, r2
 482 00dc E260     		str	r2, [r4, #12]
 483 00de 9CE7     		b	.L25
 484              	.LVL59:
 485              	.L37:
 369:Drivers/STM32F3xx_HAL_Driver/Src/stm32f3xx_hal_gpio.c ****   }
 370:Drivers/STM32F3xx_HAL_Driver/Src/stm32f3xx_hal_gpio.c **** }
 486              		.loc 1 370 0
 487 00e0 F0BD     		pop	{r4, r5, r6, r7, pc}
 488              	.LVL60:
 489              	.L35:
 490              		.cfi_def_cfa_offset 0
 491              		.cfi_restore 4
 492              		.cfi_restore 5
 493              		.cfi_restore 6
 494              		.cfi_restore 7
 495              		.cfi_restore 14
 496 00e2 7047     		bx	lr
 497              	.L40:
 498              		.align	2
 499              	.L39:
 500 00e4 00000140 		.word	1073807360
 501 00e8 00040048 		.word	1207960576
 502              		.cfi_endproc
 503              	.LFE125:
 505              		.section	.text.HAL_GPIO_ReadPin,"ax",%progbits
 506              		.align	1
 507              		.global	HAL_GPIO_ReadPin
 508              		.syntax unified
 509              		.thumb
 510              		.thumb_func
 511              		.fpu fpv4-sp-d16
 513              	HAL_GPIO_ReadPin:
ARM GAS  /var/folders/hm/d3zjjmsn0l94vys0c33c49nh0000gn/T//ccqtZq6T.s 			page 17


 514              	.LFB126:
 371:Drivers/STM32F3xx_HAL_Driver/Src/stm32f3xx_hal_gpio.c **** 
 372:Drivers/STM32F3xx_HAL_Driver/Src/stm32f3xx_hal_gpio.c **** /**
 373:Drivers/STM32F3xx_HAL_Driver/Src/stm32f3xx_hal_gpio.c ****   * @}
 374:Drivers/STM32F3xx_HAL_Driver/Src/stm32f3xx_hal_gpio.c ****   */
 375:Drivers/STM32F3xx_HAL_Driver/Src/stm32f3xx_hal_gpio.c **** 
 376:Drivers/STM32F3xx_HAL_Driver/Src/stm32f3xx_hal_gpio.c **** /** @defgroup GPIO_Exported_Functions_Group2 IO operation functions 
 377:Drivers/STM32F3xx_HAL_Driver/Src/stm32f3xx_hal_gpio.c ****  *  @brief GPIO Read, Write, Toggle, Lock and EXTI management functions.
 378:Drivers/STM32F3xx_HAL_Driver/Src/stm32f3xx_hal_gpio.c ****  *
 379:Drivers/STM32F3xx_HAL_Driver/Src/stm32f3xx_hal_gpio.c **** @verbatim
 380:Drivers/STM32F3xx_HAL_Driver/Src/stm32f3xx_hal_gpio.c ****  ===============================================================================
 381:Drivers/STM32F3xx_HAL_Driver/Src/stm32f3xx_hal_gpio.c ****                        ##### IO operation functions #####
 382:Drivers/STM32F3xx_HAL_Driver/Src/stm32f3xx_hal_gpio.c ****  ===============================================================================
 383:Drivers/STM32F3xx_HAL_Driver/Src/stm32f3xx_hal_gpio.c **** 
 384:Drivers/STM32F3xx_HAL_Driver/Src/stm32f3xx_hal_gpio.c **** @endverbatim
 385:Drivers/STM32F3xx_HAL_Driver/Src/stm32f3xx_hal_gpio.c ****   * @{
 386:Drivers/STM32F3xx_HAL_Driver/Src/stm32f3xx_hal_gpio.c ****   */
 387:Drivers/STM32F3xx_HAL_Driver/Src/stm32f3xx_hal_gpio.c **** 
 388:Drivers/STM32F3xx_HAL_Driver/Src/stm32f3xx_hal_gpio.c **** /**
 389:Drivers/STM32F3xx_HAL_Driver/Src/stm32f3xx_hal_gpio.c ****   * @brief  Read the specified input port pin.
 390:Drivers/STM32F3xx_HAL_Driver/Src/stm32f3xx_hal_gpio.c ****   * @param  GPIOx where x can be (A..F) to select the GPIO peripheral for STM32F3 family
 391:Drivers/STM32F3xx_HAL_Driver/Src/stm32f3xx_hal_gpio.c ****   * @param  GPIO_Pin specifies the port bit to read.
 392:Drivers/STM32F3xx_HAL_Driver/Src/stm32f3xx_hal_gpio.c ****   *         This parameter can be GPIO_PIN_x where x can be (0..15).
 393:Drivers/STM32F3xx_HAL_Driver/Src/stm32f3xx_hal_gpio.c ****   * @retval The input port pin value.
 394:Drivers/STM32F3xx_HAL_Driver/Src/stm32f3xx_hal_gpio.c ****   */
 395:Drivers/STM32F3xx_HAL_Driver/Src/stm32f3xx_hal_gpio.c **** GPIO_PinState HAL_GPIO_ReadPin(GPIO_TypeDef* GPIOx, uint16_t GPIO_Pin)
 396:Drivers/STM32F3xx_HAL_Driver/Src/stm32f3xx_hal_gpio.c **** {
 515              		.loc 1 396 0
 516              		.cfi_startproc
 517              		@ args = 0, pretend = 0, frame = 0
 518              		@ frame_needed = 0, uses_anonymous_args = 0
 519              		@ link register save eliminated.
 520              	.LVL61:
 397:Drivers/STM32F3xx_HAL_Driver/Src/stm32f3xx_hal_gpio.c ****   GPIO_PinState bitstatus;
 398:Drivers/STM32F3xx_HAL_Driver/Src/stm32f3xx_hal_gpio.c **** 
 399:Drivers/STM32F3xx_HAL_Driver/Src/stm32f3xx_hal_gpio.c ****   /* Check the parameters */
 400:Drivers/STM32F3xx_HAL_Driver/Src/stm32f3xx_hal_gpio.c ****   assert_param(IS_GPIO_PIN(GPIO_Pin));
 401:Drivers/STM32F3xx_HAL_Driver/Src/stm32f3xx_hal_gpio.c **** 
 402:Drivers/STM32F3xx_HAL_Driver/Src/stm32f3xx_hal_gpio.c ****   if((GPIOx->IDR & GPIO_Pin) != (uint32_t)GPIO_PIN_RESET)
 521              		.loc 1 402 0
 522 0000 0369     		ldr	r3, [r0, #16]
 523 0002 1942     		tst	r1, r3
 524 0004 01D1     		bne	.L44
 403:Drivers/STM32F3xx_HAL_Driver/Src/stm32f3xx_hal_gpio.c ****   {
 404:Drivers/STM32F3xx_HAL_Driver/Src/stm32f3xx_hal_gpio.c ****     bitstatus = GPIO_PIN_SET;
 405:Drivers/STM32F3xx_HAL_Driver/Src/stm32f3xx_hal_gpio.c ****   }
 406:Drivers/STM32F3xx_HAL_Driver/Src/stm32f3xx_hal_gpio.c ****   else
 407:Drivers/STM32F3xx_HAL_Driver/Src/stm32f3xx_hal_gpio.c ****   {
 408:Drivers/STM32F3xx_HAL_Driver/Src/stm32f3xx_hal_gpio.c ****     bitstatus = GPIO_PIN_RESET;
 525              		.loc 1 408 0
 526 0006 0020     		movs	r0, #0
 527              	.LVL62:
 409:Drivers/STM32F3xx_HAL_Driver/Src/stm32f3xx_hal_gpio.c ****   }
 410:Drivers/STM32F3xx_HAL_Driver/Src/stm32f3xx_hal_gpio.c ****   return bitstatus;
 411:Drivers/STM32F3xx_HAL_Driver/Src/stm32f3xx_hal_gpio.c **** }
 528              		.loc 1 411 0
 529 0008 7047     		bx	lr
ARM GAS  /var/folders/hm/d3zjjmsn0l94vys0c33c49nh0000gn/T//ccqtZq6T.s 			page 18


 530              	.LVL63:
 531              	.L44:
 404:Drivers/STM32F3xx_HAL_Driver/Src/stm32f3xx_hal_gpio.c ****   }
 532              		.loc 1 404 0
 533 000a 0120     		movs	r0, #1
 534              	.LVL64:
 535 000c 7047     		bx	lr
 536              		.cfi_endproc
 537              	.LFE126:
 539              		.section	.text.HAL_GPIO_WritePin,"ax",%progbits
 540              		.align	1
 541              		.global	HAL_GPIO_WritePin
 542              		.syntax unified
 543              		.thumb
 544              		.thumb_func
 545              		.fpu fpv4-sp-d16
 547              	HAL_GPIO_WritePin:
 548              	.LFB127:
 412:Drivers/STM32F3xx_HAL_Driver/Src/stm32f3xx_hal_gpio.c **** 
 413:Drivers/STM32F3xx_HAL_Driver/Src/stm32f3xx_hal_gpio.c **** /**
 414:Drivers/STM32F3xx_HAL_Driver/Src/stm32f3xx_hal_gpio.c ****   * @brief  Set or clear the selected data port bit.
 415:Drivers/STM32F3xx_HAL_Driver/Src/stm32f3xx_hal_gpio.c ****   *
 416:Drivers/STM32F3xx_HAL_Driver/Src/stm32f3xx_hal_gpio.c ****   * @note   This function uses GPIOx_BSRR and GPIOx_BRR registers to allow atomic read/modify
 417:Drivers/STM32F3xx_HAL_Driver/Src/stm32f3xx_hal_gpio.c ****   *         accesses. In this way, there is no risk of an IRQ occurring between
 418:Drivers/STM32F3xx_HAL_Driver/Src/stm32f3xx_hal_gpio.c ****   *         the read and the modify access.
 419:Drivers/STM32F3xx_HAL_Driver/Src/stm32f3xx_hal_gpio.c ****   *
 420:Drivers/STM32F3xx_HAL_Driver/Src/stm32f3xx_hal_gpio.c ****   * @param  GPIOx where x can be (A..F) to select the GPIO peripheral for STM32F3 family
 421:Drivers/STM32F3xx_HAL_Driver/Src/stm32f3xx_hal_gpio.c ****   * @param  GPIO_Pin specifies the port bit to be written.
 422:Drivers/STM32F3xx_HAL_Driver/Src/stm32f3xx_hal_gpio.c ****   *         This parameter can be one of GPIO_PIN_x where x can be (0..15).
 423:Drivers/STM32F3xx_HAL_Driver/Src/stm32f3xx_hal_gpio.c ****   * @param  PinState specifies the value to be written to the selected bit.
 424:Drivers/STM32F3xx_HAL_Driver/Src/stm32f3xx_hal_gpio.c ****   *         This parameter can be one of the GPIO_PinState enum values:
 425:Drivers/STM32F3xx_HAL_Driver/Src/stm32f3xx_hal_gpio.c ****   *            @arg GPIO_PIN_RESET: to clear the port pin
 426:Drivers/STM32F3xx_HAL_Driver/Src/stm32f3xx_hal_gpio.c ****   *            @arg GPIO_PIN_SET: to set the port pin
 427:Drivers/STM32F3xx_HAL_Driver/Src/stm32f3xx_hal_gpio.c ****   * @retval None
 428:Drivers/STM32F3xx_HAL_Driver/Src/stm32f3xx_hal_gpio.c ****   */
 429:Drivers/STM32F3xx_HAL_Driver/Src/stm32f3xx_hal_gpio.c **** void HAL_GPIO_WritePin(GPIO_TypeDef* GPIOx, uint16_t GPIO_Pin, GPIO_PinState PinState)
 430:Drivers/STM32F3xx_HAL_Driver/Src/stm32f3xx_hal_gpio.c **** {
 549              		.loc 1 430 0
 550              		.cfi_startproc
 551              		@ args = 0, pretend = 0, frame = 0
 552              		@ frame_needed = 0, uses_anonymous_args = 0
 553              		@ link register save eliminated.
 554              	.LVL65:
 431:Drivers/STM32F3xx_HAL_Driver/Src/stm32f3xx_hal_gpio.c ****   /* Check the parameters */
 432:Drivers/STM32F3xx_HAL_Driver/Src/stm32f3xx_hal_gpio.c ****   assert_param(IS_GPIO_PIN(GPIO_Pin));
 433:Drivers/STM32F3xx_HAL_Driver/Src/stm32f3xx_hal_gpio.c ****   assert_param(IS_GPIO_PIN_ACTION(PinState));
 434:Drivers/STM32F3xx_HAL_Driver/Src/stm32f3xx_hal_gpio.c **** 
 435:Drivers/STM32F3xx_HAL_Driver/Src/stm32f3xx_hal_gpio.c ****   if(PinState != GPIO_PIN_RESET)
 555              		.loc 1 435 0
 556 0000 0AB9     		cbnz	r2, .L48
 436:Drivers/STM32F3xx_HAL_Driver/Src/stm32f3xx_hal_gpio.c ****   {
 437:Drivers/STM32F3xx_HAL_Driver/Src/stm32f3xx_hal_gpio.c ****     GPIOx->BSRR = (uint32_t)GPIO_Pin;
 438:Drivers/STM32F3xx_HAL_Driver/Src/stm32f3xx_hal_gpio.c ****   }
 439:Drivers/STM32F3xx_HAL_Driver/Src/stm32f3xx_hal_gpio.c ****   else
 440:Drivers/STM32F3xx_HAL_Driver/Src/stm32f3xx_hal_gpio.c ****   {
 441:Drivers/STM32F3xx_HAL_Driver/Src/stm32f3xx_hal_gpio.c ****     GPIOx->BRR = (uint32_t)GPIO_Pin;
 557              		.loc 1 441 0
ARM GAS  /var/folders/hm/d3zjjmsn0l94vys0c33c49nh0000gn/T//ccqtZq6T.s 			page 19


 558 0002 8162     		str	r1, [r0, #40]
 559 0004 7047     		bx	lr
 560              	.L48:
 437:Drivers/STM32F3xx_HAL_Driver/Src/stm32f3xx_hal_gpio.c ****   }
 561              		.loc 1 437 0
 562 0006 8161     		str	r1, [r0, #24]
 563 0008 7047     		bx	lr
 564              		.cfi_endproc
 565              	.LFE127:
 567              		.section	.text.HAL_GPIO_TogglePin,"ax",%progbits
 568              		.align	1
 569              		.global	HAL_GPIO_TogglePin
 570              		.syntax unified
 571              		.thumb
 572              		.thumb_func
 573              		.fpu fpv4-sp-d16
 575              	HAL_GPIO_TogglePin:
 576              	.LFB128:
 442:Drivers/STM32F3xx_HAL_Driver/Src/stm32f3xx_hal_gpio.c ****   }
 443:Drivers/STM32F3xx_HAL_Driver/Src/stm32f3xx_hal_gpio.c **** }
 444:Drivers/STM32F3xx_HAL_Driver/Src/stm32f3xx_hal_gpio.c **** 
 445:Drivers/STM32F3xx_HAL_Driver/Src/stm32f3xx_hal_gpio.c **** /**
 446:Drivers/STM32F3xx_HAL_Driver/Src/stm32f3xx_hal_gpio.c ****   * @brief  Toggle the specified GPIO pin.
 447:Drivers/STM32F3xx_HAL_Driver/Src/stm32f3xx_hal_gpio.c ****   * @param  GPIOx where x can be (A..F) to select the GPIO peripheral for STM32F3 family
 448:Drivers/STM32F3xx_HAL_Driver/Src/stm32f3xx_hal_gpio.c ****   * @param  GPIO_Pin specifies the pin to be toggled.
 449:Drivers/STM32F3xx_HAL_Driver/Src/stm32f3xx_hal_gpio.c ****   * @retval None
 450:Drivers/STM32F3xx_HAL_Driver/Src/stm32f3xx_hal_gpio.c ****   */
 451:Drivers/STM32F3xx_HAL_Driver/Src/stm32f3xx_hal_gpio.c **** void HAL_GPIO_TogglePin(GPIO_TypeDef* GPIOx, uint16_t GPIO_Pin)
 452:Drivers/STM32F3xx_HAL_Driver/Src/stm32f3xx_hal_gpio.c **** {
 577              		.loc 1 452 0
 578              		.cfi_startproc
 579              		@ args = 0, pretend = 0, frame = 0
 580              		@ frame_needed = 0, uses_anonymous_args = 0
 581              		@ link register save eliminated.
 582              	.LVL66:
 453:Drivers/STM32F3xx_HAL_Driver/Src/stm32f3xx_hal_gpio.c ****   /* Check the parameters */
 454:Drivers/STM32F3xx_HAL_Driver/Src/stm32f3xx_hal_gpio.c ****   assert_param(IS_GPIO_PIN(GPIO_Pin));
 455:Drivers/STM32F3xx_HAL_Driver/Src/stm32f3xx_hal_gpio.c **** 
 456:Drivers/STM32F3xx_HAL_Driver/Src/stm32f3xx_hal_gpio.c ****   GPIOx->ODR ^= GPIO_Pin;
 583              		.loc 1 456 0
 584 0000 4369     		ldr	r3, [r0, #20]
 585 0002 5940     		eors	r1, r1, r3
 586              	.LVL67:
 587 0004 4161     		str	r1, [r0, #20]
 588 0006 7047     		bx	lr
 589              		.cfi_endproc
 590              	.LFE128:
 592              		.section	.text.HAL_GPIO_LockPin,"ax",%progbits
 593              		.align	1
 594              		.global	HAL_GPIO_LockPin
 595              		.syntax unified
 596              		.thumb
 597              		.thumb_func
 598              		.fpu fpv4-sp-d16
 600              	HAL_GPIO_LockPin:
 601              	.LFB129:
 457:Drivers/STM32F3xx_HAL_Driver/Src/stm32f3xx_hal_gpio.c **** }
ARM GAS  /var/folders/hm/d3zjjmsn0l94vys0c33c49nh0000gn/T//ccqtZq6T.s 			page 20


 458:Drivers/STM32F3xx_HAL_Driver/Src/stm32f3xx_hal_gpio.c **** 
 459:Drivers/STM32F3xx_HAL_Driver/Src/stm32f3xx_hal_gpio.c **** /**
 460:Drivers/STM32F3xx_HAL_Driver/Src/stm32f3xx_hal_gpio.c **** * @brief  Lock GPIO Pins configuration registers.
 461:Drivers/STM32F3xx_HAL_Driver/Src/stm32f3xx_hal_gpio.c ****   * @note   The locked registers are GPIOx_MODER, GPIOx_OTYPER, GPIOx_OSPEEDR,
 462:Drivers/STM32F3xx_HAL_Driver/Src/stm32f3xx_hal_gpio.c ****   *         GPIOx_PUPDR, GPIOx_AFRL and GPIOx_AFRH.
 463:Drivers/STM32F3xx_HAL_Driver/Src/stm32f3xx_hal_gpio.c ****   * @note   The configuration of the locked GPIO pins can no longer be modified
 464:Drivers/STM32F3xx_HAL_Driver/Src/stm32f3xx_hal_gpio.c ****   *         until the next reset.
 465:Drivers/STM32F3xx_HAL_Driver/Src/stm32f3xx_hal_gpio.c ****   * @param  GPIOx where x can be (A..F) to select the GPIO peripheral for STM32F3 family
 466:Drivers/STM32F3xx_HAL_Driver/Src/stm32f3xx_hal_gpio.c ****   * @param  GPIO_Pin specifies the port bits to be locked.
 467:Drivers/STM32F3xx_HAL_Driver/Src/stm32f3xx_hal_gpio.c ****   *         This parameter can be any combination of GPIO_Pin_x where x can be (0..15).
 468:Drivers/STM32F3xx_HAL_Driver/Src/stm32f3xx_hal_gpio.c ****   * @retval None
 469:Drivers/STM32F3xx_HAL_Driver/Src/stm32f3xx_hal_gpio.c ****   */
 470:Drivers/STM32F3xx_HAL_Driver/Src/stm32f3xx_hal_gpio.c **** HAL_StatusTypeDef HAL_GPIO_LockPin(GPIO_TypeDef* GPIOx, uint16_t GPIO_Pin)
 471:Drivers/STM32F3xx_HAL_Driver/Src/stm32f3xx_hal_gpio.c **** {
 602              		.loc 1 471 0
 603              		.cfi_startproc
 604              		@ args = 0, pretend = 0, frame = 8
 605              		@ frame_needed = 0, uses_anonymous_args = 0
 606              		@ link register save eliminated.
 607              	.LVL68:
 608 0000 82B0     		sub	sp, sp, #8
 609              		.cfi_def_cfa_offset 8
 472:Drivers/STM32F3xx_HAL_Driver/Src/stm32f3xx_hal_gpio.c ****   __IO uint32_t tmp = GPIO_LCKR_LCKK;
 610              		.loc 1 472 0
 611 0002 4FF48033 		mov	r3, #65536
 612 0006 0193     		str	r3, [sp, #4]
 473:Drivers/STM32F3xx_HAL_Driver/Src/stm32f3xx_hal_gpio.c **** 
 474:Drivers/STM32F3xx_HAL_Driver/Src/stm32f3xx_hal_gpio.c ****   /* Check the parameters */
 475:Drivers/STM32F3xx_HAL_Driver/Src/stm32f3xx_hal_gpio.c ****   assert_param(IS_GPIO_LOCK_INSTANCE(GPIOx));
 476:Drivers/STM32F3xx_HAL_Driver/Src/stm32f3xx_hal_gpio.c ****   assert_param(IS_GPIO_PIN(GPIO_Pin));
 477:Drivers/STM32F3xx_HAL_Driver/Src/stm32f3xx_hal_gpio.c **** 
 478:Drivers/STM32F3xx_HAL_Driver/Src/stm32f3xx_hal_gpio.c ****   /* Apply lock key write sequence */
 479:Drivers/STM32F3xx_HAL_Driver/Src/stm32f3xx_hal_gpio.c ****   tmp |= GPIO_Pin;
 613              		.loc 1 479 0
 614 0008 019B     		ldr	r3, [sp, #4]
 615 000a 0B43     		orrs	r3, r3, r1
 616 000c 0193     		str	r3, [sp, #4]
 480:Drivers/STM32F3xx_HAL_Driver/Src/stm32f3xx_hal_gpio.c ****   /* Set LCKx bit(s): LCKK='1' + LCK[15U-0] */
 481:Drivers/STM32F3xx_HAL_Driver/Src/stm32f3xx_hal_gpio.c ****   GPIOx->LCKR = tmp;
 617              		.loc 1 481 0
 618 000e 019B     		ldr	r3, [sp, #4]
 619 0010 C361     		str	r3, [r0, #28]
 482:Drivers/STM32F3xx_HAL_Driver/Src/stm32f3xx_hal_gpio.c ****   /* Reset LCKx bit(s): LCKK='0' + LCK[15U-0] */
 483:Drivers/STM32F3xx_HAL_Driver/Src/stm32f3xx_hal_gpio.c ****   GPIOx->LCKR = GPIO_Pin;
 620              		.loc 1 483 0
 621 0012 C161     		str	r1, [r0, #28]
 484:Drivers/STM32F3xx_HAL_Driver/Src/stm32f3xx_hal_gpio.c ****   /* Set LCKx bit(s): LCKK='1' + LCK[15U-0] */
 485:Drivers/STM32F3xx_HAL_Driver/Src/stm32f3xx_hal_gpio.c ****   GPIOx->LCKR = tmp;
 622              		.loc 1 485 0
 623 0014 019B     		ldr	r3, [sp, #4]
 624 0016 C361     		str	r3, [r0, #28]
 486:Drivers/STM32F3xx_HAL_Driver/Src/stm32f3xx_hal_gpio.c ****   /* Read LCKK bit*/
 487:Drivers/STM32F3xx_HAL_Driver/Src/stm32f3xx_hal_gpio.c ****   tmp = GPIOx->LCKR;
 625              		.loc 1 487 0
 626 0018 C369     		ldr	r3, [r0, #28]
 627 001a 0193     		str	r3, [sp, #4]
 488:Drivers/STM32F3xx_HAL_Driver/Src/stm32f3xx_hal_gpio.c **** 
ARM GAS  /var/folders/hm/d3zjjmsn0l94vys0c33c49nh0000gn/T//ccqtZq6T.s 			page 21


 489:Drivers/STM32F3xx_HAL_Driver/Src/stm32f3xx_hal_gpio.c ****   if((GPIOx->LCKR & GPIO_LCKR_LCKK) != RESET)
 628              		.loc 1 489 0
 629 001c C369     		ldr	r3, [r0, #28]
 630 001e 13F4803F 		tst	r3, #65536
 631 0022 02D1     		bne	.L54
 490:Drivers/STM32F3xx_HAL_Driver/Src/stm32f3xx_hal_gpio.c ****   {
 491:Drivers/STM32F3xx_HAL_Driver/Src/stm32f3xx_hal_gpio.c ****     return HAL_OK;
 492:Drivers/STM32F3xx_HAL_Driver/Src/stm32f3xx_hal_gpio.c ****   }
 493:Drivers/STM32F3xx_HAL_Driver/Src/stm32f3xx_hal_gpio.c ****   else
 494:Drivers/STM32F3xx_HAL_Driver/Src/stm32f3xx_hal_gpio.c ****   {
 495:Drivers/STM32F3xx_HAL_Driver/Src/stm32f3xx_hal_gpio.c ****     return HAL_ERROR;
 632              		.loc 1 495 0
 633 0024 0120     		movs	r0, #1
 634              	.LVL69:
 635              	.L51:
 496:Drivers/STM32F3xx_HAL_Driver/Src/stm32f3xx_hal_gpio.c ****   }
 497:Drivers/STM32F3xx_HAL_Driver/Src/stm32f3xx_hal_gpio.c **** }
 636              		.loc 1 497 0
 637 0026 02B0     		add	sp, sp, #8
 638              		.cfi_remember_state
 639              		.cfi_def_cfa_offset 0
 640              		@ sp needed
 641 0028 7047     		bx	lr
 642              	.LVL70:
 643              	.L54:
 644              		.cfi_restore_state
 491:Drivers/STM32F3xx_HAL_Driver/Src/stm32f3xx_hal_gpio.c ****   }
 645              		.loc 1 491 0
 646 002a 0020     		movs	r0, #0
 647              	.LVL71:
 648 002c FBE7     		b	.L51
 649              		.cfi_endproc
 650              	.LFE129:
 652              		.section	.text.HAL_GPIO_EXTI_Callback,"ax",%progbits
 653              		.align	1
 654              		.weak	HAL_GPIO_EXTI_Callback
 655              		.syntax unified
 656              		.thumb
 657              		.thumb_func
 658              		.fpu fpv4-sp-d16
 660              	HAL_GPIO_EXTI_Callback:
 661              	.LFB131:
 498:Drivers/STM32F3xx_HAL_Driver/Src/stm32f3xx_hal_gpio.c **** 
 499:Drivers/STM32F3xx_HAL_Driver/Src/stm32f3xx_hal_gpio.c **** /**
 500:Drivers/STM32F3xx_HAL_Driver/Src/stm32f3xx_hal_gpio.c ****   * @brief  Handle EXTI interrupt request.
 501:Drivers/STM32F3xx_HAL_Driver/Src/stm32f3xx_hal_gpio.c ****   * @param  GPIO_Pin Specifies the port pin connected to corresponding EXTI line.
 502:Drivers/STM32F3xx_HAL_Driver/Src/stm32f3xx_hal_gpio.c ****   * @retval None
 503:Drivers/STM32F3xx_HAL_Driver/Src/stm32f3xx_hal_gpio.c ****   */
 504:Drivers/STM32F3xx_HAL_Driver/Src/stm32f3xx_hal_gpio.c **** void HAL_GPIO_EXTI_IRQHandler(uint16_t GPIO_Pin)
 505:Drivers/STM32F3xx_HAL_Driver/Src/stm32f3xx_hal_gpio.c **** {
 506:Drivers/STM32F3xx_HAL_Driver/Src/stm32f3xx_hal_gpio.c ****   /* EXTI line interrupt detected */
 507:Drivers/STM32F3xx_HAL_Driver/Src/stm32f3xx_hal_gpio.c ****   if(__HAL_GPIO_EXTI_GET_IT(GPIO_Pin) != RESET)
 508:Drivers/STM32F3xx_HAL_Driver/Src/stm32f3xx_hal_gpio.c ****   {
 509:Drivers/STM32F3xx_HAL_Driver/Src/stm32f3xx_hal_gpio.c ****     __HAL_GPIO_EXTI_CLEAR_IT(GPIO_Pin);
 510:Drivers/STM32F3xx_HAL_Driver/Src/stm32f3xx_hal_gpio.c ****     HAL_GPIO_EXTI_Callback(GPIO_Pin);
 511:Drivers/STM32F3xx_HAL_Driver/Src/stm32f3xx_hal_gpio.c ****   }
 512:Drivers/STM32F3xx_HAL_Driver/Src/stm32f3xx_hal_gpio.c **** }
ARM GAS  /var/folders/hm/d3zjjmsn0l94vys0c33c49nh0000gn/T//ccqtZq6T.s 			page 22


 513:Drivers/STM32F3xx_HAL_Driver/Src/stm32f3xx_hal_gpio.c **** 
 514:Drivers/STM32F3xx_HAL_Driver/Src/stm32f3xx_hal_gpio.c **** /**
 515:Drivers/STM32F3xx_HAL_Driver/Src/stm32f3xx_hal_gpio.c ****   * @brief  EXTI line detection callback.
 516:Drivers/STM32F3xx_HAL_Driver/Src/stm32f3xx_hal_gpio.c ****   * @param  GPIO_Pin Specifies the port pin connected to corresponding EXTI line.
 517:Drivers/STM32F3xx_HAL_Driver/Src/stm32f3xx_hal_gpio.c ****   * @retval None
 518:Drivers/STM32F3xx_HAL_Driver/Src/stm32f3xx_hal_gpio.c ****   */
 519:Drivers/STM32F3xx_HAL_Driver/Src/stm32f3xx_hal_gpio.c **** __weak void HAL_GPIO_EXTI_Callback(uint16_t GPIO_Pin)
 520:Drivers/STM32F3xx_HAL_Driver/Src/stm32f3xx_hal_gpio.c **** {
 662              		.loc 1 520 0
 663              		.cfi_startproc
 664              		@ args = 0, pretend = 0, frame = 0
 665              		@ frame_needed = 0, uses_anonymous_args = 0
 666              		@ link register save eliminated.
 667              	.LVL72:
 668 0000 7047     		bx	lr
 669              		.cfi_endproc
 670              	.LFE131:
 672              		.section	.text.HAL_GPIO_EXTI_IRQHandler,"ax",%progbits
 673              		.align	1
 674              		.global	HAL_GPIO_EXTI_IRQHandler
 675              		.syntax unified
 676              		.thumb
 677              		.thumb_func
 678              		.fpu fpv4-sp-d16
 680              	HAL_GPIO_EXTI_IRQHandler:
 681              	.LFB130:
 505:Drivers/STM32F3xx_HAL_Driver/Src/stm32f3xx_hal_gpio.c ****   /* EXTI line interrupt detected */
 682              		.loc 1 505 0
 683              		.cfi_startproc
 684              		@ args = 0, pretend = 0, frame = 0
 685              		@ frame_needed = 0, uses_anonymous_args = 0
 686              	.LVL73:
 505:Drivers/STM32F3xx_HAL_Driver/Src/stm32f3xx_hal_gpio.c ****   /* EXTI line interrupt detected */
 687              		.loc 1 505 0
 688 0000 08B5     		push	{r3, lr}
 689              		.cfi_def_cfa_offset 8
 690              		.cfi_offset 3, -8
 691              		.cfi_offset 14, -4
 507:Drivers/STM32F3xx_HAL_Driver/Src/stm32f3xx_hal_gpio.c ****   {
 692              		.loc 1 507 0
 693 0002 054B     		ldr	r3, .L60
 694 0004 5B69     		ldr	r3, [r3, #20]
 695 0006 0342     		tst	r3, r0
 696 0008 00D1     		bne	.L59
 697              	.LVL74:
 698              	.L56:
 699 000a 08BD     		pop	{r3, pc}
 700              	.LVL75:
 701              	.L59:
 509:Drivers/STM32F3xx_HAL_Driver/Src/stm32f3xx_hal_gpio.c ****     HAL_GPIO_EXTI_Callback(GPIO_Pin);
 702              		.loc 1 509 0
 703 000c 024B     		ldr	r3, .L60
 704 000e 5861     		str	r0, [r3, #20]
 510:Drivers/STM32F3xx_HAL_Driver/Src/stm32f3xx_hal_gpio.c ****   }
 705              		.loc 1 510 0
 706 0010 FFF7FEFF 		bl	HAL_GPIO_EXTI_Callback
 707              	.LVL76:
ARM GAS  /var/folders/hm/d3zjjmsn0l94vys0c33c49nh0000gn/T//ccqtZq6T.s 			page 23


 512:Drivers/STM32F3xx_HAL_Driver/Src/stm32f3xx_hal_gpio.c **** 
 708              		.loc 1 512 0
 709 0014 F9E7     		b	.L56
 710              	.L61:
 711 0016 00BF     		.align	2
 712              	.L60:
 713 0018 00040140 		.word	1073808384
 714              		.cfi_endproc
 715              	.LFE130:
 717              		.text
 718              	.Letext0:
 719              		.file 2 "/Users/babatatsuya/Applications/gcc-arm-none-eabi-6-2017-q1-update/arm-none-eabi/include/
 720              		.file 3 "/Users/babatatsuya/Applications/gcc-arm-none-eabi-6-2017-q1-update/arm-none-eabi/include/
 721              		.file 4 "Drivers/CMSIS/Include/core_cm4.h"
 722              		.file 5 "Drivers/CMSIS/Device/ST/STM32F3xx/Include/system_stm32f3xx.h"
 723              		.file 6 "Drivers/CMSIS/Device/ST/STM32F3xx/Include/stm32f303x8.h"
 724              		.file 7 "/Users/babatatsuya/Applications/gcc-arm-none-eabi-6-2017-q1-update/arm-none-eabi/include/
 725              		.file 8 "/Users/babatatsuya/Applications/gcc-arm-none-eabi-6-2017-q1-update/arm-none-eabi/include/
 726              		.file 9 "/Users/babatatsuya/Applications/gcc-arm-none-eabi-6-2017-q1-update/lib/gcc/arm-none-eabi/
 727              		.file 10 "/Users/babatatsuya/Applications/gcc-arm-none-eabi-6-2017-q1-update/arm-none-eabi/include
 728              		.file 11 "Drivers/CMSIS/Device/ST/STM32F3xx/Include/stm32f3xx.h"
 729              		.file 12 "Drivers/STM32F3xx_HAL_Driver/Inc/stm32f3xx_hal_def.h"
 730              		.file 13 "Drivers/STM32F3xx_HAL_Driver/Inc/stm32f3xx_hal_gpio.h"
ARM GAS  /var/folders/hm/d3zjjmsn0l94vys0c33c49nh0000gn/T//ccqtZq6T.s 			page 24


DEFINED SYMBOLS
                            *ABS*:0000000000000000 stm32f3xx_hal_gpio.c
/var/folders/hm/d3zjjmsn0l94vys0c33c49nh0000gn/T//ccqtZq6T.s:18     .text.HAL_GPIO_Init:0000000000000000 $t
/var/folders/hm/d3zjjmsn0l94vys0c33c49nh0000gn/T//ccqtZq6T.s:25     .text.HAL_GPIO_Init:0000000000000000 HAL_GPIO_Init
/var/folders/hm/d3zjjmsn0l94vys0c33c49nh0000gn/T//ccqtZq6T.s:322    .text.HAL_GPIO_Init:0000000000000184 $d
/var/folders/hm/d3zjjmsn0l94vys0c33c49nh0000gn/T//ccqtZq6T.s:330    .text.HAL_GPIO_DeInit:0000000000000000 $t
/var/folders/hm/d3zjjmsn0l94vys0c33c49nh0000gn/T//ccqtZq6T.s:337    .text.HAL_GPIO_DeInit:0000000000000000 HAL_GPIO_DeInit
/var/folders/hm/d3zjjmsn0l94vys0c33c49nh0000gn/T//ccqtZq6T.s:500    .text.HAL_GPIO_DeInit:00000000000000e4 $d
/var/folders/hm/d3zjjmsn0l94vys0c33c49nh0000gn/T//ccqtZq6T.s:506    .text.HAL_GPIO_ReadPin:0000000000000000 $t
/var/folders/hm/d3zjjmsn0l94vys0c33c49nh0000gn/T//ccqtZq6T.s:513    .text.HAL_GPIO_ReadPin:0000000000000000 HAL_GPIO_ReadPin
/var/folders/hm/d3zjjmsn0l94vys0c33c49nh0000gn/T//ccqtZq6T.s:540    .text.HAL_GPIO_WritePin:0000000000000000 $t
/var/folders/hm/d3zjjmsn0l94vys0c33c49nh0000gn/T//ccqtZq6T.s:547    .text.HAL_GPIO_WritePin:0000000000000000 HAL_GPIO_WritePin
/var/folders/hm/d3zjjmsn0l94vys0c33c49nh0000gn/T//ccqtZq6T.s:568    .text.HAL_GPIO_TogglePin:0000000000000000 $t
/var/folders/hm/d3zjjmsn0l94vys0c33c49nh0000gn/T//ccqtZq6T.s:575    .text.HAL_GPIO_TogglePin:0000000000000000 HAL_GPIO_TogglePin
/var/folders/hm/d3zjjmsn0l94vys0c33c49nh0000gn/T//ccqtZq6T.s:593    .text.HAL_GPIO_LockPin:0000000000000000 $t
/var/folders/hm/d3zjjmsn0l94vys0c33c49nh0000gn/T//ccqtZq6T.s:600    .text.HAL_GPIO_LockPin:0000000000000000 HAL_GPIO_LockPin
/var/folders/hm/d3zjjmsn0l94vys0c33c49nh0000gn/T//ccqtZq6T.s:653    .text.HAL_GPIO_EXTI_Callback:0000000000000000 $t
/var/folders/hm/d3zjjmsn0l94vys0c33c49nh0000gn/T//ccqtZq6T.s:660    .text.HAL_GPIO_EXTI_Callback:0000000000000000 HAL_GPIO_EXTI_Callback
/var/folders/hm/d3zjjmsn0l94vys0c33c49nh0000gn/T//ccqtZq6T.s:673    .text.HAL_GPIO_EXTI_IRQHandler:0000000000000000 $t
/var/folders/hm/d3zjjmsn0l94vys0c33c49nh0000gn/T//ccqtZq6T.s:680    .text.HAL_GPIO_EXTI_IRQHandler:0000000000000000 HAL_GPIO_EXTI_IRQHandler
/var/folders/hm/d3zjjmsn0l94vys0c33c49nh0000gn/T//ccqtZq6T.s:713    .text.HAL_GPIO_EXTI_IRQHandler:0000000000000018 $d
                     .debug_frame:0000000000000010 $d

NO UNDEFINED SYMBOLS
