ARM GAS  /var/folders/hm/d3zjjmsn0l94vys0c33c49nh0000gn/T//cc970bHw.s 			page 1


   1              		.cpu cortex-m4
   2              		.eabi_attribute 27, 1
   3              		.eabi_attribute 28, 1
   4              		.eabi_attribute 20, 1
   5              		.eabi_attribute 21, 1
   6              		.eabi_attribute 23, 3
   7              		.eabi_attribute 24, 1
   8              		.eabi_attribute 25, 1
   9              		.eabi_attribute 26, 1
  10              		.eabi_attribute 30, 1
  11              		.eabi_attribute 34, 1
  12              		.eabi_attribute 18, 4
  13              		.file	"stm32f3xx_it.c"
  14              		.text
  15              	.Ltext0:
  16              		.cfi_sections	.debug_frame
  17              		.section	.text.NMI_Handler,"ax",%progbits
  18              		.align	1
  19              		.global	NMI_Handler
  20              		.syntax unified
  21              		.thumb
  22              		.thumb_func
  23              		.fpu fpv4-sp-d16
  25              	NMI_Handler:
  26              	.LFB124:
  27              		.file 1 "Src/stm32f3xx_it.c"
   1:Src/stm32f3xx_it.c **** /**
   2:Src/stm32f3xx_it.c ****   ******************************************************************************
   3:Src/stm32f3xx_it.c ****   * @file    stm32f3xx_it.c
   4:Src/stm32f3xx_it.c ****   * @brief   Interrupt Service Routines.
   5:Src/stm32f3xx_it.c ****   ******************************************************************************
   6:Src/stm32f3xx_it.c ****   *
   7:Src/stm32f3xx_it.c ****   * COPYRIGHT(c) 2018 STMicroelectronics
   8:Src/stm32f3xx_it.c ****   *
   9:Src/stm32f3xx_it.c ****   * Redistribution and use in source and binary forms, with or without modification,
  10:Src/stm32f3xx_it.c ****   * are permitted provided that the following conditions are met:
  11:Src/stm32f3xx_it.c ****   *   1. Redistributions of source code must retain the above copyright notice,
  12:Src/stm32f3xx_it.c ****   *      this list of conditions and the following disclaimer.
  13:Src/stm32f3xx_it.c ****   *   2. Redistributions in binary form must reproduce the above copyright notice,
  14:Src/stm32f3xx_it.c ****   *      this list of conditions and the following disclaimer in the documentation
  15:Src/stm32f3xx_it.c ****   *      and/or other materials provided with the distribution.
  16:Src/stm32f3xx_it.c ****   *   3. Neither the name of STMicroelectronics nor the names of its contributors
  17:Src/stm32f3xx_it.c ****   *      may be used to endorse or promote products derived from this software
  18:Src/stm32f3xx_it.c ****   *      without specific prior written permission.
  19:Src/stm32f3xx_it.c ****   *
  20:Src/stm32f3xx_it.c ****   * THIS SOFTWARE IS PROVIDED BY THE COPYRIGHT HOLDERS AND CONTRIBUTORS "AS IS"
  21:Src/stm32f3xx_it.c ****   * AND ANY EXPRESS OR IMPLIED WARRANTIES, INCLUDING, BUT NOT LIMITED TO, THE
  22:Src/stm32f3xx_it.c ****   * IMPLIED WARRANTIES OF MERCHANTABILITY AND FITNESS FOR A PARTICULAR PURPOSE ARE
  23:Src/stm32f3xx_it.c ****   * DISCLAIMED. IN NO EVENT SHALL THE COPYRIGHT HOLDER OR CONTRIBUTORS BE LIABLE
  24:Src/stm32f3xx_it.c ****   * FOR ANY DIRECT, INDIRECT, INCIDENTAL, SPECIAL, EXEMPLARY, OR CONSEQUENTIAL
  25:Src/stm32f3xx_it.c ****   * DAMAGES (INCLUDING, BUT NOT LIMITED TO, PROCUREMENT OF SUBSTITUTE GOODS OR
  26:Src/stm32f3xx_it.c ****   * SERVICES; LOSS OF USE, DATA, OR PROFITS; OR BUSINESS INTERRUPTION) HOWEVER
  27:Src/stm32f3xx_it.c ****   * CAUSED AND ON ANY THEORY OF LIABILITY, WHETHER IN CONTRACT, STRICT LIABILITY,
  28:Src/stm32f3xx_it.c ****   * OR TORT (INCLUDING NEGLIGENCE OR OTHERWISE) ARISING IN ANY WAY OUT OF THE USE
  29:Src/stm32f3xx_it.c ****   * OF THIS SOFTWARE, EVEN IF ADVISED OF THE POSSIBILITY OF SUCH DAMAGE.
  30:Src/stm32f3xx_it.c ****   *
  31:Src/stm32f3xx_it.c ****   ******************************************************************************
ARM GAS  /var/folders/hm/d3zjjmsn0l94vys0c33c49nh0000gn/T//cc970bHw.s 			page 2


  32:Src/stm32f3xx_it.c ****   */
  33:Src/stm32f3xx_it.c **** /* Includes ------------------------------------------------------------------*/
  34:Src/stm32f3xx_it.c **** #include "stm32f3xx_hal.h"
  35:Src/stm32f3xx_it.c **** #include "stm32f3xx.h"
  36:Src/stm32f3xx_it.c **** #include "stm32f3xx_it.h"
  37:Src/stm32f3xx_it.c **** 
  38:Src/stm32f3xx_it.c **** /* USER CODE BEGIN 0 */
  39:Src/stm32f3xx_it.c **** 
  40:Src/stm32f3xx_it.c **** /* USER CODE END 0 */
  41:Src/stm32f3xx_it.c **** 
  42:Src/stm32f3xx_it.c **** /* External variables --------------------------------------------------------*/
  43:Src/stm32f3xx_it.c **** extern TIM_HandleTypeDef htim6;
  44:Src/stm32f3xx_it.c **** 
  45:Src/stm32f3xx_it.c **** /******************************************************************************/
  46:Src/stm32f3xx_it.c **** /*            Cortex-M4 Processor Interruption and Exception Handlers         */ 
  47:Src/stm32f3xx_it.c **** /******************************************************************************/
  48:Src/stm32f3xx_it.c **** 
  49:Src/stm32f3xx_it.c **** /**
  50:Src/stm32f3xx_it.c **** * @brief This function handles Non maskable interrupt.
  51:Src/stm32f3xx_it.c **** */
  52:Src/stm32f3xx_it.c **** void NMI_Handler(void)
  53:Src/stm32f3xx_it.c **** {
  28              		.loc 1 53 0
  29              		.cfi_startproc
  30              		@ args = 0, pretend = 0, frame = 0
  31              		@ frame_needed = 0, uses_anonymous_args = 0
  32              		@ link register save eliminated.
  33 0000 7047     		bx	lr
  34              		.cfi_endproc
  35              	.LFE124:
  37              		.section	.text.HardFault_Handler,"ax",%progbits
  38              		.align	1
  39              		.global	HardFault_Handler
  40              		.syntax unified
  41              		.thumb
  42              		.thumb_func
  43              		.fpu fpv4-sp-d16
  45              	HardFault_Handler:
  46              	.LFB125:
  54:Src/stm32f3xx_it.c ****   /* USER CODE BEGIN NonMaskableInt_IRQn 0 */
  55:Src/stm32f3xx_it.c **** 
  56:Src/stm32f3xx_it.c ****   /* USER CODE END NonMaskableInt_IRQn 0 */
  57:Src/stm32f3xx_it.c ****   /* USER CODE BEGIN NonMaskableInt_IRQn 1 */
  58:Src/stm32f3xx_it.c **** 
  59:Src/stm32f3xx_it.c ****   /* USER CODE END NonMaskableInt_IRQn 1 */
  60:Src/stm32f3xx_it.c **** }
  61:Src/stm32f3xx_it.c **** 
  62:Src/stm32f3xx_it.c **** /**
  63:Src/stm32f3xx_it.c **** * @brief This function handles Hard fault interrupt.
  64:Src/stm32f3xx_it.c **** */
  65:Src/stm32f3xx_it.c **** void HardFault_Handler(void)
  66:Src/stm32f3xx_it.c **** {
  47              		.loc 1 66 0
  48              		.cfi_startproc
  49              		@ Volatile: function does not return.
  50              		@ args = 0, pretend = 0, frame = 0
  51              		@ frame_needed = 0, uses_anonymous_args = 0
ARM GAS  /var/folders/hm/d3zjjmsn0l94vys0c33c49nh0000gn/T//cc970bHw.s 			page 3


  52              		@ link register save eliminated.
  53              	.L3:
  54 0000 FEE7     		b	.L3
  55              		.cfi_endproc
  56              	.LFE125:
  58              		.section	.text.MemManage_Handler,"ax",%progbits
  59              		.align	1
  60              		.global	MemManage_Handler
  61              		.syntax unified
  62              		.thumb
  63              		.thumb_func
  64              		.fpu fpv4-sp-d16
  66              	MemManage_Handler:
  67              	.LFB126:
  67:Src/stm32f3xx_it.c ****   /* USER CODE BEGIN HardFault_IRQn 0 */
  68:Src/stm32f3xx_it.c **** 
  69:Src/stm32f3xx_it.c ****   /* USER CODE END HardFault_IRQn 0 */
  70:Src/stm32f3xx_it.c ****   while (1)
  71:Src/stm32f3xx_it.c ****   {
  72:Src/stm32f3xx_it.c ****     /* USER CODE BEGIN W1_HardFault_IRQn 0 */
  73:Src/stm32f3xx_it.c ****     /* USER CODE END W1_HardFault_IRQn 0 */
  74:Src/stm32f3xx_it.c ****   }
  75:Src/stm32f3xx_it.c ****   /* USER CODE BEGIN HardFault_IRQn 1 */
  76:Src/stm32f3xx_it.c **** 
  77:Src/stm32f3xx_it.c ****   /* USER CODE END HardFault_IRQn 1 */
  78:Src/stm32f3xx_it.c **** }
  79:Src/stm32f3xx_it.c **** 
  80:Src/stm32f3xx_it.c **** /**
  81:Src/stm32f3xx_it.c **** * @brief This function handles Memory management fault.
  82:Src/stm32f3xx_it.c **** */
  83:Src/stm32f3xx_it.c **** void MemManage_Handler(void)
  84:Src/stm32f3xx_it.c **** {
  68              		.loc 1 84 0
  69              		.cfi_startproc
  70              		@ Volatile: function does not return.
  71              		@ args = 0, pretend = 0, frame = 0
  72              		@ frame_needed = 0, uses_anonymous_args = 0
  73              		@ link register save eliminated.
  74              	.L5:
  75 0000 FEE7     		b	.L5
  76              		.cfi_endproc
  77              	.LFE126:
  79              		.section	.text.BusFault_Handler,"ax",%progbits
  80              		.align	1
  81              		.global	BusFault_Handler
  82              		.syntax unified
  83              		.thumb
  84              		.thumb_func
  85              		.fpu fpv4-sp-d16
  87              	BusFault_Handler:
  88              	.LFB127:
  85:Src/stm32f3xx_it.c ****   /* USER CODE BEGIN MemoryManagement_IRQn 0 */
  86:Src/stm32f3xx_it.c **** 
  87:Src/stm32f3xx_it.c ****   /* USER CODE END MemoryManagement_IRQn 0 */
  88:Src/stm32f3xx_it.c ****   while (1)
  89:Src/stm32f3xx_it.c ****   {
  90:Src/stm32f3xx_it.c ****     /* USER CODE BEGIN W1_MemoryManagement_IRQn 0 */
ARM GAS  /var/folders/hm/d3zjjmsn0l94vys0c33c49nh0000gn/T//cc970bHw.s 			page 4


  91:Src/stm32f3xx_it.c ****     /* USER CODE END W1_MemoryManagement_IRQn 0 */
  92:Src/stm32f3xx_it.c ****   }
  93:Src/stm32f3xx_it.c ****   /* USER CODE BEGIN MemoryManagement_IRQn 1 */
  94:Src/stm32f3xx_it.c **** 
  95:Src/stm32f3xx_it.c ****   /* USER CODE END MemoryManagement_IRQn 1 */
  96:Src/stm32f3xx_it.c **** }
  97:Src/stm32f3xx_it.c **** 
  98:Src/stm32f3xx_it.c **** /**
  99:Src/stm32f3xx_it.c **** * @brief This function handles Pre-fetch fault, memory access fault.
 100:Src/stm32f3xx_it.c **** */
 101:Src/stm32f3xx_it.c **** void BusFault_Handler(void)
 102:Src/stm32f3xx_it.c **** {
  89              		.loc 1 102 0
  90              		.cfi_startproc
  91              		@ Volatile: function does not return.
  92              		@ args = 0, pretend = 0, frame = 0
  93              		@ frame_needed = 0, uses_anonymous_args = 0
  94              		@ link register save eliminated.
  95              	.L7:
  96 0000 FEE7     		b	.L7
  97              		.cfi_endproc
  98              	.LFE127:
 100              		.section	.text.UsageFault_Handler,"ax",%progbits
 101              		.align	1
 102              		.global	UsageFault_Handler
 103              		.syntax unified
 104              		.thumb
 105              		.thumb_func
 106              		.fpu fpv4-sp-d16
 108              	UsageFault_Handler:
 109              	.LFB128:
 103:Src/stm32f3xx_it.c ****   /* USER CODE BEGIN BusFault_IRQn 0 */
 104:Src/stm32f3xx_it.c **** 
 105:Src/stm32f3xx_it.c ****   /* USER CODE END BusFault_IRQn 0 */
 106:Src/stm32f3xx_it.c ****   while (1)
 107:Src/stm32f3xx_it.c ****   {
 108:Src/stm32f3xx_it.c ****     /* USER CODE BEGIN W1_BusFault_IRQn 0 */
 109:Src/stm32f3xx_it.c ****     /* USER CODE END W1_BusFault_IRQn 0 */
 110:Src/stm32f3xx_it.c ****   }
 111:Src/stm32f3xx_it.c ****   /* USER CODE BEGIN BusFault_IRQn 1 */
 112:Src/stm32f3xx_it.c **** 
 113:Src/stm32f3xx_it.c ****   /* USER CODE END BusFault_IRQn 1 */
 114:Src/stm32f3xx_it.c **** }
 115:Src/stm32f3xx_it.c **** 
 116:Src/stm32f3xx_it.c **** /**
 117:Src/stm32f3xx_it.c **** * @brief This function handles Undefined instruction or illegal state.
 118:Src/stm32f3xx_it.c **** */
 119:Src/stm32f3xx_it.c **** void UsageFault_Handler(void)
 120:Src/stm32f3xx_it.c **** {
 110              		.loc 1 120 0
 111              		.cfi_startproc
 112              		@ Volatile: function does not return.
 113              		@ args = 0, pretend = 0, frame = 0
 114              		@ frame_needed = 0, uses_anonymous_args = 0
 115              		@ link register save eliminated.
 116              	.L9:
 117 0000 FEE7     		b	.L9
ARM GAS  /var/folders/hm/d3zjjmsn0l94vys0c33c49nh0000gn/T//cc970bHw.s 			page 5


 118              		.cfi_endproc
 119              	.LFE128:
 121              		.section	.text.SVC_Handler,"ax",%progbits
 122              		.align	1
 123              		.global	SVC_Handler
 124              		.syntax unified
 125              		.thumb
 126              		.thumb_func
 127              		.fpu fpv4-sp-d16
 129              	SVC_Handler:
 130              	.LFB129:
 121:Src/stm32f3xx_it.c ****   /* USER CODE BEGIN UsageFault_IRQn 0 */
 122:Src/stm32f3xx_it.c **** 
 123:Src/stm32f3xx_it.c ****   /* USER CODE END UsageFault_IRQn 0 */
 124:Src/stm32f3xx_it.c ****   while (1)
 125:Src/stm32f3xx_it.c ****   {
 126:Src/stm32f3xx_it.c ****     /* USER CODE BEGIN W1_UsageFault_IRQn 0 */
 127:Src/stm32f3xx_it.c ****     /* USER CODE END W1_UsageFault_IRQn 0 */
 128:Src/stm32f3xx_it.c ****   }
 129:Src/stm32f3xx_it.c ****   /* USER CODE BEGIN UsageFault_IRQn 1 */
 130:Src/stm32f3xx_it.c **** 
 131:Src/stm32f3xx_it.c ****   /* USER CODE END UsageFault_IRQn 1 */
 132:Src/stm32f3xx_it.c **** }
 133:Src/stm32f3xx_it.c **** 
 134:Src/stm32f3xx_it.c **** /**
 135:Src/stm32f3xx_it.c **** * @brief This function handles System service call via SWI instruction.
 136:Src/stm32f3xx_it.c **** */
 137:Src/stm32f3xx_it.c **** void SVC_Handler(void)
 138:Src/stm32f3xx_it.c **** {
 131              		.loc 1 138 0
 132              		.cfi_startproc
 133              		@ args = 0, pretend = 0, frame = 0
 134              		@ frame_needed = 0, uses_anonymous_args = 0
 135              		@ link register save eliminated.
 136 0000 7047     		bx	lr
 137              		.cfi_endproc
 138              	.LFE129:
 140              		.section	.text.DebugMon_Handler,"ax",%progbits
 141              		.align	1
 142              		.global	DebugMon_Handler
 143              		.syntax unified
 144              		.thumb
 145              		.thumb_func
 146              		.fpu fpv4-sp-d16
 148              	DebugMon_Handler:
 149              	.LFB130:
 139:Src/stm32f3xx_it.c ****   /* USER CODE BEGIN SVCall_IRQn 0 */
 140:Src/stm32f3xx_it.c **** 
 141:Src/stm32f3xx_it.c ****   /* USER CODE END SVCall_IRQn 0 */
 142:Src/stm32f3xx_it.c ****   /* USER CODE BEGIN SVCall_IRQn 1 */
 143:Src/stm32f3xx_it.c **** 
 144:Src/stm32f3xx_it.c ****   /* USER CODE END SVCall_IRQn 1 */
 145:Src/stm32f3xx_it.c **** }
 146:Src/stm32f3xx_it.c **** 
 147:Src/stm32f3xx_it.c **** /**
 148:Src/stm32f3xx_it.c **** * @brief This function handles Debug monitor.
 149:Src/stm32f3xx_it.c **** */
ARM GAS  /var/folders/hm/d3zjjmsn0l94vys0c33c49nh0000gn/T//cc970bHw.s 			page 6


 150:Src/stm32f3xx_it.c **** void DebugMon_Handler(void)
 151:Src/stm32f3xx_it.c **** {
 150              		.loc 1 151 0
 151              		.cfi_startproc
 152              		@ args = 0, pretend = 0, frame = 0
 153              		@ frame_needed = 0, uses_anonymous_args = 0
 154              		@ link register save eliminated.
 155 0000 7047     		bx	lr
 156              		.cfi_endproc
 157              	.LFE130:
 159              		.section	.text.PendSV_Handler,"ax",%progbits
 160              		.align	1
 161              		.global	PendSV_Handler
 162              		.syntax unified
 163              		.thumb
 164              		.thumb_func
 165              		.fpu fpv4-sp-d16
 167              	PendSV_Handler:
 168              	.LFB131:
 152:Src/stm32f3xx_it.c ****   /* USER CODE BEGIN DebugMonitor_IRQn 0 */
 153:Src/stm32f3xx_it.c **** 
 154:Src/stm32f3xx_it.c ****   /* USER CODE END DebugMonitor_IRQn 0 */
 155:Src/stm32f3xx_it.c ****   /* USER CODE BEGIN DebugMonitor_IRQn 1 */
 156:Src/stm32f3xx_it.c **** 
 157:Src/stm32f3xx_it.c ****   /* USER CODE END DebugMonitor_IRQn 1 */
 158:Src/stm32f3xx_it.c **** }
 159:Src/stm32f3xx_it.c **** 
 160:Src/stm32f3xx_it.c **** /**
 161:Src/stm32f3xx_it.c **** * @brief This function handles Pendable request for system service.
 162:Src/stm32f3xx_it.c **** */
 163:Src/stm32f3xx_it.c **** void PendSV_Handler(void)
 164:Src/stm32f3xx_it.c **** {
 169              		.loc 1 164 0
 170              		.cfi_startproc
 171              		@ args = 0, pretend = 0, frame = 0
 172              		@ frame_needed = 0, uses_anonymous_args = 0
 173              		@ link register save eliminated.
 174 0000 7047     		bx	lr
 175              		.cfi_endproc
 176              	.LFE131:
 178              		.section	.text.SysTick_Handler,"ax",%progbits
 179              		.align	1
 180              		.global	SysTick_Handler
 181              		.syntax unified
 182              		.thumb
 183              		.thumb_func
 184              		.fpu fpv4-sp-d16
 186              	SysTick_Handler:
 187              	.LFB132:
 165:Src/stm32f3xx_it.c ****   /* USER CODE BEGIN PendSV_IRQn 0 */
 166:Src/stm32f3xx_it.c **** 
 167:Src/stm32f3xx_it.c ****   /* USER CODE END PendSV_IRQn 0 */
 168:Src/stm32f3xx_it.c ****   /* USER CODE BEGIN PendSV_IRQn 1 */
 169:Src/stm32f3xx_it.c **** 
 170:Src/stm32f3xx_it.c ****   /* USER CODE END PendSV_IRQn 1 */
 171:Src/stm32f3xx_it.c **** }
 172:Src/stm32f3xx_it.c **** 
ARM GAS  /var/folders/hm/d3zjjmsn0l94vys0c33c49nh0000gn/T//cc970bHw.s 			page 7


 173:Src/stm32f3xx_it.c **** /**
 174:Src/stm32f3xx_it.c **** * @brief This function handles System tick timer.
 175:Src/stm32f3xx_it.c **** */
 176:Src/stm32f3xx_it.c **** void SysTick_Handler(void)
 177:Src/stm32f3xx_it.c **** {
 188              		.loc 1 177 0
 189              		.cfi_startproc
 190              		@ args = 0, pretend = 0, frame = 0
 191              		@ frame_needed = 0, uses_anonymous_args = 0
 192              		.loc 1 177 0
 193 0000 08B5     		push	{r3, lr}
 194              		.cfi_def_cfa_offset 8
 195              		.cfi_offset 3, -8
 196              		.cfi_offset 14, -4
 178:Src/stm32f3xx_it.c ****   /* USER CODE BEGIN SysTick_IRQn 0 */
 179:Src/stm32f3xx_it.c **** 
 180:Src/stm32f3xx_it.c ****   /* USER CODE END SysTick_IRQn 0 */
 181:Src/stm32f3xx_it.c ****   HAL_IncTick();
 197              		.loc 1 181 0
 198 0002 FFF7FEFF 		bl	HAL_IncTick
 199              	.LVL0:
 182:Src/stm32f3xx_it.c ****   HAL_SYSTICK_IRQHandler();
 200              		.loc 1 182 0
 201 0006 FFF7FEFF 		bl	HAL_SYSTICK_IRQHandler
 202              	.LVL1:
 203 000a 08BD     		pop	{r3, pc}
 204              		.cfi_endproc
 205              	.LFE132:
 207              		.section	.text.EXTI15_10_IRQHandler,"ax",%progbits
 208              		.align	1
 209              		.global	EXTI15_10_IRQHandler
 210              		.syntax unified
 211              		.thumb
 212              		.thumb_func
 213              		.fpu fpv4-sp-d16
 215              	EXTI15_10_IRQHandler:
 216              	.LFB133:
 183:Src/stm32f3xx_it.c ****   /* USER CODE BEGIN SysTick_IRQn 1 */
 184:Src/stm32f3xx_it.c **** 
 185:Src/stm32f3xx_it.c ****   /* USER CODE END SysTick_IRQn 1 */
 186:Src/stm32f3xx_it.c **** }
 187:Src/stm32f3xx_it.c **** 
 188:Src/stm32f3xx_it.c **** /******************************************************************************/
 189:Src/stm32f3xx_it.c **** /* STM32F3xx Peripheral Interrupt Handlers                                    */
 190:Src/stm32f3xx_it.c **** /* Add here the Interrupt Handlers for the used peripherals.                  */
 191:Src/stm32f3xx_it.c **** /* For the available peripheral interrupt handler names,                      */
 192:Src/stm32f3xx_it.c **** /* please refer to the startup file (startup_stm32f3xx.s).                    */
 193:Src/stm32f3xx_it.c **** /******************************************************************************/
 194:Src/stm32f3xx_it.c **** 
 195:Src/stm32f3xx_it.c **** /**
 196:Src/stm32f3xx_it.c **** * @brief This function handles EXTI line[15:10] interrupts.
 197:Src/stm32f3xx_it.c **** */
 198:Src/stm32f3xx_it.c **** void EXTI15_10_IRQHandler(void)
 199:Src/stm32f3xx_it.c **** {
 217              		.loc 1 199 0
 218              		.cfi_startproc
 219              		@ args = 0, pretend = 0, frame = 0
ARM GAS  /var/folders/hm/d3zjjmsn0l94vys0c33c49nh0000gn/T//cc970bHw.s 			page 8


 220              		@ frame_needed = 0, uses_anonymous_args = 0
 221 0000 08B5     		push	{r3, lr}
 222              		.cfi_def_cfa_offset 8
 223              		.cfi_offset 3, -8
 224              		.cfi_offset 14, -4
 200:Src/stm32f3xx_it.c ****   /* USER CODE BEGIN EXTI15_10_IRQn 0 */
 201:Src/stm32f3xx_it.c **** 
 202:Src/stm32f3xx_it.c ****   /* USER CODE END EXTI15_10_IRQn 0 */
 203:Src/stm32f3xx_it.c ****   HAL_GPIO_EXTI_IRQHandler(GPIO_PIN_11);
 225              		.loc 1 203 0
 226 0002 4FF40060 		mov	r0, #2048
 227 0006 FFF7FEFF 		bl	HAL_GPIO_EXTI_IRQHandler
 228              	.LVL2:
 204:Src/stm32f3xx_it.c ****   HAL_GPIO_EXTI_IRQHandler(GPIO_PIN_12);
 229              		.loc 1 204 0
 230 000a 4FF48050 		mov	r0, #4096
 231 000e FFF7FEFF 		bl	HAL_GPIO_EXTI_IRQHandler
 232              	.LVL3:
 233 0012 08BD     		pop	{r3, pc}
 234              		.cfi_endproc
 235              	.LFE133:
 237              		.section	.text.TIM6_DAC1_IRQHandler,"ax",%progbits
 238              		.align	1
 239              		.global	TIM6_DAC1_IRQHandler
 240              		.syntax unified
 241              		.thumb
 242              		.thumb_func
 243              		.fpu fpv4-sp-d16
 245              	TIM6_DAC1_IRQHandler:
 246              	.LFB134:
 205:Src/stm32f3xx_it.c ****   /* USER CODE BEGIN EXTI15_10_IRQn 1 */
 206:Src/stm32f3xx_it.c **** 
 207:Src/stm32f3xx_it.c ****   /* USER CODE END EXTI15_10_IRQn 1 */
 208:Src/stm32f3xx_it.c **** }
 209:Src/stm32f3xx_it.c **** 
 210:Src/stm32f3xx_it.c **** /**
 211:Src/stm32f3xx_it.c **** * @brief This function handles TIM6 global and DAC1 underrun error interrupts.
 212:Src/stm32f3xx_it.c **** */
 213:Src/stm32f3xx_it.c **** void TIM6_DAC1_IRQHandler(void)
 214:Src/stm32f3xx_it.c **** {
 247              		.loc 1 214 0
 248              		.cfi_startproc
 249              		@ args = 0, pretend = 0, frame = 0
 250              		@ frame_needed = 0, uses_anonymous_args = 0
 251 0000 08B5     		push	{r3, lr}
 252              		.cfi_def_cfa_offset 8
 253              		.cfi_offset 3, -8
 254              		.cfi_offset 14, -4
 215:Src/stm32f3xx_it.c ****   /* USER CODE BEGIN TIM6_DAC1_IRQn 0 */
 216:Src/stm32f3xx_it.c **** 
 217:Src/stm32f3xx_it.c ****   /* USER CODE END TIM6_DAC1_IRQn 0 */
 218:Src/stm32f3xx_it.c ****   HAL_TIM_IRQHandler(&htim6);
 255              		.loc 1 218 0
 256 0002 0248     		ldr	r0, .L19
 257 0004 FFF7FEFF 		bl	HAL_TIM_IRQHandler
 258              	.LVL4:
 259 0008 08BD     		pop	{r3, pc}
ARM GAS  /var/folders/hm/d3zjjmsn0l94vys0c33c49nh0000gn/T//cc970bHw.s 			page 9


 260              	.L20:
 261 000a 00BF     		.align	2
 262              	.L19:
 263 000c 00000000 		.word	htim6
 264              		.cfi_endproc
 265              	.LFE134:
 267              		.text
 268              	.Letext0:
 269              		.file 2 "/Users/babatatsuya/Applications/gcc-arm-none-eabi-6-2017-q1-update/arm-none-eabi/include/
 270              		.file 3 "/Users/babatatsuya/Applications/gcc-arm-none-eabi-6-2017-q1-update/arm-none-eabi/include/
 271              		.file 4 "Drivers/CMSIS/Include/core_cm4.h"
 272              		.file 5 "Drivers/CMSIS/Device/ST/STM32F3xx/Include/system_stm32f3xx.h"
 273              		.file 6 "Drivers/CMSIS/Device/ST/STM32F3xx/Include/stm32f303x8.h"
 274              		.file 7 "/Users/babatatsuya/Applications/gcc-arm-none-eabi-6-2017-q1-update/arm-none-eabi/include/
 275              		.file 8 "/Users/babatatsuya/Applications/gcc-arm-none-eabi-6-2017-q1-update/arm-none-eabi/include/
 276              		.file 9 "/Users/babatatsuya/Applications/gcc-arm-none-eabi-6-2017-q1-update/lib/gcc/arm-none-eabi/
 277              		.file 10 "/Users/babatatsuya/Applications/gcc-arm-none-eabi-6-2017-q1-update/arm-none-eabi/include
 278              		.file 11 "Drivers/STM32F3xx_HAL_Driver/Inc/stm32f3xx_hal_def.h"
 279              		.file 12 "Drivers/STM32F3xx_HAL_Driver/Inc/stm32f3xx_hal_dma.h"
 280              		.file 13 "Drivers/STM32F3xx_HAL_Driver/Inc/stm32f3xx_hal_tim.h"
 281              		.file 14 "Drivers/STM32F3xx_HAL_Driver/Inc/stm32f3xx_hal_gpio.h"
 282              		.file 15 "Drivers/STM32F3xx_HAL_Driver/Inc/stm32f3xx_hal.h"
 283              		.file 16 "Drivers/STM32F3xx_HAL_Driver/Inc/stm32f3xx_hal_cortex.h"
ARM GAS  /var/folders/hm/d3zjjmsn0l94vys0c33c49nh0000gn/T//cc970bHw.s 			page 10


DEFINED SYMBOLS
                            *ABS*:0000000000000000 stm32f3xx_it.c
/var/folders/hm/d3zjjmsn0l94vys0c33c49nh0000gn/T//cc970bHw.s:18     .text.NMI_Handler:0000000000000000 $t
/var/folders/hm/d3zjjmsn0l94vys0c33c49nh0000gn/T//cc970bHw.s:25     .text.NMI_Handler:0000000000000000 NMI_Handler
/var/folders/hm/d3zjjmsn0l94vys0c33c49nh0000gn/T//cc970bHw.s:38     .text.HardFault_Handler:0000000000000000 $t
/var/folders/hm/d3zjjmsn0l94vys0c33c49nh0000gn/T//cc970bHw.s:45     .text.HardFault_Handler:0000000000000000 HardFault_Handler
/var/folders/hm/d3zjjmsn0l94vys0c33c49nh0000gn/T//cc970bHw.s:59     .text.MemManage_Handler:0000000000000000 $t
/var/folders/hm/d3zjjmsn0l94vys0c33c49nh0000gn/T//cc970bHw.s:66     .text.MemManage_Handler:0000000000000000 MemManage_Handler
/var/folders/hm/d3zjjmsn0l94vys0c33c49nh0000gn/T//cc970bHw.s:80     .text.BusFault_Handler:0000000000000000 $t
/var/folders/hm/d3zjjmsn0l94vys0c33c49nh0000gn/T//cc970bHw.s:87     .text.BusFault_Handler:0000000000000000 BusFault_Handler
/var/folders/hm/d3zjjmsn0l94vys0c33c49nh0000gn/T//cc970bHw.s:101    .text.UsageFault_Handler:0000000000000000 $t
/var/folders/hm/d3zjjmsn0l94vys0c33c49nh0000gn/T//cc970bHw.s:108    .text.UsageFault_Handler:0000000000000000 UsageFault_Handler
/var/folders/hm/d3zjjmsn0l94vys0c33c49nh0000gn/T//cc970bHw.s:122    .text.SVC_Handler:0000000000000000 $t
/var/folders/hm/d3zjjmsn0l94vys0c33c49nh0000gn/T//cc970bHw.s:129    .text.SVC_Handler:0000000000000000 SVC_Handler
/var/folders/hm/d3zjjmsn0l94vys0c33c49nh0000gn/T//cc970bHw.s:141    .text.DebugMon_Handler:0000000000000000 $t
/var/folders/hm/d3zjjmsn0l94vys0c33c49nh0000gn/T//cc970bHw.s:148    .text.DebugMon_Handler:0000000000000000 DebugMon_Handler
/var/folders/hm/d3zjjmsn0l94vys0c33c49nh0000gn/T//cc970bHw.s:160    .text.PendSV_Handler:0000000000000000 $t
/var/folders/hm/d3zjjmsn0l94vys0c33c49nh0000gn/T//cc970bHw.s:167    .text.PendSV_Handler:0000000000000000 PendSV_Handler
/var/folders/hm/d3zjjmsn0l94vys0c33c49nh0000gn/T//cc970bHw.s:179    .text.SysTick_Handler:0000000000000000 $t
/var/folders/hm/d3zjjmsn0l94vys0c33c49nh0000gn/T//cc970bHw.s:186    .text.SysTick_Handler:0000000000000000 SysTick_Handler
/var/folders/hm/d3zjjmsn0l94vys0c33c49nh0000gn/T//cc970bHw.s:208    .text.EXTI15_10_IRQHandler:0000000000000000 $t
/var/folders/hm/d3zjjmsn0l94vys0c33c49nh0000gn/T//cc970bHw.s:215    .text.EXTI15_10_IRQHandler:0000000000000000 EXTI15_10_IRQHandler
/var/folders/hm/d3zjjmsn0l94vys0c33c49nh0000gn/T//cc970bHw.s:238    .text.TIM6_DAC1_IRQHandler:0000000000000000 $t
/var/folders/hm/d3zjjmsn0l94vys0c33c49nh0000gn/T//cc970bHw.s:245    .text.TIM6_DAC1_IRQHandler:0000000000000000 TIM6_DAC1_IRQHandler
/var/folders/hm/d3zjjmsn0l94vys0c33c49nh0000gn/T//cc970bHw.s:263    .text.TIM6_DAC1_IRQHandler:000000000000000c $d
                     .debug_frame:0000000000000010 $d

UNDEFINED SYMBOLS
HAL_IncTick
HAL_SYSTICK_IRQHandler
HAL_GPIO_EXTI_IRQHandler
HAL_TIM_IRQHandler
htim6
